Using pre-set license
Built from '2021.3/staging' branch; Version is '2021.3.19f1 (c9714fde33b6) revision 13201743'; Using compiler version '192829333'; Build Type 'Release'
OS: 'Windows 10  (10.0.19045) 64bit Professional' Language: 'en' Physical Memory: 16330 MB
BatchMode: 1, IsHumanControllingUs: 0, StartBugReporterOnCrash: 0, Is64bit: 1, IsPro: 1

COMMAND LINE ARGUMENTS:
C:\Program Files\Unity\Hub\Editor\2021.3.19f1\Editor\Unity.exe
-adb2
-batchMode
-noUpm
-name
AssetImportWorker6
-projectPath
C:/Users/dogac/Documents/corrupta
-logFile
Logs/AssetImportWorker6.log
-srvPort
50113
Successfully changed project path to: C:/Users/dogac/Documents/corrupta
C:/Users/dogac/Documents/corrupta
[UnityMemory] Configuration Parameters - Can be set up in boot.config
    "memorysetup-bucket-allocator-granularity=16"
    "memorysetup-bucket-allocator-bucket-count=8"
    "memorysetup-bucket-allocator-block-size=33554432"
    "memorysetup-bucket-allocator-block-count=8"
    "memorysetup-main-allocator-block-size=16777216"
    "memorysetup-thread-allocator-block-size=16777216"
    "memorysetup-gfx-main-allocator-block-size=16777216"
    "memorysetup-gfx-thread-allocator-block-size=16777216"
    "memorysetup-cache-allocator-block-size=4194304"
    "memorysetup-typetree-allocator-block-size=2097152"
    "memorysetup-profiler-bucket-allocator-granularity=16"
    "memorysetup-profiler-bucket-allocator-bucket-count=8"
    "memorysetup-profiler-bucket-allocator-block-size=33554432"
    "memorysetup-profiler-bucket-allocator-block-count=8"
    "memorysetup-profiler-allocator-block-size=16777216"
    "memorysetup-profiler-editor-allocator-block-size=1048576"
    "memorysetup-temp-allocator-size-main=16777216"
    "memorysetup-job-temp-allocator-block-size=2097152"
    "memorysetup-job-temp-allocator-block-size-background=1048576"
    "memorysetup-job-temp-allocator-reduction-small-platforms=262144"
    "memorysetup-temp-allocator-size-background-worker=32768"
    "memorysetup-temp-allocator-size-job-worker=262144"
    "memorysetup-temp-allocator-size-preload-manager=33554432"
    "memorysetup-temp-allocator-size-nav-mesh-worker=65536"
    "memorysetup-temp-allocator-size-audio-worker=65536"
    "memorysetup-temp-allocator-size-cloud-worker=32768"
    "memorysetup-temp-allocator-size-gi-baking-worker=262144"
    "memorysetup-temp-allocator-size-gfx=262144"
Player connection [7004] Host "[IP] 192.168.56.1 [Port] 0 [Flags] 2 [Guid] 1326748591 [EditorId] 1326748591 [Version] 1048832 [Id] WindowsEditor(7,DESKTOP-K4QII4S) [Debug] 1 [PackageName] WindowsEditor [ProjectName] Editor" joined multi-casting on [225.0.0.222:54997]...

Player connection [7004] Host "[IP] 192.168.56.1 [Port] 0 [Flags] 2 [Guid] 1326748591 [EditorId] 1326748591 [Version] 1048832 [Id] WindowsEditor(7,DESKTOP-K4QII4S) [Debug] 1 [PackageName] WindowsEditor [ProjectName] Editor" joined alternative multi-casting on [225.0.0.222:34997]...

Refreshing native plugins compatible for Editor in 100.18 ms, found 2 plugins.
Preloading 0 native plugins for Editor in 0.00 ms.
Initialize engine version: 2021.3.19f1 (c9714fde33b6)
[Subsystems] Discovering subsystems at path C:/Program Files/Unity/Hub/Editor/2021.3.19f1/Editor/Data/Resources/UnitySubsystems
[Subsystems] Discovering subsystems at path C:/Users/dogac/Documents/corrupta/Assets
GfxDevice: creating device client; threaded=0; jobified=0
Direct3D:
    Version:  Direct3D 11.0 [level 11.1]
    Renderer: NVIDIA GeForce RTX 3060 (ID=0x2504)
    Vendor:   NVIDIA
    VRAM:     12129 MB
    Driver:   31.0.15.3623
Initialize mono
Mono path[0] = 'C:/Program Files/Unity/Hub/Editor/2021.3.19f1/Editor/Data/Managed'
Mono path[1] = 'C:/Program Files/Unity/Hub/Editor/2021.3.19f1/Editor/Data/MonoBleedingEdge/lib/mono/unityjit-win32'
Mono config path = 'C:/Program Files/Unity/Hub/Editor/2021.3.19f1/Editor/Data/MonoBleedingEdge/etc'
Using monoOptions --debugger-agent=transport=dt_socket,embedding=1,server=y,suspend=n,address=127.0.0.1:56248
Begin MonoManager ReloadAssembly
Registering precompiled unity dll's ...
Register platform support module: C:/Program Files/Unity/Hub/Editor/2021.3.19f1/Editor/Data/PlaybackEngines/AndroidPlayer/UnityEditor.Android.Extensions.dll
Register platform support module: C:/Program Files/Unity/Hub/Editor/2021.3.19f1/Editor/Data/PlaybackEngines/iOSSupport/UnityEditor.iOS.Extensions.dll
Register platform support module: C:/Program Files/Unity/Hub/Editor/2021.3.19f1/Editor/Data/PlaybackEngines/WindowsStandaloneSupport/UnityEditor.WindowsStandalone.Extensions.dll
Register platform support module: C:/Program Files/Unity/Hub/Editor/2021.3.19f1/Editor/Data/PlaybackEngines/MetroSupport/UnityEditor.UWP.Extensions.dll
Registered in 0.029184 seconds.
Native extension for UWP target not found
Native extension for WindowsStandalone target not found
[usbmuxd] Start listen thread
[usbmuxd] Listen thread started
Native extension for iOS target not found
Native extension for Android target not found
Android Extension - Scanning For ADB Devices 235 ms
Refreshing native plugins compatible for Editor in 69.86 ms, found 2 plugins.
Preloading 0 native plugins for Editor in 0.00 ms.
Mono: successfully reloaded assembly
- Completed reload, in  0.860 seconds
Domain Reload Profiling:
	ReloadAssembly (861ms)
		BeginReloadAssembly (100ms)
			ExecutionOrderSort (0ms)
			DisableScriptedObjects (0ms)
			BackupInstance (0ms)
			ReleaseScriptingObjects (0ms)
			CreateAndSetChildDomain (1ms)
		EndReloadAssembly (630ms)
			LoadAssemblies (96ms)
			RebuildTransferFunctionScriptingTraits (0ms)
			SetupTypeCache (83ms)
			ReleaseScriptCaches (0ms)
			RebuildScriptCaches (21ms)
			SetupLoadedEditorAssemblies (471ms)
				LogAssemblyErrors (0ms)
				InitializePlatformSupportModulesInManaged (305ms)
				SetLoadedEditorAssemblies (0ms)
				RefreshPlugins (70ms)
				BeforeProcessingInitializeOnLoad (1ms)
				ProcessInitializeOnLoadAttributes (65ms)
				ProcessInitializeOnLoadMethodAttributes (30ms)
				AfterProcessingInitializeOnLoad (0ms)
				EditorAssembliesLoaded (0ms)
			ExecutionOrderSort2 (0ms)
			AwakeInstancesAfterBackupRestoration (0ms)
Platform modules already initialized, skipping
Registering precompiled user dll's ...
Registered in 0.012679 seconds.
Begin MonoManager ReloadAssembly
Native extension for UWP target not found
Native extension for WindowsStandalone target not found
Native extension for iOS target not found
Native extension for Android target not found
Refreshing native plugins compatible for Editor in 69.51 ms, found 2 plugins.
Preloading 0 native plugins for Editor in 0.00 ms.
Mono: successfully reloaded assembly
- Completed reload, in  1.145 seconds
Domain Reload Profiling:
	ReloadAssembly (1145ms)
		BeginReloadAssembly (119ms)
			ExecutionOrderSort (0ms)
			DisableScriptedObjects (4ms)
			BackupInstance (0ms)
			ReleaseScriptingObjects (0ms)
			CreateAndSetChildDomain (17ms)
		EndReloadAssembly (911ms)
			LoadAssemblies (126ms)
			RebuildTransferFunctionScriptingTraits (0ms)
			SetupTypeCache (172ms)
			ReleaseScriptCaches (1ms)
			RebuildScriptCaches (41ms)
			SetupLoadedEditorAssemblies (546ms)
				LogAssemblyErrors (0ms)
				InitializePlatformSupportModulesInManaged (34ms)
				SetLoadedEditorAssemblies (0ms)
				RefreshPlugins (70ms)
				BeforeProcessingInitializeOnLoad (126ms)
				ProcessInitializeOnLoadAttributes (171ms)
				ProcessInitializeOnLoadMethodAttributes (123ms)
				AfterProcessingInitializeOnLoad (21ms)
				EditorAssembliesLoaded (0ms)
			ExecutionOrderSort2 (0ms)
			AwakeInstancesAfterBackupRestoration (5ms)
Platform modules already initialized, skipping
========================================================================
Worker process is ready to serve import requests
Launched and connected shader compiler UnityShaderCompiler.exe after 0.04 seconds
Refreshing native plugins compatible for Editor in 0.95 ms, found 2 plugins.
Preloading 0 native plugins for Editor in 0.00 ms.
Unloading 4204 Unused Serialized files (Serialized files now loaded: 0)
Unloading 70 unused Assets / (0.7 MB). Loaded Objects now: 4636.
Memory consumption went from 183.0 MB to 182.3 MB.
Total: 6.440300 ms (FindLiveObjects: 0.291100 ms CreateObjectMapping: 0.170300 ms MarkObjects: 5.684600 ms  DeleteObjects: 0.293600 ms)

AssetImportParameters requested are different than current active one (requested -> active):
  custom:video-decoder-ogg-theora: a1e56fd34408186e4bbccfd4996cb3dc -> 
  custom:container-muxer-webm: aa71ff27fc2769a1b78a27578f13a17b -> 
  custom:container-demuxer-webm: 4f35f7cbe854078d1ac9338744f61a02 -> 
  custom:video-encoder-webm-vp8: eb34c28f22e8b96e1ab97ce403110664 -> 
  custom:audio-encoder-webm-vorbis: bf7c407c2cedff20999df2af8eb42d56 -> 
  custom:framework-win-MediaFoundation: 216162199b28c13a410421893ffa2e32 -> 
  custom:SearchIndexIgnoredProperties: e643bd26f0fe6173181afceb89e7c659 -> 
  custom:container-demuxer-ogg: 62fdf1f143b41e24485cea50d1cbac27 -> 
  custom:video-decoder-webm-vp8: 9c59270c3fd7afecdb556c50c9e8de78 -> 
  custom:audio-decoder-ogg-vorbis: bf7c407c2cedff20999df2af8eb42d56 -> 
========================================================================
Received Import Request.
  Time since last request: 1457589.861402 seconds.
  path: Assets/Plugins/Easy performant outline/Demo/Models for Demo scene/Free 2D Demo Character sprite sheet/Sprite sheet/_0001_Death-hero01_002.png.png
  artifactKey: Guid(93e79b346ab1b1f468151d0f9e934e1c) Importer(815301076,1909f56bfc062723c751e8b465ee728b)
Start importing Assets/Plugins/Easy performant outline/Demo/Models for Demo scene/Free 2D Demo Character sprite sheet/Sprite sheet/_0001_Death-hero01_002.png.png using Guid(93e79b346ab1b1f468151d0f9e934e1c) Importer(815301076,1909f56bfc062723c751e8b465ee728b)  -> (artifact id: 'bb4a47087dd6d1230fa56f63d749f508') in 0.126409 seconds 
========================================================================
Received Import Request.
  Time since last request: 0.000020 seconds.
  path: Assets/Plugins/Easy performant outline/Demo/Models for Demo scene/Free 2D Demo Character sprite sheet/Sprite sheet/_0013_Idle-hero01_005.png.png
  artifactKey: Guid(e14fb8ff893cef141bda873dd21049d4) Importer(815301076,1909f56bfc062723c751e8b465ee728b)
Start importing Assets/Plugins/Easy performant outline/Demo/Models for Demo scene/Free 2D Demo Character sprite sheet/Sprite sheet/_0013_Idle-hero01_005.png.png using Guid(e14fb8ff893cef141bda873dd21049d4) Importer(815301076,1909f56bfc062723c751e8b465ee728b)  -> (artifact id: '33dbe6219b78a3493aadf39ce39969ab') in 0.019183 seconds 
========================================================================
Received Import Request.
  Time since last request: 0.000026 seconds.
  path: Assets/Plugins/Easy performant outline/Demo/Models for Demo scene/Free 2D Demo Character sprite sheet/Sprite sheet/_0017_Idle-hero01_009.png.png
  artifactKey: Guid(872f7d64c4cef7148bc8771281480d5f) Importer(815301076,1909f56bfc062723c751e8b465ee728b)
Start importing Assets/Plugins/Easy performant outline/Demo/Models for Demo scene/Free 2D Demo Character sprite sheet/Sprite sheet/_0017_Idle-hero01_009.png.png using Guid(872f7d64c4cef7148bc8771281480d5f) Importer(815301076,1909f56bfc062723c751e8b465ee728b)  -> (artifact id: 'daf9d9bdd7cec1fef37335c02116c0b9') in 0.015747 seconds 
========================================================================
Received Import Request.
  Time since last request: 0.000023 seconds.
  path: Assets/Plugins/Easy performant outline/Demo/Models for Demo scene/Free 2D Demo Character sprite sheet/Sprite sheet/_0024_Jump-hero01_004.png.png
  artifactKey: Guid(eb78529d36b8b5542b131d82b0af1add) Importer(815301076,1909f56bfc062723c751e8b465ee728b)
Start importing Assets/Plugins/Easy performant outline/Demo/Models for Demo scene/Free 2D Demo Character sprite sheet/Sprite sheet/_0024_Jump-hero01_004.png.png using Guid(eb78529d36b8b5542b131d82b0af1add) Importer(815301076,1909f56bfc062723c751e8b465ee728b)  -> (artifact id: 'b808c308cb4e1cb8aba85276a63b15ba') in 0.016587 seconds 
========================================================================
Received Import Request.
  Time since last request: 0.000015 seconds.
  path: Assets/Plugins/Easy performant outline/Demo/Models for Demo scene/Free 2D Demo Character sprite sheet/Sprite sheet/_0031_Run-hero01_002.png.png
  artifactKey: Guid(68c06d8eb3112bd4f816c33ec6981fd8) Importer(815301076,1909f56bfc062723c751e8b465ee728b)
Start importing Assets/Plugins/Easy performant outline/Demo/Models for Demo scene/Free 2D Demo Character sprite sheet/Sprite sheet/_0031_Run-hero01_002.png.png using Guid(68c06d8eb3112bd4f816c33ec6981fd8) Importer(815301076,1909f56bfc062723c751e8b465ee728b)  -> (artifact id: '2df66dc61a7e482a2ae62c5cdbeacdd4') in 0.015046 seconds 
========================================================================
Received Import Request.
  Time since last request: 0.000019 seconds.
  path: Assets/Plugins/Easy performant outline/Demo/Models for Demo scene/Free 2D Demo Character sprite sheet/Sprite sheet/_0008_Death-hero01_009.png.png
  artifactKey: Guid(fd228208198992449b8808986503725e) Importer(815301076,1909f56bfc062723c751e8b465ee728b)
Start importing Assets/Plugins/Easy performant outline/Demo/Models for Demo scene/Free 2D Demo Character sprite sheet/Sprite sheet/_0008_Death-hero01_009.png.png using Guid(fd228208198992449b8808986503725e) Importer(815301076,1909f56bfc062723c751e8b465ee728b)  -> (artifact id: '08b2dacb6171091305af54106d2ce22e') in 0.014581 seconds 
========================================================================
Received Import Request.
  Time since last request: 0.000019 seconds.
  path: Assets/Plugins/Easy performant outline/Demo/Models for Demo scene/Free 2D Demo Character sprite sheet/Sprite sheet/_0002_Death-hero01_003.png.png
  artifactKey: Guid(b3c04a5271807c640a03f3fb5ae786d8) Importer(815301076,1909f56bfc062723c751e8b465ee728b)
Start importing Assets/Plugins/Easy performant outline/Demo/Models for Demo scene/Free 2D Demo Character sprite sheet/Sprite sheet/_0002_Death-hero01_003.png.png using Guid(b3c04a5271807c640a03f3fb5ae786d8) Importer(815301076,1909f56bfc062723c751e8b465ee728b)  -> (artifact id: 'f3d069a7a1feb7683983d8b9f3f2d029') in 0.015620 seconds 
========================================================================
Received Import Request.
  Time since last request: 0.000018 seconds.
  path: Assets/Plugins/Easy performant outline/Demo/Models for Demo scene/Free 2D Demo Character sprite sheet/Sprite sheet/_0027_Jump-hero01_007.png.png
  artifactKey: Guid(6cf8f8310a7d78c4f82dbfcf7a751722) Importer(815301076,1909f56bfc062723c751e8b465ee728b)
Start importing Assets/Plugins/Easy performant outline/Demo/Models for Demo scene/Free 2D Demo Character sprite sheet/Sprite sheet/_0027_Jump-hero01_007.png.png using Guid(6cf8f8310a7d78c4f82dbfcf7a751722) Importer(815301076,1909f56bfc062723c751e8b465ee728b)  -> (artifact id: '0fe365fdf8055e1dd47333d7b1ecb556') in 0.016175 seconds 
========================================================================
Received Import Request.
  Time since last request: 0.000014 seconds.
  path: Assets/Plugins/Easy performant outline/Demo/Models for Demo scene/Free 2D Demo Character sprite sheet/Sprite sheet/_0023_Jump-hero01_003.png.png
  artifactKey: Guid(aa46273beaf9b754796fd5b406354759) Importer(815301076,1909f56bfc062723c751e8b465ee728b)
Start importing Assets/Plugins/Easy performant outline/Demo/Models for Demo scene/Free 2D Demo Character sprite sheet/Sprite sheet/_0023_Jump-hero01_003.png.png using Guid(aa46273beaf9b754796fd5b406354759) Importer(815301076,1909f56bfc062723c751e8b465ee728b)  -> (artifact id: '45c22d752b42eb9dc94c417906abaf52') in 0.015462 seconds 
========================================================================
Received Import Request.
  Time since last request: 0.000013 seconds.
  path: Assets/Plugins/Easy performant outline/Demo/Models for Demo scene/Free 2D Demo Character sprite sheet/Sprite sheet/_0026_Jump-hero01_006.png.png
  artifactKey: Guid(7503f95eb2921744da9462c8cfdcd1f0) Importer(815301076,1909f56bfc062723c751e8b465ee728b)
Start importing Assets/Plugins/Easy performant outline/Demo/Models for Demo scene/Free 2D Demo Character sprite sheet/Sprite sheet/_0026_Jump-hero01_006.png.png using Guid(7503f95eb2921744da9462c8cfdcd1f0) Importer(815301076,1909f56bfc062723c751e8b465ee728b)  -> (artifact id: '278d972ec480f1ee9c85aab1c15c2711') in 0.017562 seconds 
========================================================================
Received Import Request.
  Time since last request: 0.000016 seconds.
  path: Assets/Plugins/Easy performant outline/Demo/Models for Demo scene/Free 2D Demo Character sprite sheet/Sprite sheet/_0018_Idle-hero01_010.png.png
  artifactKey: Guid(80bf18bf3247e6d44a902d101e62a02c) Importer(815301076,1909f56bfc062723c751e8b465ee728b)
Start importing Assets/Plugins/Easy performant outline/Demo/Models for Demo scene/Free 2D Demo Character sprite sheet/Sprite sheet/_0018_Idle-hero01_010.png.png using Guid(80bf18bf3247e6d44a902d101e62a02c) Importer(815301076,1909f56bfc062723c751e8b465ee728b)  -> (artifact id: '5090a1c4b36f00e5a636dae42e388b12') in 0.015455 seconds 
========================================================================
Received Import Request.
  Time since last request: 0.000015 seconds.
  path: Assets/Plugins/Easy performant outline/Demo/Models for Demo scene/Free 2D Demo Character sprite sheet/Sprite sheet/_0030_Run-hero01_001.png.png
  artifactKey: Guid(39e6967630aff0047aabc14c533e713d) Importer(815301076,1909f56bfc062723c751e8b465ee728b)
Start importing Assets/Plugins/Easy performant outline/Demo/Models for Demo scene/Free 2D Demo Character sprite sheet/Sprite sheet/_0030_Run-hero01_001.png.png using Guid(39e6967630aff0047aabc14c533e713d) Importer(815301076,1909f56bfc062723c751e8b465ee728b)  -> (artifact id: '33d29928ec3a19f15f9d23ab7f5bdf16') in 0.015895 seconds 
========================================================================
Received Import Request.
  Time since last request: 0.000019 seconds.
  path: Assets/Plugins/Easy performant outline/Demo/Models for Demo scene/Free 2D Demo Character sprite sheet/Sprite sheet/_0011_Idle-hero01_003.png.png
  artifactKey: Guid(ae404e0d95d797144b496b0dcb9e012e) Importer(815301076,1909f56bfc062723c751e8b465ee728b)
Start importing Assets/Plugins/Easy performant outline/Demo/Models for Demo scene/Free 2D Demo Character sprite sheet/Sprite sheet/_0011_Idle-hero01_003.png.png using Guid(ae404e0d95d797144b496b0dcb9e012e) Importer(815301076,1909f56bfc062723c751e8b465ee728b)  -> (artifact id: '497bf5516149e048ed4b70289533f879') in 0.016701 seconds 
========================================================================
Received Import Request.
  Time since last request: 0.000021 seconds.
  path: Assets/Plugins/Easy performant outline/Demo/Models for Demo scene/Free 2D Demo Character sprite sheet/Sprite sheet/_0015_Idle-hero01_007.png.png
  artifactKey: Guid(2479ea279bd3abd4d9f8c0cf87a60c3f) Importer(815301076,1909f56bfc062723c751e8b465ee728b)
Start importing Assets/Plugins/Easy performant outline/Demo/Models for Demo scene/Free 2D Demo Character sprite sheet/Sprite sheet/_0015_Idle-hero01_007.png.png using Guid(2479ea279bd3abd4d9f8c0cf87a60c3f) Importer(815301076,1909f56bfc062723c751e8b465ee728b)  -> (artifact id: '77ef4997dabf3add8f2918f13a8fa910') in 0.017955 seconds 
========================================================================
Received Import Request.
  Time since last request: 0.000023 seconds.
  path: Assets/Plugins/Easy performant outline/Demo/Models for Demo scene/Free 2D Demo Character sprite sheet/Sprite sheet/_0020_Idle-hero01_012.png.png
  artifactKey: Guid(15088532d7aa5864dad4cf48eebe22ad) Importer(815301076,1909f56bfc062723c751e8b465ee728b)
Start importing Assets/Plugins/Easy performant outline/Demo/Models for Demo scene/Free 2D Demo Character sprite sheet/Sprite sheet/_0020_Idle-hero01_012.png.png using Guid(15088532d7aa5864dad4cf48eebe22ad) Importer(815301076,1909f56bfc062723c751e8b465ee728b)  -> (artifact id: '7e6713eb1432dbac1610b88e15392d07') in 0.015329 seconds 
========================================================================
Received Import Request.
  Time since last request: 0.374971 seconds.
  path: Packages/com.unity.textmeshpro/Editor Resources/Textures/btn_AlignBottom.psd
  artifactKey: Guid(ca51b19024094d1b87f3e07edb0a75fb) Importer(815301076,1909f56bfc062723c751e8b465ee728b)
Start importing Packages/com.unity.textmeshpro/Editor Resources/Textures/btn_AlignBottom.psd using Guid(ca51b19024094d1b87f3e07edb0a75fb) Importer(815301076,1909f56bfc062723c751e8b465ee728b)  -> (artifact id: '6c10f7f9c2269256d72b215a7904e6e0') in 0.013803 seconds 
========================================================================
Received Import Request.
  Time since last request: 0.000021 seconds.
  path: Packages/com.unity.collab-proxy/Editor/PlasticSCM/Assets/Images/d_cloudbuhochristmas.png
  artifactKey: Guid(70632ddfe8e71b04b8f90ef7e29a9e98) Importer(815301076,1909f56bfc062723c751e8b465ee728b)
Start importing Packages/com.unity.collab-proxy/Editor/PlasticSCM/Assets/Images/d_cloudbuhochristmas.png using Guid(70632ddfe8e71b04b8f90ef7e29a9e98) Importer(815301076,1909f56bfc062723c751e8b465ee728b)  -> (artifact id: 'a32dbf083a272774d5dec017045feb0d') in 0.019428 seconds 
========================================================================
Received Import Request.
  Time since last request: 0.000025 seconds.
  path: Packages/com.unity.textmeshpro/Editor Resources/Textures/btn_AlignMidline_Light.psd
  artifactKey: Guid(bb42b2d967d6427983c901a4ffc8ecd9) Importer(815301076,1909f56bfc062723c751e8b465ee728b)
Start importing Packages/com.unity.textmeshpro/Editor Resources/Textures/btn_AlignMidline_Light.psd using Guid(bb42b2d967d6427983c901a4ffc8ecd9) Importer(815301076,1909f56bfc062723c751e8b465ee728b)  -> (artifact id: '1f2258dc5fb77e8eb1cb84f127b9b24b') in 0.011100 seconds 
========================================================================
Received Import Request.
  Time since last request: 0.000016 seconds.
  path: Packages/com.unity.collab-proxy/Editor/PlasticSCM/Assets/Images/d_expertbuhoshechristmas.png
  artifactKey: Guid(372e7b39fc8f34549ac25d8757965a2c) Importer(815301076,1909f56bfc062723c751e8b465ee728b)
Start importing Packages/com.unity.collab-proxy/Editor/PlasticSCM/Assets/Images/d_expertbuhoshechristmas.png using Guid(372e7b39fc8f34549ac25d8757965a2c) Importer(815301076,1909f56bfc062723c751e8b465ee728b)  -> (artifact id: '017420e77d675f66bef9cce24a6e0b9a') in 0.017662 seconds 
========================================================================
Received Import Request.
  Time since last request: 0.000025 seconds.
  path: Assets/Plugins/Easy performant outline/Demo/Models for Demo scene/BitGem/Police_Officer_SC/Textures/cop_blue_metal_unity.tga
  artifactKey: Guid(934d9276fc3644b739c3c633dfbe73d6) Importer(815301076,1909f56bfc062723c751e8b465ee728b)
Start importing Assets/Plugins/Easy performant outline/Demo/Models for Demo scene/BitGem/Police_Officer_SC/Textures/cop_blue_metal_unity.tga using Guid(934d9276fc3644b739c3c633dfbe73d6) Importer(815301076,1909f56bfc062723c751e8b465ee728b)  -> (artifact id: '9a291cee03e35c958d25daf50643487d') in 0.015458 seconds 
========================================================================
Received Import Request.
  Time since last request: 0.000017 seconds.
  path: Assets/40+ Simple Icons - Free/CheckMark_Simple_Icons_UI.png
  artifactKey: Guid(5d3b4a7c76397eb47bbc59d2bf7a029b) Importer(815301076,1909f56bfc062723c751e8b465ee728b)
Start importing Assets/40+ Simple Icons - Free/CheckMark_Simple_Icons_UI.png using Guid(5d3b4a7c76397eb47bbc59d2bf7a029b) Importer(815301076,1909f56bfc062723c751e8b465ee728b)  -> (artifact id: 'c2662fe7a21b2e348ced3c2ffa937f38') in 0.015936 seconds 
========================================================================
Received Import Request.
  Time since last request: 0.000017 seconds.
  path: Assets/40+ Simple Icons - Free/Cross_Simple_Icons_UI.png
  artifactKey: Guid(5a439fff18a35334ca3d76dc7446532d) Importer(815301076,1909f56bfc062723c751e8b465ee728b)
Start importing Assets/40+ Simple Icons - Free/Cross_Simple_Icons_UI.png using Guid(5a439fff18a35334ca3d76dc7446532d) Importer(815301076,1909f56bfc062723c751e8b465ee728b)  -> (artifact id: '326d26f2a643a8d760c6adfef0904baa') in 0.016072 seconds 
========================================================================
Received Import Request.
  Time since last request: 0.000016 seconds.
  path: Packages/com.unity.collab-proxy/Editor/PlasticSCM/Assets/Images/d_colorbuhoshechristmas.png
  artifactKey: Guid(ec03f79379868c642b48ae5ddc821b6d) Importer(815301076,1909f56bfc062723c751e8b465ee728b)
Start importing Packages/com.unity.collab-proxy/Editor/PlasticSCM/Assets/Images/d_colorbuhoshechristmas.png using Guid(ec03f79379868c642b48ae5ddc821b6d) Importer(815301076,1909f56bfc062723c751e8b465ee728b)  -> (artifact id: '0df5616f50d3a48f48e113e7581bceea') in 0.016478 seconds 
========================================================================
Received Import Request.
  Time since last request: 0.000018 seconds.
  path: Packages/com.unity.collab-proxy/Editor/PlasticSCM/Assets/Images/d_colorbuhochristmas.png
  artifactKey: Guid(fd098fb4cf57bad419701c802e442b7e) Importer(815301076,1909f56bfc062723c751e8b465ee728b)
Start importing Packages/com.unity.collab-proxy/Editor/PlasticSCM/Assets/Images/d_colorbuhochristmas.png using Guid(fd098fb4cf57bad419701c802e442b7e) Importer(815301076,1909f56bfc062723c751e8b465ee728b)  -> (artifact id: '7bee141b64ca0c6750df327f6b14c43b') in 0.018395 seconds 
========================================================================
Received Import Request.
  Time since last request: 0.000016 seconds.
  path: Packages/com.unity.collab-proxy/Editor/PlasticSCM/Assets/Images/d_buttonssosigninemail@2x.png
  artifactKey: Guid(144aa74618b85974a9a50f612c2fa8fd) Importer(815301076,1909f56bfc062723c751e8b465ee728b)
Start importing Packages/com.unity.collab-proxy/Editor/PlasticSCM/Assets/Images/d_buttonssosigninemail@2x.png using Guid(144aa74618b85974a9a50f612c2fa8fd) Importer(815301076,1909f56bfc062723c751e8b465ee728b)  -> (artifact id: '06266cc9add0237a4fd0b477034116b1') in 0.013438 seconds 
========================================================================
Received Import Request.
  Time since last request: 0.000021 seconds.
  path: Packages/com.unity.collab-proxy/Editor/PlasticSCM/Assets/Images/d_expertbuhochristmas.png
  artifactKey: Guid(c887ed2a931c29040bc544cd8c546e9f) Importer(815301076,1909f56bfc062723c751e8b465ee728b)
Start importing Packages/com.unity.collab-proxy/Editor/PlasticSCM/Assets/Images/d_expertbuhochristmas.png using Guid(c887ed2a931c29040bc544cd8c546e9f) Importer(815301076,1909f56bfc062723c751e8b465ee728b)  -> (artifact id: '0c11200cf1657d8ec3494f714fc97d6c') in 0.016633 seconds 
========================================================================
Received Import Request.
  Time since last request: 0.228121 seconds.
  path: Packages/com.unity.collab-proxy/Editor/PlasticSCM/Assets/Images/d_genericbuhochristmas2.png
  artifactKey: Guid(5955491dc8dcecb4a993d9a008cf65a7) Importer(815301076,1909f56bfc062723c751e8b465ee728b)
Start importing Packages/com.unity.collab-proxy/Editor/PlasticSCM/Assets/Images/d_genericbuhochristmas2.png using Guid(5955491dc8dcecb4a993d9a008cf65a7) Importer(815301076,1909f56bfc062723c751e8b465ee728b)  -> (artifact id: '847b424778b0c72052b9aa600c80d4fd') in 0.016258 seconds 
========================================================================
Received Import Request.
  Time since last request: 0.000020 seconds.
  path: Packages/com.unity.collab-proxy/Editor/PlasticSCM/Assets/Images/d_stevejobsbuhoshechristmas.png
  artifactKey: Guid(f008857e434b98b4eaabda1fd6af3059) Importer(815301076,1909f56bfc062723c751e8b465ee728b)
Start importing Packages/com.unity.collab-proxy/Editor/PlasticSCM/Assets/Images/d_stevejobsbuhoshechristmas.png using Guid(f008857e434b98b4eaabda1fd6af3059) Importer(815301076,1909f56bfc062723c751e8b465ee728b)  -> (artifact id: 'd259311e7490538be4cf48449f8838cb') in 0.018498 seconds 
========================================================================
Received Import Request.
  Time since last request: 0.000030 seconds.
  path: Packages/com.unity.timeline/Editor/StyleSheets/Images/Icons/d_TimelineHeaderMarkerIcon.png
  artifactKey: Guid(4f8d98ef7dbbe3d469e14c04722cbeed) Importer(815301076,1909f56bfc062723c751e8b465ee728b)
Start importing Packages/com.unity.timeline/Editor/StyleSheets/Images/Icons/d_TimelineHeaderMarkerIcon.png using Guid(4f8d98ef7dbbe3d469e14c04722cbeed) Importer(815301076,1909f56bfc062723c751e8b465ee728b)  -> (artifact id: 'c44c3dd3c082bc5754a138ea5494c859') in 0.012257 seconds 
========================================================================
Received Import Request.
  Time since last request: 0.000015 seconds.
  path: Packages/com.unity.timeline/Editor/StyleSheets/Images/Icons/d_TrackMarkerButtonEnabled.png
  artifactKey: Guid(d18286874382ef042bbbdab5f71329c1) Importer(815301076,1909f56bfc062723c751e8b465ee728b)
Start importing Packages/com.unity.timeline/Editor/StyleSheets/Images/Icons/d_TrackMarkerButtonEnabled.png using Guid(d18286874382ef042bbbdab5f71329c1) Importer(815301076,1909f56bfc062723c751e8b465ee728b)  -> (artifact id: 'cae81dc7680b5917046142604e95b922') in 0.012270 seconds 
========================================================================
Received Import Request.
  Time since last request: 0.000016 seconds.
  path: Packages/com.unity.collab-proxy/Editor/PlasticSCM/Assets/Images/d_genericbuhochristmas3.png
  artifactKey: Guid(6fac4e39926fd9c4ca2ba4416160a857) Importer(815301076,1909f56bfc062723c751e8b465ee728b)
Start importing Packages/com.unity.collab-proxy/Editor/PlasticSCM/Assets/Images/d_genericbuhochristmas3.png using Guid(6fac4e39926fd9c4ca2ba4416160a857) Importer(815301076,1909f56bfc062723c751e8b465ee728b)  -> (artifact id: 'f16a1f87e48de2fd5d776f632eb2dc61') in 0.017257 seconds 
========================================================================
Received Import Request.
  Time since last request: 0.000017 seconds.
  path: Assets/AssetFiles/icons/management.png
  artifactKey: Guid(a30340a3d6591fa4db45ab6cd419c4a5) Importer(815301076,1909f56bfc062723c751e8b465ee728b)
Start importing Assets/AssetFiles/icons/management.png using Guid(a30340a3d6591fa4db45ab6cd419c4a5) Importer(815301076,1909f56bfc062723c751e8b465ee728b)  -> (artifact id: 'a7f7d94f474914f1d8b141e445071148') in 0.012907 seconds 
========================================================================
Received Import Request.
  Time since last request: 0.000018 seconds.
  path: Packages/com.unity.collab-proxy/Editor/PlasticSCM/Assets/Images/d_genericbuhoshechristmas2.png
  artifactKey: Guid(7fd3cda14282bb7429b8eeb6c121e5bb) Importer(815301076,1909f56bfc062723c751e8b465ee728b)
Start importing Packages/com.unity.collab-proxy/Editor/PlasticSCM/Assets/Images/d_genericbuhoshechristmas2.png using Guid(7fd3cda14282bb7429b8eeb6c121e5bb) Importer(815301076,1909f56bfc062723c751e8b465ee728b)  -> (artifact id: 'c57c942f95899ae6f7204ad759649d22') in 0.017379 seconds 
========================================================================
Received Import Request.
  Time since last request: 0.000019 seconds.
  path: Packages/com.unity.timeline/Editor/StyleSheets/Images/Icons/d_TimelineCollapseMarkerButtonDisabled.png
  artifactKey: Guid(40947ddc2dd4f0d499a92d0f3675c4e8) Importer(815301076,1909f56bfc062723c751e8b465ee728b)
Start importing Packages/com.unity.timeline/Editor/StyleSheets/Images/Icons/d_TimelineCollapseMarkerButtonDisabled.png using Guid(40947ddc2dd4f0d499a92d0f3675c4e8) Importer(815301076,1909f56bfc062723c751e8b465ee728b)  -> (artifact id: 'bbaebd3b0c00a552f7d236c89e3b8ad5') in 0.011893 seconds 
========================================================================
Received Import Request.
  Time since last request: 0.684103 seconds.
  path: Packages/com.unity.searcher/Editor/Resources/FlatSkin/SearchSmallDownOff.png
  artifactKey: Guid(e0f8b9d001b669a43b3c9f7b90891d96) Importer(815301076,1909f56bfc062723c751e8b465ee728b)
Start importing Packages/com.unity.searcher/Editor/Resources/FlatSkin/SearchSmallDownOff.png using Guid(e0f8b9d001b669a43b3c9f7b90891d96) Importer(815301076,1909f56bfc062723c751e8b465ee728b)  -> (artifact id: '288f0726d6405d9ed641f578240f5c17') in 0.011214 seconds 
========================================================================
Received Import Request.
  Time since last request: 0.000020 seconds.
  path: Packages/com.unity.searcher/Editor/Resources/FlatSkin/SearchSmallDownOn.png
  artifactKey: Guid(f353e9d22eb9164499dd70cb41b00244) Importer(815301076,1909f56bfc062723c751e8b465ee728b)
Start importing Packages/com.unity.searcher/Editor/Resources/FlatSkin/SearchSmallDownOn.png using Guid(f353e9d22eb9164499dd70cb41b00244) Importer(815301076,1909f56bfc062723c751e8b465ee728b)  -> (artifact id: '43561c0ea637d02527624e76e976c5e0') in 0.010836 seconds 
========================================================================
Received Import Request.
  Time since last request: 0.000017 seconds.
  path: Packages/com.unity.searcher/Editor/Resources/FlatSkin/SearchSmallDownOff@2x.png
  artifactKey: Guid(0c2aa48d028b3134dbbb5ceb57bff5ac) Importer(815301076,1909f56bfc062723c751e8b465ee728b)
Start importing Packages/com.unity.searcher/Editor/Resources/FlatSkin/SearchSmallDownOff@2x.png using Guid(0c2aa48d028b3134dbbb5ceb57bff5ac) Importer(815301076,1909f56bfc062723c751e8b465ee728b)  -> (artifact id: '9b1f73d916fb7bc85214473614a1d7ab') in 0.010514 seconds 
========================================================================
Received Import Request.
  Time since last request: 0.000030 seconds.
  path: Packages/com.unity.timeline/Editor/StyleSheets/Images/Icons/TimelineCollapseMarkerButtonDisabled.png
  artifactKey: Guid(b80d5b6acdfbc114b9efab6295fd96c1) Importer(815301076,1909f56bfc062723c751e8b465ee728b)
Start importing Packages/com.unity.timeline/Editor/StyleSheets/Images/Icons/TimelineCollapseMarkerButtonDisabled.png using Guid(b80d5b6acdfbc114b9efab6295fd96c1) Importer(815301076,1909f56bfc062723c751e8b465ee728b)  -> (artifact id: '84ad5bb32638cc305a8591e4dfd129ca') in 0.011710 seconds 
========================================================================
Received Import Request.
  Time since last request: 0.000018 seconds.
  path: Packages/com.unity.timeline/Editor/StyleSheets/Images/LightSkin/TimelineMarkerItem.png
  artifactKey: Guid(24b97c67b63a23b48bea4036d28a5818) Importer(815301076,1909f56bfc062723c751e8b465ee728b)
Start importing Packages/com.unity.timeline/Editor/StyleSheets/Images/LightSkin/TimelineMarkerItem.png using Guid(24b97c67b63a23b48bea4036d28a5818) Importer(815301076,1909f56bfc062723c751e8b465ee728b)  -> (artifact id: '2806aca39e57603200792846c067f3b4') in 0.010018 seconds 
========================================================================
Received Import Request.
  Time since last request: 0.000016 seconds.
  path: Packages/com.unity.timeline/Editor/StyleSheets/Images/DarkSkin/TimelineMarkerItemCollapsed.png
  artifactKey: Guid(f179d9a3cccffb04ba2e27f681e9b147) Importer(815301076,1909f56bfc062723c751e8b465ee728b)
Start importing Packages/com.unity.timeline/Editor/StyleSheets/Images/DarkSkin/TimelineMarkerItemCollapsed.png using Guid(f179d9a3cccffb04ba2e27f681e9b147) Importer(815301076,1909f56bfc062723c751e8b465ee728b)  -> (artifact id: 'c72de1faf0d65a502bdcb77d0f629bae') in 0.010850 seconds 
========================================================================
Received Import Request.
  Time since last request: 0.000017 seconds.
  path: Packages/com.unity.timeline/Editor/StyleSheets/Images/LightSkin/TimelineMarkerItemCollapsed.png
  artifactKey: Guid(7d4691eba7565c34ab785c00fbc27ff8) Importer(815301076,1909f56bfc062723c751e8b465ee728b)
Start importing Packages/com.unity.timeline/Editor/StyleSheets/Images/LightSkin/TimelineMarkerItemCollapsed.png using Guid(7d4691eba7565c34ab785c00fbc27ff8) Importer(815301076,1909f56bfc062723c751e8b465ee728b)  -> (artifact id: '96d08829f1cc4ed2a7abc6596bd219b3') in 0.008781 seconds 
========================================================================
Received Import Request.
  Time since last request: 0.000016 seconds.
  path: Packages/com.unity.timeline/Editor/StyleSheets/Images/Icons/TrackMarkerButtonDisabled@2x.png
  artifactKey: Guid(193dae938a3136440b693b45a2494737) Importer(815301076,1909f56bfc062723c751e8b465ee728b)
Start importing Packages/com.unity.timeline/Editor/StyleSheets/Images/Icons/TrackMarkerButtonDisabled@2x.png using Guid(193dae938a3136440b693b45a2494737) Importer(815301076,1909f56bfc062723c751e8b465ee728b)  -> (artifact id: '68083a9329447cb220a2d9cdc2871ad7') in 0.012125 seconds 
========================================================================
Received Import Request.
  Time since last request: 0.000013 seconds.
  path: Packages/com.unity.timeline/Editor/StyleSheets/Images/Icons/TimelineHeaderMarkerIcon.png
  artifactKey: Guid(bf1debab21103154b99778ba6e074175) Importer(815301076,1909f56bfc062723c751e8b465ee728b)
Start importing Packages/com.unity.timeline/Editor/StyleSheets/Images/Icons/TimelineHeaderMarkerIcon.png using Guid(bf1debab21103154b99778ba6e074175) Importer(815301076,1909f56bfc062723c751e8b465ee728b)  -> (artifact id: '8c528e536110f2a0963babe5b8cb9044') in 0.011843 seconds 
========================================================================
Received Import Request.
  Time since last request: 0.586649 seconds.
  path: Packages/com.unity.timeline/Editor/StyleSheets/Images/Icons/TrackMarkerButtonEnabled@2x.png
  artifactKey: Guid(c35a22ede3f5feb488bf69587ddc36ed) Importer(815301076,1909f56bfc062723c751e8b465ee728b)
Start importing Packages/com.unity.timeline/Editor/StyleSheets/Images/Icons/TrackMarkerButtonEnabled@2x.png using Guid(c35a22ede3f5feb488bf69587ddc36ed) Importer(815301076,1909f56bfc062723c751e8b465ee728b)  -> (artifact id: 'c1ff8946b208702c82da9b5d975b2641') in 0.010851 seconds 
Editor requested this worker to shutdown with reason: Scaling down because of idle timeout
AssetImportWorker is now disconnected from the server
Process exiting
Exiting without the bug reporter. Application will terminate with return code 0