Using pre-set license
Built from '2021.3/staging' branch; Version is '2021.3.19f1 (c9714fde33b6) revision 13201743'; Using compiler version '192829333'; Build Type 'Release'
OS: 'Windows 10  (10.0.19045) 64bit Professional' Language: 'en' Physical Memory: 16330 MB
BatchMode: 1, IsHumanControllingUs: 0, StartBugReporterOnCrash: 0, Is64bit: 1, IsPro: 1

COMMAND LINE ARGUMENTS:
C:\Program Files\Unity\Hub\Editor\2021.3.19f1\Editor\Unity.exe
-adb2
-batchMode
-noUpm
-name
AssetImportWorker3
-projectPath
C:/Users/dogac/Documents/corrupta
-logFile
Logs/AssetImportWorker3.log
-srvPort
50113
Successfully changed project path to: C:/Users/dogac/Documents/corrupta
C:/Users/dogac/Documents/corrupta
[UnityMemory] Configuration Parameters - Can be set up in boot.config
    "memorysetup-bucket-allocator-granularity=16"
    "memorysetup-bucket-allocator-bucket-count=8"
    "memorysetup-bucket-allocator-block-size=33554432"
    "memorysetup-bucket-allocator-block-count=8"
    "memorysetup-main-allocator-block-size=16777216"
    "memorysetup-thread-allocator-block-size=16777216"
    "memorysetup-gfx-main-allocator-block-size=16777216"
    "memorysetup-gfx-thread-allocator-block-size=16777216"
    "memorysetup-cache-allocator-block-size=4194304"
    "memorysetup-typetree-allocator-block-size=2097152"
    "memorysetup-profiler-bucket-allocator-granularity=16"
    "memorysetup-profiler-bucket-allocator-bucket-count=8"
    "memorysetup-profiler-bucket-allocator-block-size=33554432"
    "memorysetup-profiler-bucket-allocator-block-count=8"
    "memorysetup-profiler-allocator-block-size=16777216"
    "memorysetup-profiler-editor-allocator-block-size=1048576"
    "memorysetup-temp-allocator-size-main=16777216"
    "memorysetup-job-temp-allocator-block-size=2097152"
    "memorysetup-job-temp-allocator-block-size-background=1048576"
    "memorysetup-job-temp-allocator-reduction-small-platforms=262144"
    "memorysetup-temp-allocator-size-background-worker=32768"
    "memorysetup-temp-allocator-size-job-worker=262144"
    "memorysetup-temp-allocator-size-preload-manager=33554432"
    "memorysetup-temp-allocator-size-nav-mesh-worker=65536"
    "memorysetup-temp-allocator-size-audio-worker=65536"
    "memorysetup-temp-allocator-size-cloud-worker=32768"
    "memorysetup-temp-allocator-size-gi-baking-worker=262144"
    "memorysetup-temp-allocator-size-gfx=262144"
Player connection [28768] Host "[IP] 192.168.56.1 [Port] 0 [Flags] 2 [Guid] 1302851681 [EditorId] 1302851681 [Version] 1048832 [Id] WindowsEditor(7,DESKTOP-K4QII4S) [Debug] 1 [PackageName] WindowsEditor [ProjectName] Editor" joined multi-casting on [225.0.0.222:54997]...

Player connection [28768] Host "[IP] 192.168.56.1 [Port] 0 [Flags] 2 [Guid] 1302851681 [EditorId] 1302851681 [Version] 1048832 [Id] WindowsEditor(7,DESKTOP-K4QII4S) [Debug] 1 [PackageName] WindowsEditor [ProjectName] Editor" joined alternative multi-casting on [225.0.0.222:34997]...

Refreshing native plugins compatible for Editor in 73.41 ms, found 2 plugins.
Preloading 0 native plugins for Editor in 0.00 ms.
Initialize engine version: 2021.3.19f1 (c9714fde33b6)
[Subsystems] Discovering subsystems at path C:/Program Files/Unity/Hub/Editor/2021.3.19f1/Editor/Data/Resources/UnitySubsystems
[Subsystems] Discovering subsystems at path C:/Users/dogac/Documents/corrupta/Assets
GfxDevice: creating device client; threaded=0; jobified=0
Direct3D:
    Version:  Direct3D 11.0 [level 11.1]
    Renderer: NVIDIA GeForce RTX 3060 (ID=0x2504)
    Vendor:   NVIDIA
    VRAM:     12129 MB
    Driver:   31.0.15.3623
Initialize mono
Mono path[0] = 'C:/Program Files/Unity/Hub/Editor/2021.3.19f1/Editor/Data/Managed'
Mono path[1] = 'C:/Program Files/Unity/Hub/Editor/2021.3.19f1/Editor/Data/MonoBleedingEdge/lib/mono/unityjit-win32'
Mono config path = 'C:/Program Files/Unity/Hub/Editor/2021.3.19f1/Editor/Data/MonoBleedingEdge/etc'
Using monoOptions --debugger-agent=transport=dt_socket,embedding=1,server=y,suspend=n,address=127.0.0.1:56788
Begin MonoManager ReloadAssembly
Registering precompiled unity dll's ...
Register platform support module: C:/Program Files/Unity/Hub/Editor/2021.3.19f1/Editor/Data/PlaybackEngines/AndroidPlayer/UnityEditor.Android.Extensions.dll
Register platform support module: C:/Program Files/Unity/Hub/Editor/2021.3.19f1/Editor/Data/PlaybackEngines/iOSSupport/UnityEditor.iOS.Extensions.dll
Register platform support module: C:/Program Files/Unity/Hub/Editor/2021.3.19f1/Editor/Data/PlaybackEngines/WindowsStandaloneSupport/UnityEditor.WindowsStandalone.Extensions.dll
Register platform support module: C:/Program Files/Unity/Hub/Editor/2021.3.19f1/Editor/Data/PlaybackEngines/MetroSupport/UnityEditor.UWP.Extensions.dll
Registered in 0.030120 seconds.
Native extension for UWP target not found
Native extension for WindowsStandalone target not found
[usbmuxd] Start listen thread
[usbmuxd] Listen thread started
Native extension for iOS target not found
Native extension for Android target not found
Android Extension - Scanning For ADB Devices 232 ms
Refreshing native plugins compatible for Editor in 46.22 ms, found 2 plugins.
Preloading 0 native plugins for Editor in 0.00 ms.
Mono: successfully reloaded assembly
- Completed reload, in  0.854 seconds
Domain Reload Profiling:
	ReloadAssembly (854ms)
		BeginReloadAssembly (95ms)
			ExecutionOrderSort (0ms)
			DisableScriptedObjects (0ms)
			BackupInstance (0ms)
			ReleaseScriptingObjects (0ms)
			CreateAndSetChildDomain (1ms)
		EndReloadAssembly (624ms)
			LoadAssemblies (92ms)
			RebuildTransferFunctionScriptingTraits (0ms)
			SetupTypeCache (90ms)
			ReleaseScriptCaches (0ms)
			RebuildScriptCaches (25ms)
			SetupLoadedEditorAssemblies (447ms)
				LogAssemblyErrors (0ms)
				InitializePlatformSupportModulesInManaged (305ms)
				SetLoadedEditorAssemblies (0ms)
				RefreshPlugins (46ms)
				BeforeProcessingInitializeOnLoad (1ms)
				ProcessInitializeOnLoadAttributes (65ms)
				ProcessInitializeOnLoadMethodAttributes (30ms)
				AfterProcessingInitializeOnLoad (0ms)
				EditorAssembliesLoaded (0ms)
			ExecutionOrderSort2 (0ms)
			AwakeInstancesAfterBackupRestoration (0ms)
Platform modules already initialized, skipping
Registering precompiled user dll's ...
Registered in 0.008914 seconds.
Begin MonoManager ReloadAssembly
Native extension for UWP target not found
Native extension for WindowsStandalone target not found
Native extension for iOS target not found
Native extension for Android target not found
Refreshing native plugins compatible for Editor in 0.64 ms, found 2 plugins.
Preloading 0 native plugins for Editor in 0.00 ms.
Mono: successfully reloaded assembly
- Completed reload, in  0.943 seconds
Domain Reload Profiling:
	ReloadAssembly (944ms)
		BeginReloadAssembly (127ms)
			ExecutionOrderSort (0ms)
			DisableScriptedObjects (5ms)
			BackupInstance (0ms)
			ReleaseScriptingObjects (0ms)
			CreateAndSetChildDomain (18ms)
		EndReloadAssembly (707ms)
			LoadAssemblies (116ms)
			RebuildTransferFunctionScriptingTraits (0ms)
			SetupTypeCache (134ms)
			ReleaseScriptCaches (0ms)
			RebuildScriptCaches (33ms)
			SetupLoadedEditorAssemblies (409ms)
				LogAssemblyErrors (0ms)
				InitializePlatformSupportModulesInManaged (39ms)
				SetLoadedEditorAssemblies (0ms)
				RefreshPlugins (1ms)
				BeforeProcessingInitializeOnLoad (102ms)
				ProcessInitializeOnLoadAttributes (149ms)
				ProcessInitializeOnLoadMethodAttributes (95ms)
				AfterProcessingInitializeOnLoad (22ms)
				EditorAssembliesLoaded (0ms)
			ExecutionOrderSort2 (0ms)
			AwakeInstancesAfterBackupRestoration (5ms)
Platform modules already initialized, skipping
========================================================================
Worker process is ready to serve import requests
Launched and connected shader compiler UnityShaderCompiler.exe after 0.04 seconds
Refreshing native plugins compatible for Editor in 0.64 ms, found 2 plugins.
Preloading 0 native plugins for Editor in 0.00 ms.
Unloading 2368 Unused Serialized files (Serialized files now loaded: 0)
Unloading 60 unused Assets / (57.6 KB). Loaded Objects now: 2809.
Memory consumption went from 92.3 MB to 92.3 MB.
Total: 5.586700 ms (FindLiveObjects: 0.170200 ms CreateObjectMapping: 0.080900 ms MarkObjects: 5.258900 ms  DeleteObjects: 0.076100 ms)

AssetImportParameters requested are different than current active one (requested -> active):
  custom:video-decoder-ogg-theora: a1e56fd34408186e4bbccfd4996cb3dc -> 
  custom:container-muxer-webm: aa71ff27fc2769a1b78a27578f13a17b -> 
  custom:container-demuxer-webm: 4f35f7cbe854078d1ac9338744f61a02 -> 
  custom:video-encoder-webm-vp8: eb34c28f22e8b96e1ab97ce403110664 -> 
  custom:audio-encoder-webm-vorbis: bf7c407c2cedff20999df2af8eb42d56 -> 
  custom:framework-win-MediaFoundation: 216162199b28c13a410421893ffa2e32 -> 
  custom:container-demuxer-ogg: 62fdf1f143b41e24485cea50d1cbac27 -> 
  custom:video-decoder-webm-vp8: 9c59270c3fd7afecdb556c50c9e8de78 -> 
  custom:audio-decoder-ogg-vorbis: bf7c407c2cedff20999df2af8eb42d56 -> 
========================================================================
Received Prepare
Registering precompiled user dll's ...
Registered in 0.008602 seconds.
Begin MonoManager ReloadAssembly
Native extension for UWP target not found
Native extension for WindowsStandalone target not found
Native extension for iOS target not found
Native extension for Android target not found
Refreshing native plugins compatible for Editor in 0.71 ms, found 2 plugins.
Preloading 0 native plugins for Editor in 0.00 ms.
Mono: successfully reloaded assembly
- Completed reload, in  1.051 seconds
Domain Reload Profiling:
	ReloadAssembly (1052ms)
		BeginReloadAssembly (168ms)
			ExecutionOrderSort (0ms)
			DisableScriptedObjects (6ms)
			BackupInstance (0ms)
			ReleaseScriptingObjects (0ms)
			CreateAndSetChildDomain (34ms)
		EndReloadAssembly (775ms)
			LoadAssemblies (134ms)
			RebuildTransferFunctionScriptingTraits (0ms)
			SetupTypeCache (149ms)
			ReleaseScriptCaches (1ms)
			RebuildScriptCaches (28ms)
			SetupLoadedEditorAssemblies (437ms)
				LogAssemblyErrors (0ms)
				InitializePlatformSupportModulesInManaged (48ms)
				SetLoadedEditorAssemblies (0ms)
				RefreshPlugins (1ms)
				BeforeProcessingInitializeOnLoad (102ms)
				ProcessInitializeOnLoadAttributes (163ms)
				ProcessInitializeOnLoadMethodAttributes (98ms)
				AfterProcessingInitializeOnLoad (25ms)
				EditorAssembliesLoaded (0ms)
			ExecutionOrderSort2 (0ms)
			AwakeInstancesAfterBackupRestoration (6ms)
Platform modules already initialized, skipping
Refreshing native plugins compatible for Editor in 10.25 ms, found 2 plugins.
Preloading 0 native plugins for Editor in 0.00 ms.
Unloading 2358 Unused Serialized files (Serialized files now loaded: 0)
Unloading 49 unused Assets / (25.8 KB). Loaded Objects now: 2812.
Memory consumption went from 91.6 MB to 91.6 MB.
Total: 6.061700 ms (FindLiveObjects: 0.171500 ms CreateObjectMapping: 0.091500 ms MarkObjects: 5.767100 ms  DeleteObjects: 0.030600 ms)

AssetImportParameters requested are different than current active one (requested -> active):
  custom:video-decoder-ogg-theora: a1e56fd34408186e4bbccfd4996cb3dc -> 
  custom:container-muxer-webm: aa71ff27fc2769a1b78a27578f13a17b -> 
  custom:container-demuxer-webm: 4f35f7cbe854078d1ac9338744f61a02 -> 
  custom:video-encoder-webm-vp8: eb34c28f22e8b96e1ab97ce403110664 -> 
  custom:audio-encoder-webm-vorbis: bf7c407c2cedff20999df2af8eb42d56 -> 
  custom:framework-win-MediaFoundation: 216162199b28c13a410421893ffa2e32 -> 
  custom:container-demuxer-ogg: 62fdf1f143b41e24485cea50d1cbac27 -> 
  custom:video-decoder-webm-vp8: 9c59270c3fd7afecdb556c50c9e8de78 -> 
  custom:audio-decoder-ogg-vorbis: bf7c407c2cedff20999df2af8eb42d56 -> 
========================================================================
Received Import Request.
  Time since last request: 1449095.457122 seconds.
  path: Assets/simpledemo.unity
  artifactKey: Guid(77650f985445ab944a1baeb08c0ab1a2) Importer(2089858483,0ecaa5967403d082aa24f35e1b516d23)
Start importing Assets/simpledemo.unity using Guid(77650f985445ab944a1baeb08c0ab1a2) Importer(2089858483,0ecaa5967403d082aa24f35e1b516d23) Generated GUIDs only implemented for interfaces!
 -> (artifact id: '3db4c0dfd6040b0f70055d141a4f0031') in 0.086280 seconds 
========================================================================
Received Import Request.
  Time since last request: 0.000026 seconds.
  path: Assets/Scripts/Player.cs
  artifactKey: Guid(bfcb8e5ff1351894c8fe30655c92926e) Importer(2089858483,0ecaa5967403d082aa24f35e1b516d23)
Start importing Assets/Scripts/Player.cs using Guid(bfcb8e5ff1351894c8fe30655c92926e) Importer(2089858483,0ecaa5967403d082aa24f35e1b516d23) Generated GUIDs only implemented for interfaces!
 -> (artifact id: '679da5a575ae01fd2f7603bb58ab2b34') in 0.048152 seconds 
========================================================================
Received Import Request.
  Time since last request: 0.000024 seconds.
  path: Assets/Resources/BillingMode.json
  artifactKey: Guid(16159dbab735ed84785f75ce0c146f7d) Importer(2089858483,0ecaa5967403d082aa24f35e1b516d23)
Start importing Assets/Resources/BillingMode.json using Guid(16159dbab735ed84785f75ce0c146f7d) Importer(2089858483,0ecaa5967403d082aa24f35e1b516d23) Generated GUIDs only implemented for interfaces!
 -> (artifact id: 'd8d55b9e0e5640cdc1a01bde2fd80153') in 0.013542 seconds 
========================================================================
Received Import Request.
  Time since last request: 0.000021 seconds.
  path: Assets/40+ Simple Icons - Free/Settings_Simple_Icons_UI.png
  artifactKey: Guid(7e30b45d0fd13614e97a8cf6dbe6c2b1) Importer(2089858483,0ecaa5967403d082aa24f35e1b516d23)
Start importing Assets/40+ Simple Icons - Free/Settings_Simple_Icons_UI.png using Guid(7e30b45d0fd13614e97a8cf6dbe6c2b1) Importer(2089858483,0ecaa5967403d082aa24f35e1b516d23) Generated GUIDs only implemented for interfaces!
 -> (artifact id: 'd365543b876fbc4eb2bbbe6217cec185') in 0.059785 seconds 
========================================================================
Received Import Request.
  Time since last request: 0.000014 seconds.
  path: Assets/40+ Simple Icons - Free/MusicOff_Simple_Icons_UI.png
  artifactKey: Guid(e36a5a8c2039b8c46b609ed896b0f611) Importer(2089858483,0ecaa5967403d082aa24f35e1b516d23)
Start importing Assets/40+ Simple Icons - Free/MusicOff_Simple_Icons_UI.png using Guid(e36a5a8c2039b8c46b609ed896b0f611) Importer(2089858483,0ecaa5967403d082aa24f35e1b516d23) Generated GUIDs only implemented for interfaces!
 -> (artifact id: '13eb51e56212947fffa8250a05851066') in 0.026388 seconds 
========================================================================
Received Import Request.
  Time since last request: 0.000017 seconds.
  path: Assets/Scripts/Ideology.cs
  artifactKey: Guid(643285c0dc399a94fbcfd0878931ce03) Importer(2089858483,0ecaa5967403d082aa24f35e1b516d23)
Start importing Assets/Scripts/Ideology.cs using Guid(643285c0dc399a94fbcfd0878931ce03) Importer(2089858483,0ecaa5967403d082aa24f35e1b516d23) Generated GUIDs only implemented for interfaces!
 -> (artifact id: 'b7a715e55bca434bf04a153ccf1e11dc') in 0.010911 seconds 
========================================================================
Received Import Request.
  Time since last request: 0.000017 seconds.
  path: Assets/40+ Simple Icons - Free/DownArrowC_Simple_Icons_UI.png
  artifactKey: Guid(29e31833c32435a479338cf97dff5d06) Importer(2089858483,0ecaa5967403d082aa24f35e1b516d23)
Start importing Assets/40+ Simple Icons - Free/DownArrowC_Simple_Icons_UI.png using Guid(29e31833c32435a479338cf97dff5d06) Importer(2089858483,0ecaa5967403d082aa24f35e1b516d23) Generated GUIDs only implemented for interfaces!
 -> (artifact id: '97d6ca8f90c8e0bcb8693d10120a906e') in 0.022780 seconds 
========================================================================
Received Import Request.
  Time since last request: 0.000016 seconds.
  path: Assets/40+ Simple Icons - Free/LeaderBoard_Simple_Icons_UI.png
  artifactKey: Guid(2fe7b3fe56ea62b409ec74ea8e43097f) Importer(2089858483,0ecaa5967403d082aa24f35e1b516d23)
Start importing Assets/40+ Simple Icons - Free/LeaderBoard_Simple_Icons_UI.png using Guid(2fe7b3fe56ea62b409ec74ea8e43097f) Importer(2089858483,0ecaa5967403d082aa24f35e1b516d23) Generated GUIDs only implemented for interfaces!
 -> (artifact id: '565f1243156955d5b35f13f976130a09') in 0.022466 seconds 
========================================================================
Received Import Request.
  Time since last request: 0.000015 seconds.
  path: Assets/Resource Files/Province Map.png
  artifactKey: Guid(64f36ff968e0bcc4f972c1c30654ff75) Importer(2089858483,0ecaa5967403d082aa24f35e1b516d23)
Start importing Assets/Resource Files/Province Map.png using Guid(64f36ff968e0bcc4f972c1c30654ff75) Importer(2089858483,0ecaa5967403d082aa24f35e1b516d23) Generated GUIDs only implemented for interfaces!
 -> (artifact id: 'e3a34cfc10670d03c1f350f3d3be2d96') in 0.035105 seconds 
========================================================================
Received Import Request.
  Time since last request: 0.000015 seconds.
  path: Assets/40+ Simple Icons - Free/Wrench_Simple_Icons_UI.png
  artifactKey: Guid(b74361a4268eaf74db7d8091ff82e723) Importer(2089858483,0ecaa5967403d082aa24f35e1b516d23)
Start importing Assets/40+ Simple Icons - Free/Wrench_Simple_Icons_UI.png using Guid(b74361a4268eaf74db7d8091ff82e723) Importer(2089858483,0ecaa5967403d082aa24f35e1b516d23) Generated GUIDs only implemented for interfaces!
 -> (artifact id: '0a6138bd161fc58302eabebd38719407') in 0.022902 seconds 
========================================================================
Received Import Request.
  Time since last request: 0.000019 seconds.
  path: Assets/Scripts/Opinion.cs
  artifactKey: Guid(53ff9c0db200e854fadf9c890f753c93) Importer(2089858483,0ecaa5967403d082aa24f35e1b516d23)
Start importing Assets/Scripts/Opinion.cs using Guid(53ff9c0db200e854fadf9c890f753c93) Importer(2089858483,0ecaa5967403d082aa24f35e1b516d23) Generated GUIDs only implemented for interfaces!
 -> (artifact id: '4fad5968f635594d287373301b17dc92') in 0.009874 seconds 
========================================================================
Received Import Request.
  Time since last request: 0.000025 seconds.
  path: Assets/Scripts/News.cs
  artifactKey: Guid(151bb2f50a055734eb36f5a54acefbce) Importer(2089858483,0ecaa5967403d082aa24f35e1b516d23)
Start importing Assets/Scripts/News.cs using Guid(151bb2f50a055734eb36f5a54acefbce) Importer(2089858483,0ecaa5967403d082aa24f35e1b516d23) Generated GUIDs only implemented for interfaces!
 -> (artifact id: '12e8e8ce75e9a469abfc85f27feb3952') in 0.009367 seconds 
========================================================================
Received Import Request.
  Time since last request: 0.000015 seconds.
  path: Assets/40+ Simple Icons - Free/Scale_Simple_Icons_UI.png
  artifactKey: Guid(edae089626673d8468be25d221b3c842) Importer(2089858483,0ecaa5967403d082aa24f35e1b516d23)
Start importing Assets/40+ Simple Icons - Free/Scale_Simple_Icons_UI.png using Guid(edae089626673d8468be25d221b3c842) Importer(2089858483,0ecaa5967403d082aa24f35e1b516d23) Generated GUIDs only implemented for interfaces!
 -> (artifact id: 'cccdc0fc33916f954ea47cd4d8f3da1a') in 0.022609 seconds 
========================================================================
Received Import Request.
  Time since last request: 0.000017 seconds.
  path: Assets/Prefabs/polygon.prefab
  artifactKey: Guid(17327ae47a4b6ac4599d1216d54697e2) Importer(2089858483,0ecaa5967403d082aa24f35e1b516d23)
Start importing Assets/Prefabs/polygon.prefab using Guid(17327ae47a4b6ac4599d1216d54697e2) Importer(2089858483,0ecaa5967403d082aa24f35e1b516d23) Generated GUIDs only implemented for interfaces!
 -> (artifact id: '7cbf66759c64e734038c8334665c0696') in 0.037236 seconds 
========================================================================
Received Import Request.
  Time since last request: 0.000018 seconds.
  path: Assets/Scripts/Person.cs
  artifactKey: Guid(6fd16cc9e67274d44bea34c4d54fce6a) Importer(2089858483,0ecaa5967403d082aa24f35e1b516d23)
Start importing Assets/Scripts/Person.cs using Guid(6fd16cc9e67274d44bea34c4d54fce6a) Importer(2089858483,0ecaa5967403d082aa24f35e1b516d23) Generated GUIDs only implemented for interfaces!
 -> (artifact id: '61bbc069e9c3c9998eeacd2bdfa6bd50') in 0.010406 seconds 
========================================================================
Received Import Request.
  Time since last request: 0.000022 seconds.
  path: Assets/40+ Simple Icons - Free/CheckMark_Simple_Icons_UI.png
  artifactKey: Guid(5d3b4a7c76397eb47bbc59d2bf7a029b) Importer(2089858483,0ecaa5967403d082aa24f35e1b516d23)
Start importing Assets/40+ Simple Icons - Free/CheckMark_Simple_Icons_UI.png using Guid(5d3b4a7c76397eb47bbc59d2bf7a029b) Importer(2089858483,0ecaa5967403d082aa24f35e1b516d23) Generated GUIDs only implemented for interfaces!
 -> (artifact id: 'fdaa6c5cb809c2f6b3e15ee826f7d9ed') in 0.024624 seconds 
========================================================================
Received Import Request.
  Time since last request: 0.000016 seconds.
  path: Assets/40+ Simple Icons - Free/RewindOneFrame_Simple_Icons_UI.png
  artifactKey: Guid(a401798d5c61a114fb7001788c406bb6) Importer(2089858483,0ecaa5967403d082aa24f35e1b516d23)
Start importing Assets/40+ Simple Icons - Free/RewindOneFrame_Simple_Icons_UI.png using Guid(a401798d5c61a114fb7001788c406bb6) Importer(2089858483,0ecaa5967403d082aa24f35e1b516d23) Generated GUIDs only implemented for interfaces!
 -> (artifact id: 'ebfaf2d20282abdac0fe8460b86e488c') in 0.023297 seconds 
========================================================================
Received Import Request.
  Time since last request: 0.000014 seconds.
  path: Assets/Scripts/MenuControl.cs
  artifactKey: Guid(a007a18d88f692c4fa97c00dfc42f6d9) Importer(2089858483,0ecaa5967403d082aa24f35e1b516d23)
Start importing Assets/Scripts/MenuControl.cs using Guid(a007a18d88f692c4fa97c00dfc42f6d9) Importer(2089858483,0ecaa5967403d082aa24f35e1b516d23) Generated GUIDs only implemented for interfaces!
 -> (artifact id: '66e13a981b178ddb3b9a68236342d58a') in 0.009936 seconds 
========================================================================
Received Import Request.
  Time since last request: 0.000017 seconds.
  path: Assets/Scripts/Extension/UIPolygon.cs
  artifactKey: Guid(7dbad5cb42959a8409ba8387c573e638) Importer(2089858483,0ecaa5967403d082aa24f35e1b516d23)
Start importing Assets/Scripts/Extension/UIPolygon.cs using Guid(7dbad5cb42959a8409ba8387c573e638) Importer(2089858483,0ecaa5967403d082aa24f35e1b516d23) Generated GUIDs only implemented for interfaces!
 -> (artifact id: '4b8403a9dc31156eaefb5349100a1ee9') in 0.009830 seconds 
========================================================================
Received Import Request.
  Time since last request: 0.000016 seconds.
  path: Assets/Resource Files/icons/speech.png
  artifactKey: Guid(40b6643bdbbf7594d94106a98ab2c823) Importer(2089858483,0ecaa5967403d082aa24f35e1b516d23)
Start importing Assets/Resource Files/icons/speech.png using Guid(40b6643bdbbf7594d94106a98ab2c823) Importer(2089858483,0ecaa5967403d082aa24f35e1b516d23) Generated GUIDs only implemented for interfaces!
 -> (artifact id: '3ac1fe2a62ff4a57840a725a22d041b3') in 0.026662 seconds 
========================================================================
Received Import Request.
  Time since last request: 0.000015 seconds.
  path: Assets/Resource Files/icons/diplomacy.png
  artifactKey: Guid(12366ab4e97196d4ca816b930681495e) Importer(2089858483,0ecaa5967403d082aa24f35e1b516d23)
Start importing Assets/Resource Files/icons/diplomacy.png using Guid(12366ab4e97196d4ca816b930681495e) Importer(2089858483,0ecaa5967403d082aa24f35e1b516d23) Generated GUIDs only implemented for interfaces!
 -> (artifact id: 'b2142fe1f8f18ebecbfe917bd7681c70') in 0.020616 seconds 
========================================================================
Received Import Request.
  Time since last request: 0.000017 seconds.
  path: Assets/Scripts/Map/NewSurfaceShader.shader
  artifactKey: Guid(2ed7bea9930d4274fb2ed37ac16ef0f8) Importer(2089858483,0ecaa5967403d082aa24f35e1b516d23)
Start importing Assets/Scripts/Map/NewSurfaceShader.shader using Guid(2ed7bea9930d4274fb2ed37ac16ef0f8) Importer(2089858483,0ecaa5967403d082aa24f35e1b516d23) Generated GUIDs only implemented for interfaces!
 -> (artifact id: 'd32e4398aa31a4d7b8a5be99d05a0728') in 0.020420 seconds 
========================================================================
Received Import Request.
  Time since last request: 0.000024 seconds.
  path: Assets/Scripts/CustomTypes/LICENSE.txt
  artifactKey: Guid(bf604711260cd24439dd08417d5b66a4) Importer(2089858483,0ecaa5967403d082aa24f35e1b516d23)
Start importing Assets/Scripts/CustomTypes/LICENSE.txt using Guid(bf604711260cd24439dd08417d5b66a4) Importer(2089858483,0ecaa5967403d082aa24f35e1b516d23) Generated GUIDs only implemented for interfaces!
 -> (artifact id: '7a416e8b5a3ad96ac8c851ec0108d4f6') in 0.012094 seconds 
========================================================================
Received Import Request.
  Time since last request: 0.000016 seconds.
  path: Assets/40+ Simple Icons - Free/Pause_Simple_Icons_UI.png
  artifactKey: Guid(7832486d350096542aefd38da1c44ec5) Importer(2089858483,0ecaa5967403d082aa24f35e1b516d23)
Start importing Assets/40+ Simple Icons - Free/Pause_Simple_Icons_UI.png using Guid(7832486d350096542aefd38da1c44ec5) Importer(2089858483,0ecaa5967403d082aa24f35e1b516d23) Generated GUIDs only implemented for interfaces!
 -> (artifact id: '2277fba978d240d42a0f19ca7cb1a57d') in 0.023273 seconds 
========================================================================
Received Import Request.
  Time since last request: 0.000016 seconds.
  path: Assets/40+ Simple Icons - Free/LeftArrow_Simple_Icons_UI.png
  artifactKey: Guid(ca95052204a5ee6428f14338c5ab1c4d) Importer(2089858483,0ecaa5967403d082aa24f35e1b516d23)
Start importing Assets/40+ Simple Icons - Free/LeftArrow_Simple_Icons_UI.png using Guid(ca95052204a5ee6428f14338c5ab1c4d) Importer(2089858483,0ecaa5967403d082aa24f35e1b516d23) Generated GUIDs only implemented for interfaces!
 -> (artifact id: 'b581be76a7708163dada0c9a498f536d') in 0.027983 seconds 
========================================================================
Received Import Request.
  Time since last request: 0.000018 seconds.
  path: Assets/Resource Files/Trump.png
  artifactKey: Guid(d486634fa54e7194cb900d2f4ff15327) Importer(2089858483,0ecaa5967403d082aa24f35e1b516d23)
Start importing Assets/Resource Files/Trump.png using Guid(d486634fa54e7194cb900d2f4ff15327) Importer(2089858483,0ecaa5967403d082aa24f35e1b516d23) Generated GUIDs only implemented for interfaces!
 -> (artifact id: '52b486378c302ef3d2dce2f655c6001a') in 0.036490 seconds 
========================================================================
Received Import Request.
  Time since last request: 0.000015 seconds.
  path: Assets/Prefabs/InputField.prefab
  artifactKey: Guid(a30c3800929c5a440840390a4b6792fc) Importer(2089858483,0ecaa5967403d082aa24f35e1b516d23)
Start importing Assets/Prefabs/InputField.prefab using Guid(a30c3800929c5a440840390a4b6792fc) Importer(2089858483,0ecaa5967403d082aa24f35e1b516d23) Generated GUIDs only implemented for interfaces!
 -> (artifact id: 'b1ff8682676c26554f1b57e5482c55d7') in 0.036471 seconds 
========================================================================
Received Import Request.
  Time since last request: 0.000018 seconds.
  path: Assets/40+ Simple Icons - Free/Simple_Icons_UI_Sourse.png
  artifactKey: Guid(84f880e7df3ad444c9fb84b23dfef984) Importer(2089858483,0ecaa5967403d082aa24f35e1b516d23)
Start importing Assets/40+ Simple Icons - Free/Simple_Icons_UI_Sourse.png using Guid(84f880e7df3ad444c9fb84b23dfef984) Importer(2089858483,0ecaa5967403d082aa24f35e1b516d23) Generated GUIDs only implemented for interfaces!
 -> (artifact id: '8125f8b8268d4b51fefb642ecaec86e6') in 0.023997 seconds 
========================================================================
Received Import Request.
  Time since last request: 0.000017 seconds.
  path: Assets/40+ Simple Icons - Free/EyeActiveOff_Simple_Icons_UI.png
  artifactKey: Guid(a98d976fa5b0a9240b0674d4bcb21549) Importer(2089858483,0ecaa5967403d082aa24f35e1b516d23)
Start importing Assets/40+ Simple Icons - Free/EyeActiveOff_Simple_Icons_UI.png using Guid(a98d976fa5b0a9240b0674d4bcb21549) Importer(2089858483,0ecaa5967403d082aa24f35e1b516d23) Generated GUIDs only implemented for interfaces!
 -> (artifact id: '776bc94234cefae120565487e5c40abe') in 0.024277 seconds 
========================================================================
Received Import Request.
  Time since last request: 0.000015 seconds.
  path: Assets/Resource Files/details/paperclip.png
  artifactKey: Guid(36746848e5691a64b966aa5e3e4ca212) Importer(2089858483,0ecaa5967403d082aa24f35e1b516d23)
Start importing Assets/Resource Files/details/paperclip.png using Guid(36746848e5691a64b966aa5e3e4ca212) Importer(2089858483,0ecaa5967403d082aa24f35e1b516d23) Generated GUIDs only implemented for interfaces!
 -> (artifact id: '4ddefea5bb9d22cd6ba4c4205e091ac3') in 0.026246 seconds 
========================================================================
Received Import Request.
  Time since last request: 0.000018 seconds.
  path: Assets/40+ Simple Icons - Free/UpArrowC_Simple_Icons_UI.png
  artifactKey: Guid(98140c950b799ee47b902aa69a4c4f0c) Importer(2089858483,0ecaa5967403d082aa24f35e1b516d23)
Start importing Assets/40+ Simple Icons - Free/UpArrowC_Simple_Icons_UI.png using Guid(98140c950b799ee47b902aa69a4c4f0c) Importer(2089858483,0ecaa5967403d082aa24f35e1b516d23) Generated GUIDs only implemented for interfaces!
 -> (artifact id: '5dcfa90eaf7fff43151d6aa570d65d5e') in 0.022254 seconds 
========================================================================
Received Import Request.
  Time since last request: 0.000024 seconds.
  path: Assets/Resource Files/Materials/Province Map.mat
  artifactKey: Guid(ae5c7d4670b5cc7429a8655079273d13) Importer(2089858483,0ecaa5967403d082aa24f35e1b516d23)
Start importing Assets/Resource Files/Materials/Province Map.mat using Guid(ae5c7d4670b5cc7429a8655079273d13) Importer(2089858483,0ecaa5967403d082aa24f35e1b516d23) Generated GUIDs only implemented for interfaces!
 -> (artifact id: '4897977ee4fdc1b7b7824a9d2e0a8030') in 0.029025 seconds 
========================================================================
Received Import Request.
  Time since last request: 0.000014 seconds.
  path: Assets/40+ Simple Icons - Free/RewindToTheEnd_Simple_Icons_UI.png
  artifactKey: Guid(570b1c2b2c366624d89fa8431c3a4d35) Importer(2089858483,0ecaa5967403d082aa24f35e1b516d23)
Start importing Assets/40+ Simple Icons - Free/RewindToTheEnd_Simple_Icons_UI.png using Guid(570b1c2b2c366624d89fa8431c3a4d35) Importer(2089858483,0ecaa5967403d082aa24f35e1b516d23) Generated GUIDs only implemented for interfaces!
 -> (artifact id: '09a2bde1fe1540103a2a971ad4d23173') in 0.027187 seconds 
========================================================================
Received Import Request.
  Time since last request: 0.000018 seconds.
  path: Assets/Scripts/Media.cs
  artifactKey: Guid(0e819970e109ca848b2b23cec5839453) Importer(2089858483,0ecaa5967403d082aa24f35e1b516d23)
Start importing Assets/Scripts/Media.cs using Guid(0e819970e109ca848b2b23cec5839453) Importer(2089858483,0ecaa5967403d082aa24f35e1b516d23) Generated GUIDs only implemented for interfaces!
 -> (artifact id: '82d640ff8040123208bea0f2bd538980') in 0.010817 seconds 
========================================================================
Received Import Request.
  Time since last request: 0.000017 seconds.
  path: Assets/Scripts/Government.cs
  artifactKey: Guid(e5f414d4a6d6e5a4bae12d6d1cbc9d88) Importer(2089858483,0ecaa5967403d082aa24f35e1b516d23)
Start importing Assets/Scripts/Government.cs using Guid(e5f414d4a6d6e5a4bae12d6d1cbc9d88) Importer(2089858483,0ecaa5967403d082aa24f35e1b516d23) Generated GUIDs only implemented for interfaces!
 -> (artifact id: '953554a4f08b8eb54b72abff589dfdea') in 0.010469 seconds 
========================================================================
Received Import Request.
  Time since last request: 0.000015 seconds.
  path: Assets/40+ Simple Icons - Free/BulletList_Simple_Icons_UI.png
  artifactKey: Guid(4081ff07d26598240acef65abebce5be) Importer(2089858483,0ecaa5967403d082aa24f35e1b516d23)
Start importing Assets/40+ Simple Icons - Free/BulletList_Simple_Icons_UI.png using Guid(4081ff07d26598240acef65abebce5be) Importer(2089858483,0ecaa5967403d082aa24f35e1b516d23) Generated GUIDs only implemented for interfaces!
 -> (artifact id: '642732706ecd5a2a9ec37f13c95c39ef') in 0.022496 seconds 
========================================================================
Received Import Request.
  Time since last request: 0.000016 seconds.
  path: Assets/40+ Simple Icons - Free/List_Simple_Icons_UI.png
  artifactKey: Guid(923a7d24ce110f5428c2e65127839ecd) Importer(2089858483,0ecaa5967403d082aa24f35e1b516d23)
Start importing Assets/40+ Simple Icons - Free/List_Simple_Icons_UI.png using Guid(923a7d24ce110f5428c2e65127839ecd) Importer(2089858483,0ecaa5967403d082aa24f35e1b516d23) Generated GUIDs only implemented for interfaces!
 -> (artifact id: '6cb7d1da00b085ab12025d627e793c28') in 0.020980 seconds 
========================================================================
Received Import Request.
  Time since last request: 0.000016 seconds.
  path: Assets/XML/names.txt
  artifactKey: Guid(8bf1848e8fb0f5c418a53e1f6df0f6f5) Importer(2089858483,0ecaa5967403d082aa24f35e1b516d23)
Start importing Assets/XML/names.txt using Guid(8bf1848e8fb0f5c418a53e1f6df0f6f5) Importer(2089858483,0ecaa5967403d082aa24f35e1b516d23) Generated GUIDs only implemented for interfaces!
 -> (artifact id: 'ba2a3be1470e940f4c6f58e81706889d') in 0.009669 seconds 
========================================================================
Received Import Request.
  Time since last request: 0.000017 seconds.
  path: Assets/Resource Files/icons/wisdom.png
  artifactKey: Guid(2fcb950430017ea4f9ebd59b1623d061) Importer(2089858483,0ecaa5967403d082aa24f35e1b516d23)
Start importing Assets/Resource Files/icons/wisdom.png using Guid(2fcb950430017ea4f9ebd59b1623d061) Importer(2089858483,0ecaa5967403d082aa24f35e1b516d23) Generated GUIDs only implemented for interfaces!
 -> (artifact id: '4fcd2bfb672ba226e5d62ab350373220') in 0.025232 seconds 
========================================================================
Received Import Request.
  Time since last request: 0.000018 seconds.
  path: Assets/XML/Event/Event_12.xml
  artifactKey: Guid(8cc68d9d148f36144b3fdec8437f03d3) Importer(2089858483,0ecaa5967403d082aa24f35e1b516d23)
Start importing Assets/XML/Event/Event_12.xml using Guid(8cc68d9d148f36144b3fdec8437f03d3) Importer(2089858483,0ecaa5967403d082aa24f35e1b516d23) Generated GUIDs only implemented for interfaces!
 -> (artifact id: '268ff077a13ae393bfc747084033e510') in 0.011337 seconds 
========================================================================
Received Import Request.
  Time since last request: 0.000015 seconds.
  path: Assets/XML/Event/Event_10.xml
  artifactKey: Guid(41a82a76ff556be49a0c3605e9c83a0b) Importer(2089858483,0ecaa5967403d082aa24f35e1b516d23)
Start importing Assets/XML/Event/Event_10.xml using Guid(41a82a76ff556be49a0c3605e9c83a0b) Importer(2089858483,0ecaa5967403d082aa24f35e1b516d23) Generated GUIDs only implemented for interfaces!
 -> (artifact id: 'c956eecbd35ef7457ef519df1d7079bb') in 0.010334 seconds 
========================================================================
Received Import Request.
  Time since last request: 0.000017 seconds.
  path: Assets/XML/Opinion`1[Ideology]/Opinion`1[Ideology]_0.xml
  artifactKey: Guid(b50457b861bb29b4aa11ea46ea379572) Importer(2089858483,0ecaa5967403d082aa24f35e1b516d23)
Start importing Assets/XML/Opinion`1[Ideology]/Opinion`1[Ideology]_0.xml using Guid(b50457b861bb29b4aa11ea46ea379572) Importer(2089858483,0ecaa5967403d082aa24f35e1b516d23) Generated GUIDs only implemented for interfaces!
 -> (artifact id: '69bfeec11c12a5b65bc2a1ef2a985830') in 0.010804 seconds 
========================================================================
Received Import Request.
  Time since last request: 0.000017 seconds.
  path: Assets/XML/Event/Event_11.xml
  artifactKey: Guid(3dd579b9911373e47b12f9f00a712a3f) Importer(2089858483,0ecaa5967403d082aa24f35e1b516d23)
Start importing Assets/XML/Event/Event_11.xml using Guid(3dd579b9911373e47b12f9f00a712a3f) Importer(2089858483,0ecaa5967403d082aa24f35e1b516d23) Generated GUIDs only implemented for interfaces!
 -> (artifact id: 'fe6b8aa26753dfac1223f59c277e80ee') in 0.010892 seconds 
========================================================================
Received Import Request.
  Time since last request: 0.000023 seconds.
  path: Assets/XML/City/City_1.xml
  artifactKey: Guid(5f099e7d5d0e3904b9ccc48511252e3c) Importer(2089858483,0ecaa5967403d082aa24f35e1b516d23)
Start importing Assets/XML/City/City_1.xml using Guid(5f099e7d5d0e3904b9ccc48511252e3c) Importer(2089858483,0ecaa5967403d082aa24f35e1b516d23) Generated GUIDs only implemented for interfaces!
 -> (artifact id: '904d73301754e643ae49faf94371e924') in 0.009104 seconds 
========================================================================
Received Import Request.
  Time since last request: 0.000016 seconds.
  path: Assets/XML/City/City_9.xml
  artifactKey: Guid(9e225871136491546907a61a00dbdb19) Importer(2089858483,0ecaa5967403d082aa24f35e1b516d23)
Start importing Assets/XML/City/City_9.xml using Guid(9e225871136491546907a61a00dbdb19) Importer(2089858483,0ecaa5967403d082aa24f35e1b516d23) Generated GUIDs only implemented for interfaces!
 -> (artifact id: '8c712b8a05ea9d2398838b6d3b1f9d6b') in 0.010604 seconds 
========================================================================
Received Import Request.
  Time since last request: 0.000015 seconds.
  path: Assets/XML/Event/Event_2.xml
  artifactKey: Guid(d6a4da5d195fe9f4597c3a5160e4ef1b) Importer(2089858483,0ecaa5967403d082aa24f35e1b516d23)
Start importing Assets/XML/Event/Event_2.xml using Guid(d6a4da5d195fe9f4597c3a5160e4ef1b) Importer(2089858483,0ecaa5967403d082aa24f35e1b516d23) Generated GUIDs only implemented for interfaces!
 -> (artifact id: 'fcc85d6779e9237532084d531a88cf73') in 0.009724 seconds 
========================================================================
Received Import Request.
  Time since last request: 0.000014 seconds.
  path: Assets/XML/Event/Event_0.xml
  artifactKey: Guid(8cd8bb71ff1b2c04e96cb07d0a9772d5) Importer(2089858483,0ecaa5967403d082aa24f35e1b516d23)
Start importing Assets/XML/Event/Event_0.xml using Guid(8cd8bb71ff1b2c04e96cb07d0a9772d5) Importer(2089858483,0ecaa5967403d082aa24f35e1b516d23) Generated GUIDs only implemented for interfaces!
 -> (artifact id: 'bc0249f2c0b5067476515b43014f09ca') in 0.011240 seconds 
========================================================================
Received Import Request.
  Time since last request: 0.000016 seconds.
  path: Assets/XML/Event/Event_8.xml
  artifactKey: Guid(d1082a1fc6ed52d459c421574b1e4efb) Importer(2089858483,0ecaa5967403d082aa24f35e1b516d23)
Start importing Assets/XML/Event/Event_8.xml using Guid(d1082a1fc6ed52d459c421574b1e4efb) Importer(2089858483,0ecaa5967403d082aa24f35e1b516d23) Generated GUIDs only implemented for interfaces!
 -> (artifact id: 'e62f4f4627af2e1b90ffb11f00b6cc4d') in 0.010632 seconds 
========================================================================
Received Import Request.
  Time since last request: 0.000015 seconds.
  path: Assets/XML/Ideology/Ideology_5.xml
  artifactKey: Guid(e190d48e5999575419c37e788ef87186) Importer(2089858483,0ecaa5967403d082aa24f35e1b516d23)
Start importing Assets/XML/Ideology/Ideology_5.xml using Guid(e190d48e5999575419c37e788ef87186) Importer(2089858483,0ecaa5967403d082aa24f35e1b516d23) Generated GUIDs only implemented for interfaces!
 -> (artifact id: '2df1ba97cecbb735d44c87e2b3ec7444') in 0.009792 seconds 
========================================================================
Received Import Request.
  Time since last request: 0.000017 seconds.
  path: Assets/XML/Event/Event_7.xml
  artifactKey: Guid(b327f5b980b7fbc40b5533cb6c2fc7d2) Importer(2089858483,0ecaa5967403d082aa24f35e1b516d23)
Start importing Assets/XML/Event/Event_7.xml using Guid(b327f5b980b7fbc40b5533cb6c2fc7d2) Importer(2089858483,0ecaa5967403d082aa24f35e1b516d23) Generated GUIDs only implemented for interfaces!
 -> (artifact id: '1dd56a2b3b5d6d225a495deaf28d0d74') in 0.010814 seconds 
========================================================================
Received Import Request.
  Time since last request: 0.000015 seconds.
  path: Assets/XML/CityDefiniton/CityDefiniton_7.xml
  artifactKey: Guid(0e024f98e63518a4996177a7b3421081) Importer(2089858483,0ecaa5967403d082aa24f35e1b516d23)
Start importing Assets/XML/CityDefiniton/CityDefiniton_7.xml using Guid(0e024f98e63518a4996177a7b3421081) Importer(2089858483,0ecaa5967403d082aa24f35e1b516d23) Generated GUIDs only implemented for interfaces!
 -> (artifact id: '252bfd7b15e304173a5edd3785959db4') in 0.010678 seconds 
========================================================================
Received Import Request.
  Time since last request: 0.000016 seconds.
  path: Assets/XML/City/City_8.xml
  artifactKey: Guid(48a2513f3e8972e46911ae1dda18b9b5) Importer(2089858483,0ecaa5967403d082aa24f35e1b516d23)
Start importing Assets/XML/City/City_8.xml using Guid(48a2513f3e8972e46911ae1dda18b9b5) Importer(2089858483,0ecaa5967403d082aa24f35e1b516d23) Generated GUIDs only implemented for interfaces!
 -> (artifact id: '1185d5065b8ab3a2c3e4e39197071e66') in 0.011170 seconds 
========================================================================
Received Import Request.
  Time since last request: 0.000016 seconds.
  path: Assets/XML/Ideology/Ideology_4.xml
  artifactKey: Guid(0936416411b48454eabfc4840449dea6) Importer(2089858483,0ecaa5967403d082aa24f35e1b516d23)
Start importing Assets/XML/Ideology/Ideology_4.xml using Guid(0936416411b48454eabfc4840449dea6) Importer(2089858483,0ecaa5967403d082aa24f35e1b516d23) Generated GUIDs only implemented for interfaces!
 -> (artifact id: '27c97681dec6ed4ca489465cb847d2a5') in 0.009541 seconds 
========================================================================
Received Import Request.
  Time since last request: 0.000020 seconds.
  path: Assets/XML/Ideology/Ideology_8.xml
  artifactKey: Guid(8871b6859db4039419c79234e23a02f5) Importer(2089858483,0ecaa5967403d082aa24f35e1b516d23)
Start importing Assets/XML/Ideology/Ideology_8.xml using Guid(8871b6859db4039419c79234e23a02f5) Importer(2089858483,0ecaa5967403d082aa24f35e1b516d23) Generated GUIDs only implemented for interfaces!
 -> (artifact id: '0c69c05e20fda68af554c977afc73315') in 0.010194 seconds 
========================================================================
Received Import Request.
  Time since last request: 0.000018 seconds.
  path: Assets/XML/Ideology/Ideology_3.xml
  artifactKey: Guid(3fd5120467adf9b48a1857eb477021f3) Importer(2089858483,0ecaa5967403d082aa24f35e1b516d23)
Start importing Assets/XML/Ideology/Ideology_3.xml using Guid(3fd5120467adf9b48a1857eb477021f3) Importer(2089858483,0ecaa5967403d082aa24f35e1b516d23) Generated GUIDs only implemented for interfaces!
 -> (artifact id: 'e647acae7145427e197e35d04614efff') in 0.010351 seconds 
========================================================================
Received Import Request.
  Time since last request: 0.000017 seconds.
  path: Assets/Prefabs/Country Tab.prefab
  artifactKey: Guid(9465760bb5a0fbb47831fce92a0337ba) Importer(2089858483,0ecaa5967403d082aa24f35e1b516d23)
Start importing Assets/Prefabs/Country Tab.prefab using Guid(9465760bb5a0fbb47831fce92a0337ba) Importer(2089858483,0ecaa5967403d082aa24f35e1b516d23) Generated GUIDs only implemented for interfaces!
 -> (artifact id: 'cf0096eda76882c6ac9fa4318079230c') in 0.023523 seconds 
========================================================================
Received Import Request.
  Time since last request: 0.000018 seconds.
  path: Assets/40+ Simple Icons - Free/Message_Simple_Icons_UI.png
  artifactKey: Guid(73a92a4628e086f4aa40e4ca114b18a1) Importer(2089858483,0ecaa5967403d082aa24f35e1b516d23)
Start importing Assets/40+ Simple Icons - Free/Message_Simple_Icons_UI.png using Guid(73a92a4628e086f4aa40e4ca114b18a1) Importer(2089858483,0ecaa5967403d082aa24f35e1b516d23) Generated GUIDs only implemented for interfaces!
 -> (artifact id: 'e002c8e538988f579e4880d4ea80ab8e') in 0.029334 seconds 
========================================================================
Received Import Request.
  Time since last request: 0.000018 seconds.
  path: Assets/Scripts/UI/ReportUI.cs
  artifactKey: Guid(ef62ef09320aeb443b075d266639f313) Importer(2089858483,0ecaa5967403d082aa24f35e1b516d23)
Start importing Assets/Scripts/UI/ReportUI.cs using Guid(ef62ef09320aeb443b075d266639f313) Importer(2089858483,0ecaa5967403d082aa24f35e1b516d23) Generated GUIDs only implemented for interfaces!
 -> (artifact id: 'a436b51d040c7b9c52c25eb2839f7768') in 0.010508 seconds 
========================================================================
Received Import Request.
  Time since last request: 0.000024 seconds.
  path: Assets/XML/CityDefiniton/CityDefiniton_6.xml
  artifactKey: Guid(5492ab993c5bbee4aa91c133dae5f1c9) Importer(2089858483,0ecaa5967403d082aa24f35e1b516d23)
Start importing Assets/XML/CityDefiniton/CityDefiniton_6.xml using Guid(5492ab993c5bbee4aa91c133dae5f1c9) Importer(2089858483,0ecaa5967403d082aa24f35e1b516d23) Generated GUIDs only implemented for interfaces!
 -> (artifact id: '1759c56778d45f2ff9cd7afb47d5c95d') in 0.009152 seconds 
========================================================================
Received Import Request.
  Time since last request: 0.000014 seconds.
  path: Assets/40+ Simple Icons - Free/Cross_Simple_Icons_UI.png
  artifactKey: Guid(5a439fff18a35334ca3d76dc7446532d) Importer(2089858483,0ecaa5967403d082aa24f35e1b516d23)
Start importing Assets/40+ Simple Icons - Free/Cross_Simple_Icons_UI.png using Guid(5a439fff18a35334ca3d76dc7446532d) Importer(2089858483,0ecaa5967403d082aa24f35e1b516d23) Generated GUIDs only implemented for interfaces!
 -> (artifact id: '44ed62aeaa23b3b03dd5567721ee4d6c') in 0.023173 seconds 
========================================================================
Received Import Request.
  Time since last request: 0.000019 seconds.
  path: Assets/XML/CityDefiniton/CityDefiniton_8.xml
  artifactKey: Guid(b0f0e7c9fdec3374dbf2bcf381f80abc) Importer(2089858483,0ecaa5967403d082aa24f35e1b516d23)
Start importing Assets/XML/CityDefiniton/CityDefiniton_8.xml using Guid(b0f0e7c9fdec3374dbf2bcf381f80abc) Importer(2089858483,0ecaa5967403d082aa24f35e1b516d23) Generated GUIDs only implemented for interfaces!
 -> (artifact id: '00d7edfbfa7d7cd4fd5a259167e5e2f2') in 0.009287 seconds 
========================================================================
Received Import Request.
  Time since last request: 0.000014 seconds.
  path: Assets/XML/CityDefiniton/CityDefiniton_9.xml
  artifactKey: Guid(32850398f01d49c46a5a46b003e52aae) Importer(2089858483,0ecaa5967403d082aa24f35e1b516d23)
Start importing Assets/XML/CityDefiniton/CityDefiniton_9.xml using Guid(32850398f01d49c46a5a46b003e52aae) Importer(2089858483,0ecaa5967403d082aa24f35e1b516d23) Generated GUIDs only implemented for interfaces!
 -> (artifact id: '25221b01e99fd30fc927d4e0795f6c56') in 0.008710 seconds 
========================================================================
Received Import Request.
  Time since last request: 0.000017 seconds.
  path: Assets/Resource Files/Paper.png
  artifactKey: Guid(9cb758f2676dba648b6965aee043b0bb) Importer(2089858483,0ecaa5967403d082aa24f35e1b516d23)
Start importing Assets/Resource Files/Paper.png using Guid(9cb758f2676dba648b6965aee043b0bb) Importer(2089858483,0ecaa5967403d082aa24f35e1b516d23) Generated GUIDs only implemented for interfaces!
 -> (artifact id: 'c3d6b0717691375ead578ed06e7a755d') in 0.026172 seconds 
========================================================================
Received Import Request.
  Time since last request: 0.000015 seconds.
  path: Assets/Scripts/SocialClass.cs
  artifactKey: Guid(f7c0eb108efa20546a0db9c511681d0a) Importer(2089858483,0ecaa5967403d082aa24f35e1b516d23)
Start importing Assets/Scripts/SocialClass.cs using Guid(f7c0eb108efa20546a0db9c511681d0a) Importer(2089858483,0ecaa5967403d082aa24f35e1b516d23) Generated GUIDs only implemented for interfaces!
 -> (artifact id: '225ffca2ac2d05eb8a9a4a14965631b9') in 0.009501 seconds 
========================================================================
Received Import Request.
  Time since last request: 0.000015 seconds.
  path: Assets/Scripts/Events/Condition.cs
  artifactKey: Guid(19c06027048b9124dac0499ea3721dba) Importer(2089858483,0ecaa5967403d082aa24f35e1b516d23)
Start importing Assets/Scripts/Events/Condition.cs using Guid(19c06027048b9124dac0499ea3721dba) Importer(2089858483,0ecaa5967403d082aa24f35e1b516d23) Generated GUIDs only implemented for interfaces!
 -> (artifact id: '4c1523ad7b169e00a4a7e4131302229c') in 0.009985 seconds 
========================================================================
Received Import Request.
  Time since last request: 0.000018 seconds.
  path: Assets/40+ Simple Icons - Free/Awards_Simple_Icons_UI.png
  artifactKey: Guid(a6ec1fcf2f177464ea5771d9a50eea08) Importer(2089858483,0ecaa5967403d082aa24f35e1b516d23)
Start importing Assets/40+ Simple Icons - Free/Awards_Simple_Icons_UI.png using Guid(a6ec1fcf2f177464ea5771d9a50eea08) Importer(2089858483,0ecaa5967403d082aa24f35e1b516d23) Generated GUIDs only implemented for interfaces!
 -> (artifact id: '0efbc9539a34d64cb5ae03b2700de9a2') in 0.022559 seconds 
========================================================================
Received Import Request.
  Time since last request: 0.000023 seconds.
  path: Assets/Resource Files/stability.png
  artifactKey: Guid(c3cd75a3e62260f40aac0c29e04b9878) Importer(2089858483,0ecaa5967403d082aa24f35e1b516d23)
Start importing Assets/Resource Files/stability.png using Guid(c3cd75a3e62260f40aac0c29e04b9878) Importer(2089858483,0ecaa5967403d082aa24f35e1b516d23) Generated GUIDs only implemented for interfaces!
 -> (artifact id: 'db256ec23f9964fda0510416ab8dc60c') in 0.025589 seconds 
========================================================================
Received Import Request.
  Time since last request: 0.000014 seconds.
  path: Assets/40+ Simple Icons - Free/Scenes/Demo.unity
  artifactKey: Guid(2cda990e2423bbf4892e6590ba056729) Importer(2089858483,0ecaa5967403d082aa24f35e1b516d23)
Start importing Assets/40+ Simple Icons - Free/Scenes/Demo.unity using Guid(2cda990e2423bbf4892e6590ba056729) Importer(2089858483,0ecaa5967403d082aa24f35e1b516d23) Generated GUIDs only implemented for interfaces!
 -> (artifact id: '3d99eb3de7cac3327bf649c07baea198') in 0.008665 seconds 
========================================================================
Received Import Request.
  Time since last request: 0.000015 seconds.
  path: Assets/Scripts/CustomTypes/Tuple4.cs
  artifactKey: Guid(acae25062039e124aa0caca20d9befac) Importer(2089858483,0ecaa5967403d082aa24f35e1b516d23)
Start importing Assets/Scripts/CustomTypes/Tuple4.cs using Guid(acae25062039e124aa0caca20d9befac) Importer(2089858483,0ecaa5967403d082aa24f35e1b516d23) Generated GUIDs only implemented for interfaces!
 -> (artifact id: '857f7f4c42bd55f23fa9f050eb9c282e') in 0.009608 seconds 
========================================================================
Received Import Request.
  Time since last request: 0.000013 seconds.
  path: Assets/40+ Simple Icons - Free/Heart_Simple_Icons_UI.png
  artifactKey: Guid(61fb9ecce04358246901dadbdfbd2230) Importer(2089858483,0ecaa5967403d082aa24f35e1b516d23)
Start importing Assets/40+ Simple Icons - Free/Heart_Simple_Icons_UI.png using Guid(61fb9ecce04358246901dadbdfbd2230) Importer(2089858483,0ecaa5967403d082aa24f35e1b516d23) Generated GUIDs only implemented for interfaces!
 -> (artifact id: '17653bc71ce3fc6c663e7c08b65c356c') in 0.028991 seconds 
========================================================================
Received Import Request.
  Time since last request: 0.000019 seconds.
  path: Assets/XML/Person/Person_4.xml
  artifactKey: Guid(e70d43b267226ec429a634bc12fbc5bb) Importer(2089858483,0ecaa5967403d082aa24f35e1b516d23)
Start importing Assets/XML/Person/Person_4.xml using Guid(e70d43b267226ec429a634bc12fbc5bb) Importer(2089858483,0ecaa5967403d082aa24f35e1b516d23) Generated GUIDs only implemented for interfaces!
 -> (artifact id: '919cbb74f1bc6be3cf80d8d4f1649c10') in 0.009480 seconds 
========================================================================
Received Import Request.
  Time since last request: 0.000025 seconds.
  path: Assets/XML/Party/Party_0.xml
  artifactKey: Guid(976c5df9eb0544747b0f60b0476fa315) Importer(2089858483,0ecaa5967403d082aa24f35e1b516d23)
Start importing Assets/XML/Party/Party_0.xml using Guid(976c5df9eb0544747b0f60b0476fa315) Importer(2089858483,0ecaa5967403d082aa24f35e1b516d23) Generated GUIDs only implemented for interfaces!
 -> (artifact id: 'ccacb68ce46002740595fe91d912ecea') in 0.008694 seconds 
========================================================================
Received Import Request.
  Time since last request: 0.000015 seconds.
  path: Assets/XML/Person/Person_51.xml
  artifactKey: Guid(9f5d6880a50fdc6439c6d1106ed4b42d) Importer(2089858483,0ecaa5967403d082aa24f35e1b516d23)
Start importing Assets/XML/Person/Person_51.xml using Guid(9f5d6880a50fdc6439c6d1106ed4b42d) Importer(2089858483,0ecaa5967403d082aa24f35e1b516d23) Generated GUIDs only implemented for interfaces!
 -> (artifact id: '3d76256cb0cd5633ae3fc7b6f41aed36') in 0.008999 seconds 
========================================================================
Received Import Request.
  Time since last request: 0.000016 seconds.
  path: Assets/XML/Person/Person_23.xml
  artifactKey: Guid(3efb8602b81d67548b5ba0b0aabd2d47) Importer(2089858483,0ecaa5967403d082aa24f35e1b516d23)
Start importing Assets/XML/Person/Person_23.xml using Guid(3efb8602b81d67548b5ba0b0aabd2d47) Importer(2089858483,0ecaa5967403d082aa24f35e1b516d23) Generated GUIDs only implemented for interfaces!
 -> (artifact id: '82c2fa391e4c66c216bdbfc1430ff8b3') in 0.009681 seconds 
========================================================================
Received Import Request.
  Time since last request: 0.000015 seconds.
  path: Assets/XML/Person/Person_43.xml
  artifactKey: Guid(3614bec7fdbc94d459354e79895ae661) Importer(2089858483,0ecaa5967403d082aa24f35e1b516d23)
Start importing Assets/XML/Person/Person_43.xml using Guid(3614bec7fdbc94d459354e79895ae661) Importer(2089858483,0ecaa5967403d082aa24f35e1b516d23) Generated GUIDs only implemented for interfaces!
 -> (artifact id: '3a0dab70ce81ea450d5f0435008d28af') in 0.008689 seconds 
========================================================================
Received Import Request.
  Time since last request: 0.000018 seconds.
  path: Assets/XML/Person/Person_11.xml
  artifactKey: Guid(9f8da733f4d2db1449cb664f244b3f7f) Importer(2089858483,0ecaa5967403d082aa24f35e1b516d23)
Start importing Assets/XML/Person/Person_11.xml using Guid(9f8da733f4d2db1449cb664f244b3f7f) Importer(2089858483,0ecaa5967403d082aa24f35e1b516d23) Generated GUIDs only implemented for interfaces!
 -> (artifact id: '0bbe674fac29dc973e650827f003ae3d') in 0.009985 seconds 
========================================================================
Received Import Request.
  Time since last request: 0.000022 seconds.
  path: Assets/XML/Person/Person_5.xml
  artifactKey: Guid(5cd7135df0076394abc84b438d056f4a) Importer(2089858483,0ecaa5967403d082aa24f35e1b516d23)
Start importing Assets/XML/Person/Person_5.xml using Guid(5cd7135df0076394abc84b438d056f4a) Importer(2089858483,0ecaa5967403d082aa24f35e1b516d23) Generated GUIDs only implemented for interfaces!
 -> (artifact id: '274e40c3c4ac0788992ddfb0e5b58960') in 0.009123 seconds 
========================================================================
Received Import Request.
  Time since last request: 0.000014 seconds.
  path: Assets/XML/Person/Person_0.xml
  artifactKey: Guid(774b5049ec48853459d2cd767df47d0e) Importer(2089858483,0ecaa5967403d082aa24f35e1b516d23)
Start importing Assets/XML/Person/Person_0.xml using Guid(774b5049ec48853459d2cd767df47d0e) Importer(2089858483,0ecaa5967403d082aa24f35e1b516d23) Generated GUIDs only implemented for interfaces!
 -> (artifact id: 'b9e8724be4aea90e199df13d1c49dbb7') in 0.008749 seconds 
========================================================================
Received Import Request.
  Time since last request: 0.000017 seconds.
  path: Assets/XML/Person/Person_38.xml
  artifactKey: Guid(0c41c94e6a478114caea8120ecd77b5f) Importer(2089858483,0ecaa5967403d082aa24f35e1b516d23)
Start importing Assets/XML/Person/Person_38.xml using Guid(0c41c94e6a478114caea8120ecd77b5f) Importer(2089858483,0ecaa5967403d082aa24f35e1b516d23) Generated GUIDs only implemented for interfaces!
 -> (artifact id: '78399574cac6227fe9a384dd7f7824f5') in 0.008479 seconds 
========================================================================
Received Import Request.
  Time since last request: 0.000013 seconds.
  path: Assets/XML/Person/Person_37.xml
  artifactKey: Guid(db9b7181029de194985ab903777aa1c1) Importer(2089858483,0ecaa5967403d082aa24f35e1b516d23)
Start importing Assets/XML/Person/Person_37.xml using Guid(db9b7181029de194985ab903777aa1c1) Importer(2089858483,0ecaa5967403d082aa24f35e1b516d23) Generated GUIDs only implemented for interfaces!
 -> (artifact id: 'f15e32a61a05285a2095ff44fed2aa21') in 0.009445 seconds 
========================================================================
Received Import Request.
  Time since last request: 0.000015 seconds.
  path: Assets/XML/Person/Person_50.xml
  artifactKey: Guid(f256fa904b58d324db69b54415def099) Importer(2089858483,0ecaa5967403d082aa24f35e1b516d23)
Start importing Assets/XML/Person/Person_50.xml using Guid(f256fa904b58d324db69b54415def099) Importer(2089858483,0ecaa5967403d082aa24f35e1b516d23) Generated GUIDs only implemented for interfaces!
 -> (artifact id: '97ce9da685d56cd99f72ae7357a7ea84') in 0.008654 seconds 
========================================================================
Received Import Request.
  Time since last request: 0.000015 seconds.
  path: Assets/XML/Person/Person_44.xml
  artifactKey: Guid(41fc124afdbc55c4f8fbecdefcdc78c4) Importer(2089858483,0ecaa5967403d082aa24f35e1b516d23)
Start importing Assets/XML/Person/Person_44.xml using Guid(41fc124afdbc55c4f8fbecdefcdc78c4) Importer(2089858483,0ecaa5967403d082aa24f35e1b516d23) Generated GUIDs only implemented for interfaces!
 -> (artifact id: 'a7bc4338e7af2e64aa229b3a0506c40c') in 0.008613 seconds 
========================================================================
Received Import Request.
  Time since last request: 0.000019 seconds.
  path: Assets/XML/Person/Person_17.xml
  artifactKey: Guid(f3d536f74d503da43bb42323b3907456) Importer(2089858483,0ecaa5967403d082aa24f35e1b516d23)
Start importing Assets/XML/Person/Person_17.xml using Guid(f3d536f74d503da43bb42323b3907456) Importer(2089858483,0ecaa5967403d082aa24f35e1b516d23) Generated GUIDs only implemented for interfaces!
 -> (artifact id: '5d3c4dc6c663b7a0b75c04055b7e8422') in 0.009290 seconds 
========================================================================
Received Import Request.
  Time since last request: 0.000014 seconds.
  path: Assets/XML/Person/Person_1.xml
  artifactKey: Guid(399c66efacf602349b50b223ff898ac1) Importer(2089858483,0ecaa5967403d082aa24f35e1b516d23)
Start importing Assets/XML/Person/Person_1.xml using Guid(399c66efacf602349b50b223ff898ac1) Importer(2089858483,0ecaa5967403d082aa24f35e1b516d23) Generated GUIDs only implemented for interfaces!
 -> (artifact id: 'dee6a4ea3c08a89a3c0062ecd649a67f') in 0.008998 seconds 
========================================================================
Received Import Request.
  Time since last request: 0.000013 seconds.
  path: Assets/XML/Person/Person_22.xml
  artifactKey: Guid(7bedff64b141a14469aaefeb791ee22f) Importer(2089858483,0ecaa5967403d082aa24f35e1b516d23)
Start importing Assets/XML/Person/Person_22.xml using Guid(7bedff64b141a14469aaefeb791ee22f) Importer(2089858483,0ecaa5967403d082aa24f35e1b516d23) Generated GUIDs only implemented for interfaces!
 -> (artifact id: '443995143b1e4f02fe18e453ff6bb83b') in 0.010234 seconds 
========================================================================
Received Import Request.
  Time since last request: 0.000014 seconds.
  path: Assets/XML/Person/Person_46.xml
  artifactKey: Guid(934e585685933b74ba431dbae761df1f) Importer(2089858483,0ecaa5967403d082aa24f35e1b516d23)
Start importing Assets/XML/Person/Person_46.xml using Guid(934e585685933b74ba431dbae761df1f) Importer(2089858483,0ecaa5967403d082aa24f35e1b516d23) Generated GUIDs only implemented for interfaces!
 -> (artifact id: 'b5e2d1029eafff87cd0097157c143b6d') in 0.009052 seconds 
========================================================================
Received Import Request.
  Time since last request: 0.000016 seconds.
  path: Assets/XML/Person/Person_55.xml
  artifactKey: Guid(bf6d5a58ef933b342ae75f2957b76dfa) Importer(2089858483,0ecaa5967403d082aa24f35e1b516d23)
Start importing Assets/XML/Person/Person_55.xml using Guid(bf6d5a58ef933b342ae75f2957b76dfa) Importer(2089858483,0ecaa5967403d082aa24f35e1b516d23) Generated GUIDs only implemented for interfaces!
 -> (artifact id: '91a490de7d689122bbeffbcc7fac2804') in 0.009672 seconds 
========================================================================
Received Import Request.
  Time since last request: 0.000017 seconds.
  path: Assets/XML/Person/Person_15.xml
  artifactKey: Guid(7235b63e152322d4faab03548b924491) Importer(2089858483,0ecaa5967403d082aa24f35e1b516d23)
Start importing Assets/XML/Person/Person_15.xml using Guid(7235b63e152322d4faab03548b924491) Importer(2089858483,0ecaa5967403d082aa24f35e1b516d23) Generated GUIDs only implemented for interfaces!
 -> (artifact id: '0b8fa512180b43d0362e96c73e195a22') in 0.009829 seconds 
========================================================================
Received Import Request.
  Time since last request: 0.000015 seconds.
  path: Assets/XML/Person/Person_35.xml
  artifactKey: Guid(61bc5336037e74040a73d6c466b1c602) Importer(2089858483,0ecaa5967403d082aa24f35e1b516d23)
Start importing Assets/XML/Person/Person_35.xml using Guid(61bc5336037e74040a73d6c466b1c602) Importer(2089858483,0ecaa5967403d082aa24f35e1b516d23) Generated GUIDs only implemented for interfaces!
 -> (artifact id: '1eb9cdd830af75d9a2f78a15d0958c9c') in 0.009447 seconds 
========================================================================
Received Import Request.
  Time since last request: 0.000018 seconds.
  path: Assets/XML/Person/Person_29.xml
  artifactKey: Guid(9ab63f5096db3194caba51d1253dbb08) Importer(2089858483,0ecaa5967403d082aa24f35e1b516d23)
Start importing Assets/XML/Person/Person_29.xml using Guid(9ab63f5096db3194caba51d1253dbb08) Importer(2089858483,0ecaa5967403d082aa24f35e1b516d23) Generated GUIDs only implemented for interfaces!
 -> (artifact id: 'a835be7229c675b15200e2e6b7c50213') in 0.009701 seconds 
========================================================================
Received Import Request.
  Time since last request: 0.000023 seconds.
  path: Assets/XML/Opinion`1[Ideology]/Opinion`1[Ideology]_3.xml
  artifactKey: Guid(565b00d0d87a26245afe62f8a1e33ca0) Importer(2089858483,0ecaa5967403d082aa24f35e1b516d23)
Start importing Assets/XML/Opinion`1[Ideology]/Opinion`1[Ideology]_3.xml using Guid(565b00d0d87a26245afe62f8a1e33ca0) Importer(2089858483,0ecaa5967403d082aa24f35e1b516d23) Generated GUIDs only implemented for interfaces!
 -> (artifact id: 'a901e44ec08f596bdfe08dc3636c426c') in 0.009577 seconds 
========================================================================
Received Import Request.
  Time since last request: 0.000014 seconds.
  path: Assets/XML/Person/Person_39.xml
  artifactKey: Guid(ab0acbcb1d7c43244909ab3f12262e48) Importer(2089858483,0ecaa5967403d082aa24f35e1b516d23)
Start importing Assets/XML/Person/Person_39.xml using Guid(ab0acbcb1d7c43244909ab3f12262e48) Importer(2089858483,0ecaa5967403d082aa24f35e1b516d23) Generated GUIDs only implemented for interfaces!
 -> (artifact id: '72d5c953c2d39f2adf1593636f12fa2f') in 0.009845 seconds 
========================================================================
Received Import Request.
  Time since last request: 0.000015 seconds.
  path: Assets/XML/Opinion`1[Ideology]/Opinion`1[Ideology]_2.xml
  artifactKey: Guid(404c6067b904b014bb404809f054d27e) Importer(2089858483,0ecaa5967403d082aa24f35e1b516d23)
Start importing Assets/XML/Opinion`1[Ideology]/Opinion`1[Ideology]_2.xml using Guid(404c6067b904b014bb404809f054d27e) Importer(2089858483,0ecaa5967403d082aa24f35e1b516d23) Generated GUIDs only implemented for interfaces!
 -> (artifact id: '58cb35a6db5bd841dd3137e09abd125d') in 0.009740 seconds 
========================================================================
Received Import Request.
  Time since last request: 0.000020 seconds.
  path: Assets/XML/Opinion`1[Ideology]/Opinion`1[Ideology]_5.xml
  artifactKey: Guid(c3c636543c76b4944af06c46f35f705b) Importer(2089858483,0ecaa5967403d082aa24f35e1b516d23)
Start importing Assets/XML/Opinion`1[Ideology]/Opinion`1[Ideology]_5.xml using Guid(c3c636543c76b4944af06c46f35f705b) Importer(2089858483,0ecaa5967403d082aa24f35e1b516d23) Generated GUIDs only implemented for interfaces!
 -> (artifact id: 'bf9185fc3c98b742d027d2a8538c17c6') in 0.010035 seconds 
========================================================================
Received Import Request.
  Time since last request: 0.000018 seconds.
  path: Assets/XML/Opinion`1[Ideology]/Opinion`1[Ideology]_4.xml
  artifactKey: Guid(27dff6163b4742649b75adc811634522) Importer(2089858483,0ecaa5967403d082aa24f35e1b516d23)
Start importing Assets/XML/Opinion`1[Ideology]/Opinion`1[Ideology]_4.xml using Guid(27dff6163b4742649b75adc811634522) Importer(2089858483,0ecaa5967403d082aa24f35e1b516d23) Generated GUIDs only implemented for interfaces!
 -> (artifact id: '6e5ab6f24336726b7f7df594885cd20f') in 0.010047 seconds 
========================================================================
Received Import Request.
  Time since last request: 0.000013 seconds.
  path: Assets/XML/Person/Person_45.xml
  artifactKey: Guid(daf1367df6f882542b2529377d61eb57) Importer(2089858483,0ecaa5967403d082aa24f35e1b516d23)
Start importing Assets/XML/Person/Person_45.xml using Guid(daf1367df6f882542b2529377d61eb57) Importer(2089858483,0ecaa5967403d082aa24f35e1b516d23) Generated GUIDs only implemented for interfaces!
 -> (artifact id: '3cd6c78a2d02a18dd4b5149e4550eb04') in 0.013577 seconds 
========================================================================
Received Import Request.
  Time since last request: 0.000017 seconds.
  path: Assets/XML/Person/Person_49.xml
  artifactKey: Guid(42c914b7a62011d48a78f5d85c2e3c44) Importer(2089858483,0ecaa5967403d082aa24f35e1b516d23)
Start importing Assets/XML/Person/Person_49.xml using Guid(42c914b7a62011d48a78f5d85c2e3c44) Importer(2089858483,0ecaa5967403d082aa24f35e1b516d23) Generated GUIDs only implemented for interfaces!
 -> (artifact id: '47c7d221041c993660589e41cf68a999') in 0.009491 seconds 
========================================================================
Received Import Request.
  Time since last request: 0.000016 seconds.
  path: Assets/XML/Person/Person_24.xml
  artifactKey: Guid(a1dcdf5a45fd2f74e9bc9c57b6c5c578) Importer(2089858483,0ecaa5967403d082aa24f35e1b516d23)
Start importing Assets/XML/Person/Person_24.xml using Guid(a1dcdf5a45fd2f74e9bc9c57b6c5c578) Importer(2089858483,0ecaa5967403d082aa24f35e1b516d23) Generated GUIDs only implemented for interfaces!
 -> (artifact id: 'bc0d6777300d99b0bd01bf1c95ab4a6e') in 0.009946 seconds 
========================================================================
Received Import Request.
  Time since last request: 0.000014 seconds.
  path: Assets/40+ Simple Icons - Free/RightArrow_Simple_Icons_UI.png
  artifactKey: Guid(b14d9c5229d25b94f856ee295bbdab07) Importer(2089858483,0ecaa5967403d082aa24f35e1b516d23)
Start importing Assets/40+ Simple Icons - Free/RightArrow_Simple_Icons_UI.png using Guid(b14d9c5229d25b94f856ee295bbdab07) Importer(2089858483,0ecaa5967403d082aa24f35e1b516d23) Generated GUIDs only implemented for interfaces!
 -> (artifact id: '9b6f0d17f5ec6fc81ac9a97c3c6184a1') in 0.024541 seconds 
========================================================================
Received Import Request.
  Time since last request: 0.000014 seconds.
  path: Assets/40+ Simple Icons - Free/TrashCan_Simple_Icons_UI.png
  artifactKey: Guid(9b1d209a210356244935adde0dd7dd3d) Importer(2089858483,0ecaa5967403d082aa24f35e1b516d23)
Start importing Assets/40+ Simple Icons - Free/TrashCan_Simple_Icons_UI.png using Guid(9b1d209a210356244935adde0dd7dd3d) Importer(2089858483,0ecaa5967403d082aa24f35e1b516d23) Generated GUIDs only implemented for interfaces!
 -> (artifact id: '251f4debd72a96febf19e74ea587e009') in 0.020230 seconds 
========================================================================
Received Import Request.
  Time since last request: 0.000013 seconds.
  path: Assets/Scripts/UI/UIControl.cs
  artifactKey: Guid(19d18cccbd93aed4694abef671893ad4) Importer(2089858483,0ecaa5967403d082aa24f35e1b516d23)
Start importing Assets/Scripts/UI/UIControl.cs using Guid(19d18cccbd93aed4694abef671893ad4) Importer(2089858483,0ecaa5967403d082aa24f35e1b516d23) Generated GUIDs only implemented for interfaces!
 -> (artifact id: '66e132b8930cf5851a67819224a63b7e') in 0.010871 seconds 
========================================================================
Received Import Request.
  Time since last request: 0.000019 seconds.
  path: Assets/Resource Files/prestige.png
  artifactKey: Guid(ed1bcc4793b55db4e896b4e6a76a651d) Importer(2089858483,0ecaa5967403d082aa24f35e1b516d23)
Start importing Assets/Resource Files/prestige.png using Guid(ed1bcc4793b55db4e896b4e6a76a651d) Importer(2089858483,0ecaa5967403d082aa24f35e1b516d23) Generated GUIDs only implemented for interfaces!
 -> (artifact id: '5dc6542121b52b476598c5511499728b') in 0.024723 seconds 
========================================================================
Received Import Request.
  Time since last request: 0.000016 seconds.
  path: Assets/Resource Files/upndown.anim
  artifactKey: Guid(84490e37ab62af04aaa454def1e39b55) Importer(2089858483,0ecaa5967403d082aa24f35e1b516d23)
Start importing Assets/Resource Files/upndown.anim using Guid(84490e37ab62af04aaa454def1e39b55) Importer(2089858483,0ecaa5967403d082aa24f35e1b516d23) Generated GUIDs only implemented for interfaces!
 -> (artifact id: 'da66621db76fd6ea3243f8d1647eab06') in 0.013542 seconds 
========================================================================
Received Import Request.
  Time since last request: 0.000016 seconds.
  path: Assets/Scripts/Team.cs
  artifactKey: Guid(c4f5e155e23994f43a096520360619c3) Importer(2089858483,0ecaa5967403d082aa24f35e1b516d23)
Start importing Assets/Scripts/Team.cs using Guid(c4f5e155e23994f43a096520360619c3) Importer(2089858483,0ecaa5967403d082aa24f35e1b516d23) Generated GUIDs only implemented for interfaces!
 -> (artifact id: '7a8704ea7c98e3dcbe35728c1a6f2a92') in 0.009916 seconds 
========================================================================
Received Import Request.
  Time since last request: 0.000028 seconds.
  path: Assets/Scripts/XmlParse.cs
  artifactKey: Guid(7ae526141dad6724c8c847667ad41fbb) Importer(2089858483,0ecaa5967403d082aa24f35e1b516d23)
Start importing Assets/Scripts/XmlParse.cs using Guid(7ae526141dad6724c8c847667ad41fbb) Importer(2089858483,0ecaa5967403d082aa24f35e1b516d23) Generated GUIDs only implemented for interfaces!
 -> (artifact id: '6eb7e7485d166fbb62b8e0bae286449e') in 0.009434 seconds 
========================================================================
Received Import Request.
  Time since last request: 0.000015 seconds.
  path: Assets/XML/Person/Person_18.xml
  artifactKey: Guid(d52c36a4941624644887f5c50c44bdca) Importer(2089858483,0ecaa5967403d082aa24f35e1b516d23)
Start importing Assets/XML/Person/Person_18.xml using Guid(d52c36a4941624644887f5c50c44bdca) Importer(2089858483,0ecaa5967403d082aa24f35e1b516d23) Generated GUIDs only implemented for interfaces!
 -> (artifact id: '458978de0559f4e049e5183e548a38b2') in 0.009852 seconds 
========================================================================
Received Import Request.
  Time since last request: 0.000014 seconds.
  path: Assets/Prefabs/CityMarker.prefab
  artifactKey: Guid(637b2a936ea13aa41889fd9f508f6f33) Importer(2089858483,0ecaa5967403d082aa24f35e1b516d23)
Start importing Assets/Prefabs/CityMarker.prefab using Guid(637b2a936ea13aa41889fd9f508f6f33) Importer(2089858483,0ecaa5967403d082aa24f35e1b516d23) Generated GUIDs only implemented for interfaces!
 -> (artifact id: 'a63eb51f60ab2f05f872c7130338554e') in 0.011134 seconds 
========================================================================
Received Import Request.
  Time since last request: 0.000017 seconds.
  path: Assets/Resource Files/Tabs.png
  artifactKey: Guid(2aec5fe9f5bb11246a1808a83fb03d3a) Importer(2089858483,0ecaa5967403d082aa24f35e1b516d23)
Start importing Assets/Resource Files/Tabs.png using Guid(2aec5fe9f5bb11246a1808a83fb03d3a) Importer(2089858483,0ecaa5967403d082aa24f35e1b516d23) Generated GUIDs only implemented for interfaces!
 -> (artifact id: '42f01e05ffaed2d5fc7f8c542f407563') in 0.029475 seconds 
========================================================================
Received Import Request.
  Time since last request: 0.000019 seconds.
  path: Assets/XML/Person/Person_80.xml
  artifactKey: Guid(78c74095ea7e0d0449f99ffdd37d23e8) Importer(2089858483,0ecaa5967403d082aa24f35e1b516d23)
Start importing Assets/XML/Person/Person_80.xml using Guid(78c74095ea7e0d0449f99ffdd37d23e8) Importer(2089858483,0ecaa5967403d082aa24f35e1b516d23) Generated GUIDs only implemented for interfaces!
 -> (artifact id: 'a9c85db94975a22ae26257078e869de6') in 0.008971 seconds 
========================================================================
Received Import Request.
  Time since last request: 0.000015 seconds.
  path: Assets/XML/Person/Person_6.xml
  artifactKey: Guid(6470354afe4d74541a4c17c160d0b8a5) Importer(2089858483,0ecaa5967403d082aa24f35e1b516d23)
Start importing Assets/XML/Person/Person_6.xml using Guid(6470354afe4d74541a4c17c160d0b8a5) Importer(2089858483,0ecaa5967403d082aa24f35e1b516d23) Generated GUIDs only implemented for interfaces!
 -> (artifact id: '43461a8f12a64a562e7226248359a64a') in 0.009075 seconds 
========================================================================
Received Import Request.
  Time since last request: 0.000016 seconds.
  path: Assets/XML/Person/Person_67.xml
  artifactKey: Guid(e4b01620410cd1642ba9929c141c77cb) Importer(2089858483,0ecaa5967403d082aa24f35e1b516d23)
Start importing Assets/XML/Person/Person_67.xml using Guid(e4b01620410cd1642ba9929c141c77cb) Importer(2089858483,0ecaa5967403d082aa24f35e1b516d23) Generated GUIDs only implemented for interfaces!
 -> (artifact id: 'bbfd8303ac39baf2b52c0d8670565e5c') in 0.009006 seconds 
========================================================================
Received Import Request.
  Time since last request: 0.000015 seconds.
  path: Assets/XML/Person/Person_76.xml
  artifactKey: Guid(377ed3cb48d72874e95fd18e6c5a0bb7) Importer(2089858483,0ecaa5967403d082aa24f35e1b516d23)
Start importing Assets/XML/Person/Person_76.xml using Guid(377ed3cb48d72874e95fd18e6c5a0bb7) Importer(2089858483,0ecaa5967403d082aa24f35e1b516d23) Generated GUIDs only implemented for interfaces!
 -> (artifact id: '7d143aa02952af0abee2422ecce1c746') in 0.010153 seconds 
========================================================================
Received Import Request.
  Time since last request: 0.000016 seconds.
  path: Assets/XML/Person/Person_84.xml
  artifactKey: Guid(b3d427d6ddd45224089f5e594bd8e2db) Importer(2089858483,0ecaa5967403d082aa24f35e1b516d23)
Start importing Assets/XML/Person/Person_84.xml using Guid(b3d427d6ddd45224089f5e594bd8e2db) Importer(2089858483,0ecaa5967403d082aa24f35e1b516d23) Generated GUIDs only implemented for interfaces!
 -> (artifact id: 'd33d452708c3d1b0f9ee429e216d0923') in 0.009424 seconds 
========================================================================
Received Import Request.
  Time since last request: 0.000015 seconds.
  path: Assets/XML/Person/Person_77.xml
  artifactKey: Guid(674fbe214bcf621458de9353f5fbe083) Importer(2089858483,0ecaa5967403d082aa24f35e1b516d23)
Start importing Assets/XML/Person/Person_77.xml using Guid(674fbe214bcf621458de9353f5fbe083) Importer(2089858483,0ecaa5967403d082aa24f35e1b516d23) Generated GUIDs only implemented for interfaces!
 -> (artifact id: '4c0a41ed630fb5e7d097737610d8d622') in 0.009445 seconds 
========================================================================
Received Import Request.
  Time since last request: 0.000028 seconds.
  path: Assets/XML/Person/Person_68.xml
  artifactKey: Guid(761ad3b17434ba349a29987c9b2c3a63) Importer(2089858483,0ecaa5967403d082aa24f35e1b516d23)
Start importing Assets/XML/Person/Person_68.xml using Guid(761ad3b17434ba349a29987c9b2c3a63) Importer(2089858483,0ecaa5967403d082aa24f35e1b516d23) Generated GUIDs only implemented for interfaces!
 -> (artifact id: 'a301fec294e99cc88968cf2f9ddd9af8') in 0.009465 seconds 
========================================================================
Received Import Request.
  Time since last request: 0.000014 seconds.
  path: Assets/XML/Person/Person_66.xml
  artifactKey: Guid(e458a36fcb1ff7a42b90adaccde263ea) Importer(2089858483,0ecaa5967403d082aa24f35e1b516d23)
Start importing Assets/XML/Person/Person_66.xml using Guid(e458a36fcb1ff7a42b90adaccde263ea) Importer(2089858483,0ecaa5967403d082aa24f35e1b516d23) Generated GUIDs only implemented for interfaces!
 -> (artifact id: '3c48c21210bfadacbdbe4e06d4014669') in 0.013533 seconds 
========================================================================
Received Import Request.
  Time since last request: 0.000016 seconds.
  path: Assets/XML/Person/Person_83.xml
  artifactKey: Guid(31093c3db49c3d24fb78bd13a7e54fbc) Importer(2089858483,0ecaa5967403d082aa24f35e1b516d23)
Start importing Assets/XML/Person/Person_83.xml using Guid(31093c3db49c3d24fb78bd13a7e54fbc) Importer(2089858483,0ecaa5967403d082aa24f35e1b516d23) Generated GUIDs only implemented for interfaces!
 -> (artifact id: '0f5e6d959ad042669c1199b7a382d60f') in 0.009737 seconds 
========================================================================
Received Import Request.
  Time since last request: 0.000014 seconds.
  path: Assets/XML/Person/Person_79.xml
  artifactKey: Guid(5dcd6f659c776b440bd983af10c2e4cd) Importer(2089858483,0ecaa5967403d082aa24f35e1b516d23)
Start importing Assets/XML/Person/Person_79.xml using Guid(5dcd6f659c776b440bd983af10c2e4cd) Importer(2089858483,0ecaa5967403d082aa24f35e1b516d23) Generated GUIDs only implemented for interfaces!
 -> (artifact id: 'c0c304f5a0dc4e34352ca7586683169e') in 0.009362 seconds 
========================================================================
Received Import Request.
  Time since last request: 0.000014 seconds.
  path: Assets/XML/Person/Person_75.xml
  artifactKey: Guid(5ec05073f6d891b49a22bc98132b4c2d) Importer(2089858483,0ecaa5967403d082aa24f35e1b516d23)
Start importing Assets/XML/Person/Person_75.xml using Guid(5ec05073f6d891b49a22bc98132b4c2d) Importer(2089858483,0ecaa5967403d082aa24f35e1b516d23) Generated GUIDs only implemented for interfaces!
 -> (artifact id: '1145af04d8c0f4c42c1878c213f98473') in 0.009557 seconds 
========================================================================
Received Import Request.
  Time since last request: 0.000016 seconds.
  path: Assets/XML/Person/Person_92.xml
  artifactKey: Guid(c5e800e24c5432843bb0ef08fa80cc67) Importer(2089858483,0ecaa5967403d082aa24f35e1b516d23)
Start importing Assets/XML/Person/Person_92.xml using Guid(c5e800e24c5432843bb0ef08fa80cc67) Importer(2089858483,0ecaa5967403d082aa24f35e1b516d23) Generated GUIDs only implemented for interfaces!
 -> (artifact id: '17a59ddeabbf2c0d33a313afdcd4763c') in 0.009781 seconds 
========================================================================
Received Import Request.
  Time since last request: 0.000018 seconds.
  path: Assets/XML/Person/Person_71.xml
  artifactKey: Guid(b837ce5825e32f94baa77510302aefb7) Importer(2089858483,0ecaa5967403d082aa24f35e1b516d23)
Start importing Assets/XML/Person/Person_71.xml using Guid(b837ce5825e32f94baa77510302aefb7) Importer(2089858483,0ecaa5967403d082aa24f35e1b516d23) Generated GUIDs only implemented for interfaces!
 -> (artifact id: 'c18f72ca4f456779de24000daff4d300') in 0.009863 seconds 
========================================================================
Received Import Request.
  Time since last request: 0.000026 seconds.
  path: Assets/XML/Person/Person_65.xml
  artifactKey: Guid(7f5865a5931538146af2d7ed75dd793e) Importer(2089858483,0ecaa5967403d082aa24f35e1b516d23)
Start importing Assets/XML/Person/Person_65.xml using Guid(7f5865a5931538146af2d7ed75dd793e) Importer(2089858483,0ecaa5967403d082aa24f35e1b516d23) Generated GUIDs only implemented for interfaces!
 -> (artifact id: 'dce94747c58c0e3178115bc36a4cdd43') in 0.009942 seconds 
========================================================================
Received Import Request.
  Time since last request: 0.000013 seconds.
  path: Assets/XML/Person/Person_87.xml
  artifactKey: Guid(0ef08c66b77c55e43aa1bad4197bd363) Importer(2089858483,0ecaa5967403d082aa24f35e1b516d23)
Start importing Assets/XML/Person/Person_87.xml using Guid(0ef08c66b77c55e43aa1bad4197bd363) Importer(2089858483,0ecaa5967403d082aa24f35e1b516d23) Generated GUIDs only implemented for interfaces!
 -> (artifact id: '69eb894bee03e1ba79464b0fa2939f84') in 0.009953 seconds 
========================================================================
Received Import Request.
  Time since last request: 0.000013 seconds.
  path: Assets/XML/Person/Person_94.xml
  artifactKey: Guid(6166b989aba80f846847fbdc6f55a8b2) Importer(2089858483,0ecaa5967403d082aa24f35e1b516d23)
Start importing Assets/XML/Person/Person_94.xml using Guid(6166b989aba80f846847fbdc6f55a8b2) Importer(2089858483,0ecaa5967403d082aa24f35e1b516d23) Generated GUIDs only implemented for interfaces!
 -> (artifact id: '67ecd8aa51d8796f93ae747ab080a8a0') in 0.009410 seconds 
========================================================================
Received Import Request.
  Time since last request: 0.000013 seconds.
  path: Assets/XML/Person/Person_63.xml
  artifactKey: Guid(be4036fc742489e4882d1b5a61830cd7) Importer(2089858483,0ecaa5967403d082aa24f35e1b516d23)
Start importing Assets/XML/Person/Person_63.xml using Guid(be4036fc742489e4882d1b5a61830cd7) Importer(2089858483,0ecaa5967403d082aa24f35e1b516d23) Generated GUIDs only implemented for interfaces!
 -> (artifact id: 'ddd118792c2d504df73f0a59efa70648') in 0.012478 seconds 
========================================================================
Received Import Request.
  Time since last request: 0.000016 seconds.
  path: Assets/XML/Person/Person_58.xml
  artifactKey: Guid(689ae0c50fb196743ac321182a5c57f2) Importer(2089858483,0ecaa5967403d082aa24f35e1b516d23)
Start importing Assets/XML/Person/Person_58.xml using Guid(689ae0c50fb196743ac321182a5c57f2) Importer(2089858483,0ecaa5967403d082aa24f35e1b516d23) Generated GUIDs only implemented for interfaces!
 -> (artifact id: '166f6544f2b863adac4e362593d46b53') in 0.010291 seconds 
========================================================================
Received Import Request.
  Time since last request: 0.000025 seconds.
  path: Assets/Scripts/OutlineEffect/Resources/OutlineShader.shader
  artifactKey: Guid(3c30d1a2a85b9d4499dfc9ebea9ade8b) Importer(2089858483,0ecaa5967403d082aa24f35e1b516d23)
Start importing Assets/Scripts/OutlineEffect/Resources/OutlineShader.shader using Guid(3c30d1a2a85b9d4499dfc9ebea9ade8b) Importer(2089858483,0ecaa5967403d082aa24f35e1b516d23) Generated GUIDs only implemented for interfaces!
 -> (artifact id: 'eeb7587383113f04799f9706b9ed37f3') in 0.013147 seconds 
========================================================================
Received Import Request.
  Time since last request: 0.000014 seconds.
  path: Assets/XML/Person/Person_85.xml
  artifactKey: Guid(642d024c62697bd4aaf99b3a9686a5db) Importer(2089858483,0ecaa5967403d082aa24f35e1b516d23)
Start importing Assets/XML/Person/Person_85.xml using Guid(642d024c62697bd4aaf99b3a9686a5db) Importer(2089858483,0ecaa5967403d082aa24f35e1b516d23) Generated GUIDs only implemented for interfaces!
 -> (artifact id: 'cfeec2a2850cc7bb099bb019e537bef7') in 0.009637 seconds 
========================================================================
Received Import Request.
  Time since last request: 0.000017 seconds.
  path: Assets/XML/Person/Person_9.xml
  artifactKey: Guid(2c41f41d3cd2b5244bfebc8e9a56a6ca) Importer(2089858483,0ecaa5967403d082aa24f35e1b516d23)
Start importing Assets/XML/Person/Person_9.xml using Guid(2c41f41d3cd2b5244bfebc8e9a56a6ca) Importer(2089858483,0ecaa5967403d082aa24f35e1b516d23) Generated GUIDs only implemented for interfaces!
 -> (artifact id: 'a860ff0fb38dbe755effd41d521ee317') in 0.010327 seconds 
========================================================================
Received Import Request.
  Time since last request: 0.000018 seconds.
  path: Assets/XML/Person/Person_61.xml
  artifactKey: Guid(8474156c90df3284b88523ce6ce1fdb5) Importer(2089858483,0ecaa5967403d082aa24f35e1b516d23)
Start importing Assets/XML/Person/Person_61.xml using Guid(8474156c90df3284b88523ce6ce1fdb5) Importer(2089858483,0ecaa5967403d082aa24f35e1b516d23) Generated GUIDs only implemented for interfaces!
 -> (artifact id: 'a53c97001c6470f4df69e2ddffd7f0d0') in 0.011088 seconds 
========================================================================
Received Import Request.
  Time since last request: 0.000018 seconds.
  path: Assets/XML/Person/Person_69.xml
  artifactKey: Guid(69170b8ac1c747e429ff2a62cf50f7fa) Importer(2089858483,0ecaa5967403d082aa24f35e1b516d23)
Start importing Assets/XML/Person/Person_69.xml using Guid(69170b8ac1c747e429ff2a62cf50f7fa) Importer(2089858483,0ecaa5967403d082aa24f35e1b516d23) Generated GUIDs only implemented for interfaces!
 -> (artifact id: '97f41b2493cb37fc53f1fc9ef3cd1c9e') in 0.009103 seconds 
========================================================================
Received Import Request.
  Time since last request: 0.000018 seconds.
  path: Assets/Scripts/CustomTypes/Tuple.cs
  artifactKey: Guid(3f1599e186dd83d469806d27cc7153ce) Importer(2089858483,0ecaa5967403d082aa24f35e1b516d23)
Start importing Assets/Scripts/CustomTypes/Tuple.cs using Guid(3f1599e186dd83d469806d27cc7153ce) Importer(2089858483,0ecaa5967403d082aa24f35e1b516d23) Generated GUIDs only implemented for interfaces!
 -> (artifact id: 'a2378a289e785a7aaae584806f1f6900') in 0.010068 seconds 
========================================================================
Received Import Request.
  Time since last request: 0.000015 seconds.
  path: Assets/XML/Event/Event_15.xml
  artifactKey: Guid(c86d76a3a76789c4288295ed4f9d2260) Importer(2089858483,0ecaa5967403d082aa24f35e1b516d23)
Start importing Assets/XML/Event/Event_15.xml using Guid(c86d76a3a76789c4288295ed4f9d2260) Importer(2089858483,0ecaa5967403d082aa24f35e1b516d23) Generated GUIDs only implemented for interfaces!
 -> (artifact id: 'd59e006b0c373a164bb5e52777e54bce') in 0.008633 seconds 
========================================================================
Received Import Request.
  Time since last request: 0.000015 seconds.
  path: Assets/40+ Simple Icons - Free/LeftArrowC_Simple_Icons_UI.png
  artifactKey: Guid(02c93ab47b59c5b4a8426f579f2a1a2b) Importer(2089858483,0ecaa5967403d082aa24f35e1b516d23)
Start importing Assets/40+ Simple Icons - Free/LeftArrowC_Simple_Icons_UI.png using Guid(02c93ab47b59c5b4a8426f579f2a1a2b) Importer(2089858483,0ecaa5967403d082aa24f35e1b516d23) Generated GUIDs only implemented for interfaces!
 -> (artifact id: 'ec8ef3dc2928e413e1cc83462417067f') in 0.020843 seconds 
========================================================================
Received Import Request.
  Time since last request: 0.000013 seconds.
  path: Assets/Scripts/CitizenGroup.cs
  artifactKey: Guid(8bd73aad99a92054fa44a748aed8bac5) Importer(2089858483,0ecaa5967403d082aa24f35e1b516d23)
Start importing Assets/Scripts/CitizenGroup.cs using Guid(8bd73aad99a92054fa44a748aed8bac5) Importer(2089858483,0ecaa5967403d082aa24f35e1b516d23) Generated GUIDs only implemented for interfaces!
 -> (artifact id: '3d61f9edcc0b77168bcfba012f3688da') in 0.009288 seconds 
========================================================================
Received Import Request.
  Time since last request: 0.000017 seconds.
  path: Assets/XML/Opinion`1[Ideology]/Opinion`1[Ideology]_1.xml
  artifactKey: Guid(b3022110686814b4d91112b2889f97c9) Importer(2089858483,0ecaa5967403d082aa24f35e1b516d23)
Start importing Assets/XML/Opinion`1[Ideology]/Opinion`1[Ideology]_1.xml using Guid(b3022110686814b4d91112b2889f97c9) Importer(2089858483,0ecaa5967403d082aa24f35e1b516d23) Generated GUIDs only implemented for interfaces!
 -> (artifact id: '4a266b50cf4e6a22b3037f8ee1793a1d') in 0.009252 seconds 
========================================================================
Received Import Request.
  Time since last request: 0.000013 seconds.
  path: Assets/Scripts/Events/EventOption.cs
  artifactKey: Guid(2a2bac5361e06c1408a345191b79f31d) Importer(2089858483,0ecaa5967403d082aa24f35e1b516d23)
Start importing Assets/Scripts/Events/EventOption.cs using Guid(2a2bac5361e06c1408a345191b79f31d) Importer(2089858483,0ecaa5967403d082aa24f35e1b516d23) Generated GUIDs only implemented for interfaces!
 -> (artifact id: '367a89cf5e8dd627b4e32c0d4ac1504d') in 0.009977 seconds 
========================================================================
Received Import Request.
  Time since last request: 0.000018 seconds.
  path: Assets/XML/partynames.txt
  artifactKey: Guid(fbaadaa25e785fe409a0c765bc53e90f) Importer(2089858483,0ecaa5967403d082aa24f35e1b516d23)
Start importing Assets/XML/partynames.txt using Guid(fbaadaa25e785fe409a0c765bc53e90f) Importer(2089858483,0ecaa5967403d082aa24f35e1b516d23) Generated GUIDs only implemented for interfaces!
 -> (artifact id: '66c27bb18ff12d850da4324094085aa9') in 0.009480 seconds 
========================================================================
Received Import Request.
  Time since last request: 0.000022 seconds.
  path: Assets/XML/CityDefiniton/CityDefiniton_3.xml
  artifactKey: Guid(164eb3b3f8d6df140a9bc80e559fc61b) Importer(2089858483,0ecaa5967403d082aa24f35e1b516d23)
Start importing Assets/XML/CityDefiniton/CityDefiniton_3.xml using Guid(164eb3b3f8d6df140a9bc80e559fc61b) Importer(2089858483,0ecaa5967403d082aa24f35e1b516d23) Generated GUIDs only implemented for interfaces!
 -> (artifact id: 'cf44c2e37952fa81f1d2516b1c564bd2') in 0.009200 seconds 
========================================================================
Received Import Request.
  Time since last request: 0.000018 seconds.
  path: Assets/XML/Person/Person_16.xml
  artifactKey: Guid(8156e3c73e614a1469bd2d815771af4a) Importer(2089858483,0ecaa5967403d082aa24f35e1b516d23)
Start importing Assets/XML/Person/Person_16.xml using Guid(8156e3c73e614a1469bd2d815771af4a) Importer(2089858483,0ecaa5967403d082aa24f35e1b516d23) Generated GUIDs only implemented for interfaces!
 -> (artifact id: 'a5907fcf7042343e5d65e9c8a03872f9') in 0.009532 seconds 
========================================================================
Received Import Request.
  Time since last request: 0.000014 seconds.
  path: Assets/XML/Person/Person_36.xml
  artifactKey: Guid(f282448be90f78a43a348008d4b75cf2) Importer(2089858483,0ecaa5967403d082aa24f35e1b516d23)
Start importing Assets/XML/Person/Person_36.xml using Guid(f282448be90f78a43a348008d4b75cf2) Importer(2089858483,0ecaa5967403d082aa24f35e1b516d23) Generated GUIDs only implemented for interfaces!
 -> (artifact id: '5223900fee53a466b1d202b074e06e1b') in 0.008842 seconds 
========================================================================
Received Import Request.
  Time since last request: 0.000014 seconds.
  path: Assets/Scripts/Events/Effect.cs
  artifactKey: Guid(5de25150b9d105343950291a7ee62f05) Importer(2089858483,0ecaa5967403d082aa24f35e1b516d23)
Start importing Assets/Scripts/Events/Effect.cs using Guid(5de25150b9d105343950291a7ee62f05) Importer(2089858483,0ecaa5967403d082aa24f35e1b516d23) Generated GUIDs only implemented for interfaces!
 -> (artifact id: '640c003963554671805a57d445e6f3ba') in 0.009964 seconds 
========================================================================
Received Import Request.
  Time since last request: 0.000016 seconds.
  path: Assets/XML/Party/Party_1.xml
  artifactKey: Guid(7b392766411b93a479f447c5055de31c) Importer(2089858483,0ecaa5967403d082aa24f35e1b516d23)
Start importing Assets/XML/Party/Party_1.xml using Guid(7b392766411b93a479f447c5055de31c) Importer(2089858483,0ecaa5967403d082aa24f35e1b516d23) Generated GUIDs only implemented for interfaces!
 -> (artifact id: '2fcf29fa4307ccd696c3646c3c79d256') in 0.009035 seconds 
========================================================================
Received Import Request.
  Time since last request: 0.000015 seconds.
  path: Assets/XML/City/City_6.xml
  artifactKey: Guid(c3b4354eecc777d4c8026dda9895a597) Importer(2089858483,0ecaa5967403d082aa24f35e1b516d23)
Start importing Assets/XML/City/City_6.xml using Guid(c3b4354eecc777d4c8026dda9895a597) Importer(2089858483,0ecaa5967403d082aa24f35e1b516d23) Generated GUIDs only implemented for interfaces!
 -> (artifact id: 'd47074ef94ce62b068af76a6a93f1853') in 0.008732 seconds 
========================================================================
Received Import Request.
  Time since last request: 0.000015 seconds.
  path: Assets/XML/Ideology/Ideology_2.xml
  artifactKey: Guid(62c020ffaeb39e44e9885b7ea51a2a62) Importer(2089858483,0ecaa5967403d082aa24f35e1b516d23)
Start importing Assets/XML/Ideology/Ideology_2.xml using Guid(62c020ffaeb39e44e9885b7ea51a2a62) Importer(2089858483,0ecaa5967403d082aa24f35e1b516d23) Generated GUIDs only implemented for interfaces!
 -> (artifact id: 'e6f44106dec9335f3f9732db72889268') in 0.010534 seconds 
Editor requested this worker to shutdown with reason: Scaling down because of idle timeout
AssetImportWorker is now disconnected from the server
Process exiting
Exiting without the bug reporter. Application will terminate with return code 0