Using pre-set license
Built from '2021.3/staging' branch; Version is '2021.3.21f1 (1b156197d683) revision 1774945'; Using compiler version '192829333'; Build Type 'Release'
OS: 'Windows 11  (10.0.22631) 64bit Professional' Language: 'en' Physical Memory: 15755 MB
BatchMode: 1, IsHumanControllingUs: 0, StartBugReporterOnCrash: 0, Is64bit: 1, IsPro: 1

COMMAND LINE ARGUMENTS:
C:\Program Files\Unity\Hub\Editor\2021.3.21f1\Editor\Unity.exe
-adb2
-batchMode
-noUpm
-name
AssetImportWorker0
-projectPath
C:/Users/Doga/Documents/corrupta
-logFile
Logs/AssetImportWorker0.log
-srvPort
53774
Successfully changed project path to: C:/Users/Doga/Documents/corrupta
C:/Users/Doga/Documents/corrupta
[UnityMemory] Configuration Parameters - Can be set up in boot.config
    "memorysetup-bucket-allocator-granularity=16"
    "memorysetup-bucket-allocator-bucket-count=8"
    "memorysetup-bucket-allocator-block-size=33554432"
    "memorysetup-bucket-allocator-block-count=8"
    "memorysetup-main-allocator-block-size=16777216"
    "memorysetup-thread-allocator-block-size=16777216"
    "memorysetup-gfx-main-allocator-block-size=16777216"
    "memorysetup-gfx-thread-allocator-block-size=16777216"
    "memorysetup-cache-allocator-block-size=4194304"
    "memorysetup-typetree-allocator-block-size=2097152"
    "memorysetup-profiler-bucket-allocator-granularity=16"
    "memorysetup-profiler-bucket-allocator-bucket-count=8"
    "memorysetup-profiler-bucket-allocator-block-size=33554432"
    "memorysetup-profiler-bucket-allocator-block-count=8"
    "memorysetup-profiler-allocator-block-size=16777216"
    "memorysetup-profiler-editor-allocator-block-size=1048576"
    "memorysetup-temp-allocator-size-main=16777216"
    "memorysetup-job-temp-allocator-block-size=2097152"
    "memorysetup-job-temp-allocator-block-size-background=1048576"
    "memorysetup-job-temp-allocator-reduction-small-platforms=262144"
    "memorysetup-temp-allocator-size-background-worker=32768"
    "memorysetup-temp-allocator-size-job-worker=262144"
    "memorysetup-temp-allocator-size-preload-manager=33554432"
    "memorysetup-temp-allocator-size-nav-mesh-worker=65536"
    "memorysetup-temp-allocator-size-audio-worker=65536"
    "memorysetup-temp-allocator-size-cloud-worker=32768"
    "memorysetup-temp-allocator-size-gi-baking-worker=262144"
    "memorysetup-temp-allocator-size-gfx=262144"
Player connection [22048] Host "[IP] 192.168.1.41 [Port] 0 [Flags] 2 [Guid] 455704655 [EditorId] 455704655 [Version] 1048832 [Id] WindowsEditor(7,DESKTOP-OC316PR) [Debug] 1 [PackageName] WindowsEditor [ProjectName] Editor" joined multi-casting on [225.0.0.222:54997]...

Player connection [22048] Host "[IP] 192.168.1.41 [Port] 0 [Flags] 2 [Guid] 455704655 [EditorId] 455704655 [Version] 1048832 [Id] WindowsEditor(7,DESKTOP-OC316PR) [Debug] 1 [PackageName] WindowsEditor [ProjectName] Editor" joined alternative multi-casting on [225.0.0.222:34997]...

Refreshing native plugins compatible for Editor in 94.94 ms, found 4 plugins.
Preloading 0 native plugins for Editor in 0.00 ms.
Initialize engine version: 2021.3.21f1 (1b156197d683)
[Subsystems] Discovering subsystems at path C:/Program Files/Unity/Hub/Editor/2021.3.21f1/Editor/Data/Resources/UnitySubsystems
[Subsystems] Discovering subsystems at path C:/Users/Doga/Documents/corrupta/Assets
GfxDevice: creating device client; threaded=0; jobified=0
Direct3D:
    Version:  Direct3D 11.0 [level 11.1]
    Renderer: AMD Radeon(TM) Graphics (ID=0x164c)
    Vendor:   ATI
    VRAM:     7877 MB
    Driver:   31.0.21023.2010
Initialize mono
Mono path[0] = 'C:/Program Files/Unity/Hub/Editor/2021.3.21f1/Editor/Data/Managed'
Mono path[1] = 'C:/Program Files/Unity/Hub/Editor/2021.3.21f1/Editor/Data/MonoBleedingEdge/lib/mono/unityjit-win32'
Mono config path = 'C:/Program Files/Unity/Hub/Editor/2021.3.21f1/Editor/Data/MonoBleedingEdge/etc'
Using monoOptions --debugger-agent=transport=dt_socket,embedding=1,server=y,suspend=n,address=127.0.0.1:56328
Begin MonoManager ReloadAssembly
Registering precompiled unity dll's ...
Register platform support module: C:/Program Files/Unity/Hub/Editor/2021.3.21f1/Editor/Data/PlaybackEngines/AndroidPlayer/UnityEditor.Android.Extensions.dll
Register platform support module: C:/Program Files/Unity/Hub/Editor/2021.3.21f1/Editor/Data/PlaybackEngines/WindowsStandaloneSupport/UnityEditor.WindowsStandalone.Extensions.dll
Register platform support module: C:/Program Files/Unity/Hub/Editor/2021.3.21f1/Editor/Data/PlaybackEngines/MetroSupport/UnityEditor.UWP.Extensions.dll
Registered in 0.004733 seconds.
Native extension for UWP target not found
Native extension for WindowsStandalone target not found
Native extension for Android target not found
Android SDK Build-tools component is not found. Make sure all tools are installed in the SDK manager. Latest supported build-tools version is 30.0.3
UnityEngine.StackTraceUtility:ExtractStackTrace ()
UnityEngine.DebugLogHandler:LogFormat (UnityEngine.LogType,UnityEngine.Object,string,object[])
UnityEngine.Logger:Log (UnityEngine.LogType,object)
UnityEngine.Debug:LogError (object)
UnityEditor.Android.AndroidSDKTools:UpdateToolsDirectories ()
UnityEditor.Android.AndroidSDKTools:.ctor (string)
UnityEditor.Android.AndroidSDKTools:CreateAndroidSDKTools (string)
UnityEditor.Android.AndroidSDKTools:GetInstance<UnityEditor.Android.AndroidSDKTools> (UnityEditor.Android.AndroidSDKTools/InstanceCreator)
UnityEditor.Android.AndroidSDKTools:GetInstance ()
UnityEditor.Android.AndroidDeploymentTargetsExtension:GetMainThreadContext (bool)
UnityEditor.Android.TargetExtension:OnUsbDevicesChanged (UnityEditor.Hardware.UsbDevice[])
UnityEditor.Android.TargetExtension:OnLoad ()
UnityEditor.Modules.ModuleManager:InitializePlatformSupportModules ()

Android Extension - Scanning For ADB Devices 277 ms
Refreshing native plugins compatible for Editor in 145.24 ms, found 4 plugins.
Preloading 0 native plugins for Editor in 0.00 ms.
Mono: successfully reloaded assembly
- Completed reload, in  0.997 seconds
Domain Reload Profiling:
	ReloadAssembly (997ms)
		BeginReloadAssembly (83ms)
			ExecutionOrderSort (0ms)
			DisableScriptedObjects (0ms)
			BackupInstance (0ms)
			ReleaseScriptingObjects (0ms)
			CreateAndSetChildDomain (1ms)
		EndReloadAssembly (818ms)
			LoadAssemblies (82ms)
			RebuildTransferFunctionScriptingTraits (0ms)
			SetupTypeCache (110ms)
			ReleaseScriptCaches (0ms)
			RebuildScriptCaches (32ms)
			SetupLoadedEditorAssemblies (624ms)
				LogAssemblyErrors (0ms)
				InitializePlatformSupportModulesInManaged (347ms)
				SetLoadedEditorAssemblies (0ms)
				RefreshPlugins (145ms)
				BeforeProcessingInitializeOnLoad (1ms)
				ProcessInitializeOnLoadAttributes (88ms)
				ProcessInitializeOnLoadMethodAttributes (42ms)
				AfterProcessingInitializeOnLoad (0ms)
				EditorAssembliesLoaded (0ms)
			ExecutionOrderSort2 (0ms)
			AwakeInstancesAfterBackupRestoration (0ms)
Platform modules already initialized, skipping
Registering precompiled user dll's ...
Registered in 0.010264 seconds.
Begin MonoManager ReloadAssembly
Native extension for UWP target not found
Native extension for WindowsStandalone target not found
Native extension for Android target not found
Refreshing native plugins compatible for Editor in 79.27 ms, found 4 plugins.
Preloading 0 native plugins for Editor in 0.00 ms.
Mono: successfully reloaded assembly
- Completed reload, in  2.599 seconds
Domain Reload Profiling:
	ReloadAssembly (2600ms)
		BeginReloadAssembly (136ms)
			ExecutionOrderSort (0ms)
			DisableScriptedObjects (7ms)
			BackupInstance (0ms)
			ReleaseScriptingObjects (0ms)
			CreateAndSetChildDomain (28ms)
		EndReloadAssembly (2357ms)
			LoadAssemblies (148ms)
			RebuildTransferFunctionScriptingTraits (0ms)
			SetupTypeCache (272ms)
			ReleaseScriptCaches (1ms)
			RebuildScriptCaches (76ms)
			SetupLoadedEditorAssemblies (1825ms)
				LogAssemblyErrors (0ms)
				InitializePlatformSupportModulesInManaged (18ms)
				SetLoadedEditorAssemblies (0ms)
				RefreshPlugins (79ms)
				BeforeProcessingInitializeOnLoad (107ms)
				ProcessInitializeOnLoadAttributes (1203ms)
				ProcessInitializeOnLoadMethodAttributes (413ms)
				AfterProcessingInitializeOnLoad (5ms)
				EditorAssembliesLoaded (0ms)
			ExecutionOrderSort2 (0ms)
			AwakeInstancesAfterBackupRestoration (6ms)
Platform modules already initialized, skipping
========================================================================
Worker process is ready to serve import requests
Launched and connected shader compiler UnityShaderCompiler.exe after 0.06 seconds
Refreshing native plugins compatible for Editor in 1.77 ms, found 4 plugins.
Preloading 0 native plugins for Editor in 0.00 ms.
Unloading 4462 Unused Serialized files (Serialized files now loaded: 0)
Unloading 88 unused Assets / (0.7 MB). Loaded Objects now: 4942.
Memory consumption went from 193.2 MB to 192.4 MB.
Total: 45.937400 ms (FindLiveObjects: 0.717700 ms CreateObjectMapping: 0.126100 ms MarkObjects: 43.776000 ms  DeleteObjects: 1.314500 ms)

AssetImportParameters requested are different than current active one (requested -> active):
  custom:video-decoder-ogg-theora: a1e56fd34408186e4bbccfd4996cb3dc -> 
  custom:container-muxer-webm: aa71ff27fc2769a1b78a27578f13a17b -> 
  custom:container-demuxer-webm: 4f35f7cbe854078d1ac9338744f61a02 -> 
  custom:video-encoder-webm-vp8: eb34c28f22e8b96e1ab97ce403110664 -> 
  custom:audio-encoder-webm-vorbis: bf7c407c2cedff20999df2af8eb42d56 -> 
  custom:framework-win-MediaFoundation: 216162199b28c13a410421893ffa2e32 -> 
  custom:container-demuxer-ogg: 62fdf1f143b41e24485cea50d1cbac27 -> 
  custom:video-decoder-webm-vp8: 9c59270c3fd7afecdb556c50c9e8de78 -> 
  custom:audio-decoder-ogg-vorbis: bf7c407c2cedff20999df2af8eb42d56 -> 
========================================================================
Received Import Request.
  Time since last request: 2662868.464174 seconds.
  path: Assets/Plugins/Easy performant outline/Demo/Models for Demo scene/Free 2D Demo Character sprite sheet/Sprite sheet/_0081_Walk-hero01_006.png.png
  artifactKey: Guid(0165c22192061224492cf27d2dd04612) Importer(815301076,1909f56bfc062723c751e8b465ee728b)
Start importing Assets/Plugins/Easy performant outline/Demo/Models for Demo scene/Free 2D Demo Character sprite sheet/Sprite sheet/_0081_Walk-hero01_006.png.png using Guid(0165c22192061224492cf27d2dd04612) Importer(815301076,1909f56bfc062723c751e8b465ee728b)  -> (artifact id: '62301ac45877a8186b658022805ec199') in 0.169233 seconds 
========================================================================
Received Import Request.
  Time since last request: 0.000063 seconds.
  path: Assets/Plugins/Easy performant outline/Demo/Models for Demo scene/Free 2D Demo Character sprite sheet/Sprite sheet/_0051_Sit-down01-hero01_012.png.png
  artifactKey: Guid(ca6c13ce0b952e641b50b1db44019e47) Importer(815301076,1909f56bfc062723c751e8b465ee728b)
Start importing Assets/Plugins/Easy performant outline/Demo/Models for Demo scene/Free 2D Demo Character sprite sheet/Sprite sheet/_0051_Sit-down01-hero01_012.png.png using Guid(ca6c13ce0b952e641b50b1db44019e47) Importer(815301076,1909f56bfc062723c751e8b465ee728b)  -> (artifact id: '8c28637fe42b4d34b0b25973f919261f') in 0.043039 seconds 
========================================================================
Received Import Request.
  Time since last request: 0.000047 seconds.
  path: Assets/TextMesh Pro/Examples & Extras/Resources/Fonts & Materials/Roboto-Bold SDF - Drop Shadow.mat
  artifactKey: Guid(b246c4190f4e46ec9352fe15a7b09ce0) Importer(815301076,1909f56bfc062723c751e8b465ee728b)
Start importing Assets/TextMesh Pro/Examples & Extras/Resources/Fonts & Materials/Roboto-Bold SDF - Drop Shadow.mat using Guid(b246c4190f4e46ec9352fe15a7b09ce0) Importer(815301076,1909f56bfc062723c751e8b465ee728b)  -> (artifact id: '2bc59faa71affffef56301b9763aef5a') in 0.288571 seconds 
========================================================================
Received Import Request.
  Time since last request: 0.000042 seconds.
  path: Assets/Plugins/Easy performant outline/Demo/Models for Demo scene/Free 2D Demo Character sprite sheet/Sprite sheet/_0082_Walk-hero01_007.png.png
  artifactKey: Guid(d4b6816da57fdf14885d832343a13a3a) Importer(815301076,1909f56bfc062723c751e8b465ee728b)
Start importing Assets/Plugins/Easy performant outline/Demo/Models for Demo scene/Free 2D Demo Character sprite sheet/Sprite sheet/_0082_Walk-hero01_007.png.png using Guid(d4b6816da57fdf14885d832343a13a3a) Importer(815301076,1909f56bfc062723c751e8b465ee728b)  -> (artifact id: '504e5ea7169c021cc60b7e73cfdd9ff9') in 0.045400 seconds 
========================================================================
Received Import Request.
  Time since last request: 0.000048 seconds.
  path: Assets/Plugins/Easy performant outline/Demo/Models for Demo scene/Free 2D Demo Character sprite sheet/Sprite sheet/_0084_Walk-hero01_009.png.png
  artifactKey: Guid(4a85fbe9584179d438ce5debcf3ee6e6) Importer(815301076,1909f56bfc062723c751e8b465ee728b)
Start importing Assets/Plugins/Easy performant outline/Demo/Models for Demo scene/Free 2D Demo Character sprite sheet/Sprite sheet/_0084_Walk-hero01_009.png.png using Guid(4a85fbe9584179d438ce5debcf3ee6e6) Importer(815301076,1909f56bfc062723c751e8b465ee728b)  -> (artifact id: '4f87cb434b1a3e3a49c497f24c193dec') in 0.045766 seconds 
========================================================================
Received Import Request.
  Time since last request: 0.000032 seconds.
  path: Assets/Plugins/Easy performant outline/Demo/Models for Demo scene/Free 2D Demo Character sprite sheet/Sprite sheet/_0079_Walk-hero01_004.png.png
  artifactKey: Guid(b39cc9afe8b1158488e79f9437dd54c4) Importer(815301076,1909f56bfc062723c751e8b465ee728b)
Start importing Assets/Plugins/Easy performant outline/Demo/Models for Demo scene/Free 2D Demo Character sprite sheet/Sprite sheet/_0079_Walk-hero01_004.png.png using Guid(b39cc9afe8b1158488e79f9437dd54c4) Importer(815301076,1909f56bfc062723c751e8b465ee728b)  -> (artifact id: 'de0cda2ae83f0386fc1b984cf172a332') in 0.040411 seconds 
========================================================================
Received Import Request.
  Time since last request: 0.000040 seconds.
  path: Assets/Plugins/Easy performant outline/Demo/Models for Demo scene/Free 2D Demo Character sprite sheet/Sprite sheet/_0077_Walk-hero01_002.png.png
  artifactKey: Guid(ffdabf894642609439a83cae41ebe5f4) Importer(815301076,1909f56bfc062723c751e8b465ee728b)
Start importing Assets/Plugins/Easy performant outline/Demo/Models for Demo scene/Free 2D Demo Character sprite sheet/Sprite sheet/_0077_Walk-hero01_002.png.png using Guid(ffdabf894642609439a83cae41ebe5f4) Importer(815301076,1909f56bfc062723c751e8b465ee728b)  -> (artifact id: 'ada286b8d714d5b771d34d3e0044afea') in 0.043634 seconds 
========================================================================
Received Import Request.
  Time since last request: 0.000041 seconds.
  path: Assets/TextMesh Pro/Examples & Extras/Resources/Fonts & Materials/Bangers SDF - Drop Shadow.mat
  artifactKey: Guid(f2dcf029949142e28b974630369c8b4e) Importer(815301076,1909f56bfc062723c751e8b465ee728b)
Start importing Assets/TextMesh Pro/Examples & Extras/Resources/Fonts & Materials/Bangers SDF - Drop Shadow.mat using Guid(f2dcf029949142e28b974630369c8b4e) Importer(815301076,1909f56bfc062723c751e8b465ee728b)  -> (artifact id: 'a3b6f5c141098c576cef73658df935fe') in 0.024821 seconds 
========================================================================
Received Import Request.
  Time since last request: 0.000044 seconds.
  path: Assets/Font/Albertsthal Typewriter SDF.asset
  artifactKey: Guid(0cc7fa4dc8f90410eab92770a9b8339a) Importer(815301076,1909f56bfc062723c751e8b465ee728b)
Start importing Assets/Font/Albertsthal Typewriter SDF.asset using Guid(0cc7fa4dc8f90410eab92770a9b8339a) Importer(815301076,1909f56bfc062723c751e8b465ee728b)  -> (artifact id: 'ddbcb5f979be20b6003a7b4462870323') in 0.057814 seconds 
========================================================================
Received Import Request.
  Time since last request: 0.000050 seconds.
  path: Assets/Plugins/Easy performant outline/Demo/Models for Demo scene/Free 2D Demo Character sprite sheet/Sprite sheet/_0049_Sit-down01-hero01_010.png.png
  artifactKey: Guid(e069257304625904d8ebd49b16941557) Importer(815301076,1909f56bfc062723c751e8b465ee728b)
Start importing Assets/Plugins/Easy performant outline/Demo/Models for Demo scene/Free 2D Demo Character sprite sheet/Sprite sheet/_0049_Sit-down01-hero01_010.png.png using Guid(e069257304625904d8ebd49b16941557) Importer(815301076,1909f56bfc062723c751e8b465ee728b)  -> (artifact id: 'c112175941ec7eec9db69ba73c4550a8') in 0.041848 seconds 
========================================================================
Received Import Request.
  Time since last request: 0.000034 seconds.
  path: Assets/Plugins/Easy performant outline/Demo/Models for Demo scene/Free 2D Demo Character sprite sheet/Sprite sheet/_0083_Walk-hero01_008.png.png
  artifactKey: Guid(df3c0100ab1b29749bfece931bd4cde7) Importer(815301076,1909f56bfc062723c751e8b465ee728b)
Start importing Assets/Plugins/Easy performant outline/Demo/Models for Demo scene/Free 2D Demo Character sprite sheet/Sprite sheet/_0083_Walk-hero01_008.png.png using Guid(df3c0100ab1b29749bfece931bd4cde7) Importer(815301076,1909f56bfc062723c751e8b465ee728b)  -> (artifact id: '45077bfaf10646b548beab09ba0fe1be') in 0.037982 seconds 
========================================================================
Received Import Request.
  Time since last request: 0.000035 seconds.
  path: Assets/TextMesh Pro/Examples & Extras/Materials/Ground - Surface Shader Scene.mat
  artifactKey: Guid(aadd5a709a48466c887296bb5b1b8110) Importer(815301076,1909f56bfc062723c751e8b465ee728b)
Start importing Assets/TextMesh Pro/Examples & Extras/Materials/Ground - Surface Shader Scene.mat using Guid(aadd5a709a48466c887296bb5b1b8110) Importer(815301076,1909f56bfc062723c751e8b465ee728b)  -> (artifact id: '0b4561925470a5d32491166e1556a2b1') in 0.056266 seconds 
========================================================================
Received Import Request.
  Time since last request: 0.000036 seconds.
  path: Assets/Plugins/Easy performant outline/Demo/Models for Demo scene/Free 2D Demo Character sprite sheet/Sprite sheet/_0042_Sit-down01-hero01_003.png.png
  artifactKey: Guid(ce70e300a5d46ac448094915bfcdea83) Importer(815301076,1909f56bfc062723c751e8b465ee728b)
Start importing Assets/Plugins/Easy performant outline/Demo/Models for Demo scene/Free 2D Demo Character sprite sheet/Sprite sheet/_0042_Sit-down01-hero01_003.png.png using Guid(ce70e300a5d46ac448094915bfcdea83) Importer(815301076,1909f56bfc062723c751e8b465ee728b)  -> (artifact id: 'cae5034a29d38a58d91f68bb7e0270d1') in 0.039448 seconds 
========================================================================
Received Import Request.
  Time since last request: 0.000051 seconds.
  path: Assets/Plugins/Easy performant outline/Demo/Models for Demo scene/Free 2D Demo Character sprite sheet/Sprite sheet/_0047_Sit-down01-hero01_008.png.png
  artifactKey: Guid(e3b9c72bbfe1fa64888b763ef7bf8364) Importer(815301076,1909f56bfc062723c751e8b465ee728b)
Start importing Assets/Plugins/Easy performant outline/Demo/Models for Demo scene/Free 2D Demo Character sprite sheet/Sprite sheet/_0047_Sit-down01-hero01_008.png.png using Guid(e3b9c72bbfe1fa64888b763ef7bf8364) Importer(815301076,1909f56bfc062723c751e8b465ee728b)  -> (artifact id: 'f3f6dff8eb4eb3972e4214a6d184d716') in 0.042095 seconds 
========================================================================
Received Import Request.
  Time since last request: 0.000101 seconds.
  path: Assets/Plugins/Easy performant outline/Demo/Models for Demo scene/Free 2D Demo Character sprite sheet/Sprite sheet/_0044_Sit-down01-hero01_005.png.png
  artifactKey: Guid(7ffcde817a975df41baf94db8b2902a2) Importer(815301076,1909f56bfc062723c751e8b465ee728b)
Start importing Assets/Plugins/Easy performant outline/Demo/Models for Demo scene/Free 2D Demo Character sprite sheet/Sprite sheet/_0044_Sit-down01-hero01_005.png.png using Guid(7ffcde817a975df41baf94db8b2902a2) Importer(815301076,1909f56bfc062723c751e8b465ee728b)  -> (artifact id: '1812f0bc53233099bb247a91011abd5c') in 0.039710 seconds 
========================================================================
Received Import Request.
  Time since last request: 0.000044 seconds.
  path: Assets/40+ Simple Icons - Free/Awards_Simple_Icons_UI.png
  artifactKey: Guid(a6ec1fcf2f177464ea5771d9a50eea08) Importer(815301076,1909f56bfc062723c751e8b465ee728b)
Start importing Assets/40+ Simple Icons - Free/Awards_Simple_Icons_UI.png using Guid(a6ec1fcf2f177464ea5771d9a50eea08) Importer(815301076,1909f56bfc062723c751e8b465ee728b)  -> (artifact id: '6e4c2b49aa5eda110f33620a46a88cc0') in 0.040462 seconds 
========================================================================
Received Import Request.
  Time since last request: 0.000097 seconds.
  path: Assets/Plugins/Easy performant outline/Demo/Models for Demo scene/Free 2D Demo Character sprite sheet/Sprite sheet/_0041_Sit-down01-hero01_002.png.png
  artifactKey: Guid(356dcc270961224439f7f9820701de8e) Importer(815301076,1909f56bfc062723c751e8b465ee728b)
Start importing Assets/Plugins/Easy performant outline/Demo/Models for Demo scene/Free 2D Demo Character sprite sheet/Sprite sheet/_0041_Sit-down01-hero01_002.png.png using Guid(356dcc270961224439f7f9820701de8e) Importer(815301076,1909f56bfc062723c751e8b465ee728b)  -> (artifact id: '331c0fb1db0d761553447b78bbdc2eab') in 0.041653 seconds 
========================================================================
Received Import Request.
  Time since last request: 0.000042 seconds.
  path: Assets/Plugins/Easy performant outline/Demo/Models for Demo scene/Free 2D Demo Character sprite sheet/Sprite sheet/_0052_Sit-down01-hero01_013.png.png
  artifactKey: Guid(d371a56aaef2e3f49ade2888eac07d5e) Importer(815301076,1909f56bfc062723c751e8b465ee728b)
Start importing Assets/Plugins/Easy performant outline/Demo/Models for Demo scene/Free 2D Demo Character sprite sheet/Sprite sheet/_0052_Sit-down01-hero01_013.png.png using Guid(d371a56aaef2e3f49ade2888eac07d5e) Importer(815301076,1909f56bfc062723c751e8b465ee728b)  -> (artifact id: 'ac9d1e39115fdbd1b0723dbadc18c218') in 0.045305 seconds 
========================================================================
Received Prepare
Registering precompiled user dll's ...
Registered in 0.009824 seconds.
Begin MonoManager ReloadAssembly
Native extension for UWP target not found
Native extension for WindowsStandalone target not found
Native extension for Android target not found
Refreshing native plugins compatible for Editor in 1.45 ms, found 4 plugins.
Preloading 0 native plugins for Editor in 0.00 ms.
Mono: successfully reloaded assembly
- Completed reload, in  2.589 seconds
Domain Reload Profiling:
	ReloadAssembly (2590ms)
		BeginReloadAssembly (200ms)
			ExecutionOrderSort (0ms)
			DisableScriptedObjects (12ms)
			BackupInstance (0ms)
			ReleaseScriptingObjects (0ms)
			CreateAndSetChildDomain (77ms)
		EndReloadAssembly (2292ms)
			LoadAssemblies (104ms)
			RebuildTransferFunctionScriptingTraits (0ms)
			SetupTypeCache (255ms)
			ReleaseScriptCaches (2ms)
			RebuildScriptCaches (56ms)
			SetupLoadedEditorAssemblies (1787ms)
				LogAssemblyErrors (0ms)
				InitializePlatformSupportModulesInManaged (19ms)
				SetLoadedEditorAssemblies (0ms)
				RefreshPlugins (2ms)
				BeforeProcessingInitializeOnLoad (89ms)
				ProcessInitializeOnLoadAttributes (1141ms)
				ProcessInitializeOnLoadMethodAttributes (530ms)
				AfterProcessingInitializeOnLoad (6ms)
				EditorAssembliesLoaded (0ms)
			ExecutionOrderSort2 (0ms)
			AwakeInstancesAfterBackupRestoration (18ms)
Platform modules already initialized, skipping
Refreshing native plugins compatible for Editor in 9.00 ms, found 4 plugins.
Preloading 0 native plugins for Editor in 0.00 ms.
Unloading 4301 Unused Serialized files (Serialized files now loaded: 0)
Unloading 77 unused Assets / (0.7 MB). Loaded Objects now: 5041.
Memory consumption went from 189.1 MB to 188.4 MB.
Total: 33.830500 ms (FindLiveObjects: 1.013800 ms CreateObjectMapping: 0.161500 ms MarkObjects: 31.629900 ms  DeleteObjects: 1.021800 ms)

AssetImportParameters requested are different than current active one (requested -> active):
  custom:video-decoder-ogg-theora: a1e56fd34408186e4bbccfd4996cb3dc -> 
  custom:container-muxer-webm: aa71ff27fc2769a1b78a27578f13a17b -> 
  custom:container-demuxer-webm: 4f35f7cbe854078d1ac9338744f61a02 -> 
  custom:video-encoder-webm-vp8: eb34c28f22e8b96e1ab97ce403110664 -> 
  custom:audio-encoder-webm-vorbis: bf7c407c2cedff20999df2af8eb42d56 -> 
  custom:framework-win-MediaFoundation: 216162199b28c13a410421893ffa2e32 -> 
  custom:container-demuxer-ogg: 62fdf1f143b41e24485cea50d1cbac27 -> 
  custom:video-decoder-webm-vp8: 9c59270c3fd7afecdb556c50c9e8de78 -> 
  custom:audio-decoder-ogg-vorbis: bf7c407c2cedff20999df2af8eb42d56 -> 
========================================================================
Received Prepare
Registering precompiled user dll's ...
Registered in 0.009595 seconds.
Begin MonoManager ReloadAssembly
Native extension for UWP target not found
Native extension for WindowsStandalone target not found
Native extension for Android target not found
Refreshing native plugins compatible for Editor in 1.43 ms, found 4 plugins.
Preloading 0 native plugins for Editor in 0.00 ms.
Mono: successfully reloaded assembly
- Completed reload, in  2.784 seconds
Domain Reload Profiling:
	ReloadAssembly (2786ms)
		BeginReloadAssembly (170ms)
			ExecutionOrderSort (0ms)
			DisableScriptedObjects (7ms)
			BackupInstance (0ms)
			ReleaseScriptingObjects (0ms)
			CreateAndSetChildDomain (62ms)
		EndReloadAssembly (2514ms)
			LoadAssemblies (110ms)
			RebuildTransferFunctionScriptingTraits (0ms)
			SetupTypeCache (254ms)
			ReleaseScriptCaches (2ms)
			RebuildScriptCaches (50ms)
			SetupLoadedEditorAssemblies (1996ms)
				LogAssemblyErrors (0ms)
				InitializePlatformSupportModulesInManaged (19ms)
				SetLoadedEditorAssemblies (0ms)
				RefreshPlugins (2ms)
				BeforeProcessingInitializeOnLoad (88ms)
				ProcessInitializeOnLoadAttributes (1317ms)
				ProcessInitializeOnLoadMethodAttributes (563ms)
				AfterProcessingInitializeOnLoad (7ms)
				EditorAssembliesLoaded (1ms)
			ExecutionOrderSort2 (0ms)
			AwakeInstancesAfterBackupRestoration (20ms)
Platform modules already initialized, skipping
Refreshing native plugins compatible for Editor in 10.84 ms, found 4 plugins.
Preloading 0 native plugins for Editor in 0.00 ms.
Unloading 4302 Unused Serialized files (Serialized files now loaded: 0)
Unloading 77 unused Assets / (0.7 MB). Loaded Objects now: 5044.
Memory consumption went from 189.1 MB to 188.4 MB.
Total: 41.232600 ms (FindLiveObjects: 1.106400 ms CreateObjectMapping: 0.197200 ms MarkObjects: 38.678200 ms  DeleteObjects: 1.245800 ms)

AssetImportParameters requested are different than current active one (requested -> active):
  custom:video-decoder-ogg-theora: a1e56fd34408186e4bbccfd4996cb3dc -> 
  custom:container-muxer-webm: aa71ff27fc2769a1b78a27578f13a17b -> 
  custom:container-demuxer-webm: 4f35f7cbe854078d1ac9338744f61a02 -> 
  custom:video-encoder-webm-vp8: eb34c28f22e8b96e1ab97ce403110664 -> 
  custom:audio-encoder-webm-vorbis: bf7c407c2cedff20999df2af8eb42d56 -> 
  custom:framework-win-MediaFoundation: 216162199b28c13a410421893ffa2e32 -> 
  custom:container-demuxer-ogg: 62fdf1f143b41e24485cea50d1cbac27 -> 
  custom:video-decoder-webm-vp8: 9c59270c3fd7afecdb556c50c9e8de78 -> 
  custom:audio-decoder-ogg-vorbis: bf7c407c2cedff20999df2af8eb42d56 -> 
