Using pre-set license
Built from '2021.3/staging' branch; Version is '2021.3.21f1 (1b156197d683) revision 1774945'; Using compiler version '192829333'; Build Type 'Release'
OS: 'Windows 11  (10.0.22631) 64bit Professional' Language: 'en' Physical Memory: 15755 MB
BatchMode: 1, IsHumanControllingUs: 0, StartBugReporterOnCrash: 0, Is64bit: 1, IsPro: 1

COMMAND LINE ARGUMENTS:
C:\Program Files\Unity\Hub\Editor\2021.3.21f1\Editor\Unity.exe
-adb2
-batchMode
-noUpm
-name
AssetImportWorker1
-projectPath
C:/Users/Doga/Documents/corrupta
-logFile
Logs/AssetImportWorker1.log
-srvPort
53774
Successfully changed project path to: C:/Users/Doga/Documents/corrupta
C:/Users/Doga/Documents/corrupta
[UnityMemory] Configuration Parameters - Can be set up in boot.config
    "memorysetup-bucket-allocator-granularity=16"
    "memorysetup-bucket-allocator-bucket-count=8"
    "memorysetup-bucket-allocator-block-size=33554432"
    "memorysetup-bucket-allocator-block-count=8"
    "memorysetup-main-allocator-block-size=16777216"
    "memorysetup-thread-allocator-block-size=16777216"
    "memorysetup-gfx-main-allocator-block-size=16777216"
    "memorysetup-gfx-thread-allocator-block-size=16777216"
    "memorysetup-cache-allocator-block-size=4194304"
    "memorysetup-typetree-allocator-block-size=2097152"
    "memorysetup-profiler-bucket-allocator-granularity=16"
    "memorysetup-profiler-bucket-allocator-bucket-count=8"
    "memorysetup-profiler-bucket-allocator-block-size=33554432"
    "memorysetup-profiler-bucket-allocator-block-count=8"
    "memorysetup-profiler-allocator-block-size=16777216"
    "memorysetup-profiler-editor-allocator-block-size=1048576"
    "memorysetup-temp-allocator-size-main=16777216"
    "memorysetup-job-temp-allocator-block-size=2097152"
    "memorysetup-job-temp-allocator-block-size-background=1048576"
    "memorysetup-job-temp-allocator-reduction-small-platforms=262144"
    "memorysetup-temp-allocator-size-background-worker=32768"
    "memorysetup-temp-allocator-size-job-worker=262144"
    "memorysetup-temp-allocator-size-preload-manager=33554432"
    "memorysetup-temp-allocator-size-nav-mesh-worker=65536"
    "memorysetup-temp-allocator-size-audio-worker=65536"
    "memorysetup-temp-allocator-size-cloud-worker=32768"
    "memorysetup-temp-allocator-size-gi-baking-worker=262144"
    "memorysetup-temp-allocator-size-gfx=262144"
Player connection [2856] Host "[IP] 192.168.1.41 [Port] 0 [Flags] 2 [Guid] 2962972375 [EditorId] 2962972375 [Version] 1048832 [Id] WindowsEditor(7,DESKTOP-OC316PR) [Debug] 1 [PackageName] WindowsEditor [ProjectName] Editor" joined multi-casting on [225.0.0.222:54997]...

Player connection [2856] Host "[IP] 192.168.1.41 [Port] 0 [Flags] 2 [Guid] 2962972375 [EditorId] 2962972375 [Version] 1048832 [Id] WindowsEditor(7,DESKTOP-OC316PR) [Debug] 1 [PackageName] WindowsEditor [ProjectName] Editor" joined alternative multi-casting on [225.0.0.222:34997]...

Refreshing native plugins compatible for Editor in 104.18 ms, found 4 plugins.
Preloading 0 native plugins for Editor in 0.00 ms.
Initialize engine version: 2021.3.21f1 (1b156197d683)
[Subsystems] Discovering subsystems at path C:/Program Files/Unity/Hub/Editor/2021.3.21f1/Editor/Data/Resources/UnitySubsystems
[Subsystems] Discovering subsystems at path C:/Users/Doga/Documents/corrupta/Assets
GfxDevice: creating device client; threaded=0; jobified=0
Direct3D:
    Version:  Direct3D 11.0 [level 11.1]
    Renderer: AMD Radeon(TM) Graphics (ID=0x164c)
    Vendor:   ATI
    VRAM:     7877 MB
    Driver:   31.0.21023.2010
Initialize mono
Mono path[0] = 'C:/Program Files/Unity/Hub/Editor/2021.3.21f1/Editor/Data/Managed'
Mono path[1] = 'C:/Program Files/Unity/Hub/Editor/2021.3.21f1/Editor/Data/MonoBleedingEdge/lib/mono/unityjit-win32'
Mono config path = 'C:/Program Files/Unity/Hub/Editor/2021.3.21f1/Editor/Data/MonoBleedingEdge/etc'
Using monoOptions --debugger-agent=transport=dt_socket,embedding=1,server=y,suspend=n,address=127.0.0.1:56476
Begin MonoManager ReloadAssembly
Registering precompiled unity dll's ...
Register platform support module: C:/Program Files/Unity/Hub/Editor/2021.3.21f1/Editor/Data/PlaybackEngines/AndroidPlayer/UnityEditor.Android.Extensions.dll
Register platform support module: C:/Program Files/Unity/Hub/Editor/2021.3.21f1/Editor/Data/PlaybackEngines/WindowsStandaloneSupport/UnityEditor.WindowsStandalone.Extensions.dll
Register platform support module: C:/Program Files/Unity/Hub/Editor/2021.3.21f1/Editor/Data/PlaybackEngines/MetroSupport/UnityEditor.UWP.Extensions.dll
Registered in 0.004671 seconds.
Native extension for UWP target not found
Native extension for WindowsStandalone target not found
Native extension for Android target not found
Android SDK Build-tools component is not found. Make sure all tools are installed in the SDK manager. Latest supported build-tools version is 30.0.3
UnityEngine.StackTraceUtility:ExtractStackTrace ()
UnityEngine.DebugLogHandler:LogFormat (UnityEngine.LogType,UnityEngine.Object,string,object[])
UnityEngine.Logger:Log (UnityEngine.LogType,object)
UnityEngine.Debug:LogError (object)
UnityEditor.Android.AndroidSDKTools:UpdateToolsDirectories ()
UnityEditor.Android.AndroidSDKTools:.ctor (string)
UnityEditor.Android.AndroidSDKTools:CreateAndroidSDKTools (string)
UnityEditor.Android.AndroidSDKTools:GetInstance<UnityEditor.Android.AndroidSDKTools> (UnityEditor.Android.AndroidSDKTools/InstanceCreator)
UnityEditor.Android.AndroidSDKTools:GetInstance ()
UnityEditor.Android.AndroidDeploymentTargetsExtension:GetMainThreadContext (bool)
UnityEditor.Android.TargetExtension:OnUsbDevicesChanged (UnityEditor.Hardware.UsbDevice[])
UnityEditor.Android.TargetExtension:OnLoad ()
UnityEditor.Modules.ModuleManager:InitializePlatformSupportModules ()

Android Extension - Scanning For ADB Devices 277 ms
Refreshing native plugins compatible for Editor in 131.66 ms, found 4 plugins.
Preloading 0 native plugins for Editor in 0.00 ms.
Mono: successfully reloaded assembly
- Completed reload, in  0.985 seconds
Domain Reload Profiling:
	ReloadAssembly (985ms)
		BeginReloadAssembly (79ms)
			ExecutionOrderSort (0ms)
			DisableScriptedObjects (0ms)
			BackupInstance (0ms)
			ReleaseScriptingObjects (0ms)
			CreateAndSetChildDomain (1ms)
		EndReloadAssembly (810ms)
			LoadAssemblies (78ms)
			RebuildTransferFunctionScriptingTraits (0ms)
			SetupTypeCache (112ms)
			ReleaseScriptCaches (0ms)
			RebuildScriptCaches (31ms)
			SetupLoadedEditorAssemblies (615ms)
				LogAssemblyErrors (0ms)
				InitializePlatformSupportModulesInManaged (349ms)
				SetLoadedEditorAssemblies (0ms)
				RefreshPlugins (132ms)
				BeforeProcessingInitializeOnLoad (1ms)
				ProcessInitializeOnLoadAttributes (89ms)
				ProcessInitializeOnLoadMethodAttributes (43ms)
				AfterProcessingInitializeOnLoad (0ms)
				EditorAssembliesLoaded (0ms)
			ExecutionOrderSort2 (0ms)
			AwakeInstancesAfterBackupRestoration (0ms)
Platform modules already initialized, skipping
Registering precompiled user dll's ...
Registered in 0.009828 seconds.
Begin MonoManager ReloadAssembly
Native extension for UWP target not found
Native extension for WindowsStandalone target not found
Native extension for Android target not found
Refreshing native plugins compatible for Editor in 79.73 ms, found 4 plugins.
Preloading 0 native plugins for Editor in 0.00 ms.
Mono: successfully reloaded assembly
- Completed reload, in  2.616 seconds
Domain Reload Profiling:
	ReloadAssembly (2617ms)
		BeginReloadAssembly (134ms)
			ExecutionOrderSort (0ms)
			DisableScriptedObjects (6ms)
			BackupInstance (0ms)
			ReleaseScriptingObjects (0ms)
			CreateAndSetChildDomain (28ms)
		EndReloadAssembly (2374ms)
			LoadAssemblies (144ms)
			RebuildTransferFunctionScriptingTraits (0ms)
			SetupTypeCache (266ms)
			ReleaseScriptCaches (1ms)
			RebuildScriptCaches (73ms)
			SetupLoadedEditorAssemblies (1848ms)
				LogAssemblyErrors (0ms)
				InitializePlatformSupportModulesInManaged (18ms)
				SetLoadedEditorAssemblies (0ms)
				RefreshPlugins (80ms)
				BeforeProcessingInitializeOnLoad (107ms)
				ProcessInitializeOnLoadAttributes (1237ms)
				ProcessInitializeOnLoadMethodAttributes (399ms)
				AfterProcessingInitializeOnLoad (7ms)
				EditorAssembliesLoaded (0ms)
			ExecutionOrderSort2 (0ms)
			AwakeInstancesAfterBackupRestoration (7ms)
Platform modules already initialized, skipping
========================================================================
Worker process is ready to serve import requests
Launched and connected shader compiler UnityShaderCompiler.exe after 0.06 seconds
Refreshing native plugins compatible for Editor in 1.61 ms, found 4 plugins.
Preloading 0 native plugins for Editor in 0.00 ms.
Unloading 4462 Unused Serialized files (Serialized files now loaded: 0)
Unloading 88 unused Assets / (0.7 MB). Loaded Objects now: 4942.
Memory consumption went from 193.2 MB to 192.4 MB.
Total: 45.032800 ms (FindLiveObjects: 0.654900 ms CreateObjectMapping: 0.255600 ms MarkObjects: 43.379500 ms  DeleteObjects: 0.740500 ms)

AssetImportParameters requested are different than current active one (requested -> active):
  custom:video-decoder-ogg-theora: a1e56fd34408186e4bbccfd4996cb3dc -> 
  custom:container-muxer-webm: aa71ff27fc2769a1b78a27578f13a17b -> 
  custom:container-demuxer-webm: 4f35f7cbe854078d1ac9338744f61a02 -> 
  custom:video-encoder-webm-vp8: eb34c28f22e8b96e1ab97ce403110664 -> 
  custom:audio-encoder-webm-vorbis: bf7c407c2cedff20999df2af8eb42d56 -> 
  custom:framework-win-MediaFoundation: 216162199b28c13a410421893ffa2e32 -> 
  custom:container-demuxer-ogg: 62fdf1f143b41e24485cea50d1cbac27 -> 
  custom:video-decoder-webm-vp8: 9c59270c3fd7afecdb556c50c9e8de78 -> 
  custom:audio-decoder-ogg-vorbis: bf7c407c2cedff20999df2af8eb42d56 -> 
========================================================================
Received Import Request.
  Time since last request: 2662868.468119 seconds.
  path: Assets/TextMesh Pro/Examples & Extras/Resources/Fonts & Materials/Anton SDF - Drop Shadow.mat
  artifactKey: Guid(749b9069dc4742c5bfa5c74644049926) Importer(815301076,1909f56bfc062723c751e8b465ee728b)
Start importing Assets/TextMesh Pro/Examples & Extras/Resources/Fonts & Materials/Anton SDF - Drop Shadow.mat using Guid(749b9069dc4742c5bfa5c74644049926) Importer(815301076,1909f56bfc062723c751e8b465ee728b)  -> (artifact id: 'aedabbdd0e978db2cde57d7b1ba089a0') in 0.349524 seconds 
========================================================================
Received Import Request.
  Time since last request: 0.000054 seconds.
  path: Assets/Font/Albertsthal Typewriter.ttf
  artifactKey: Guid(ec9a2eb5949114a4dba84545864147ee) Importer(815301076,1909f56bfc062723c751e8b465ee728b)
Start importing Assets/Font/Albertsthal Typewriter.ttf using Guid(ec9a2eb5949114a4dba84545864147ee) Importer(815301076,1909f56bfc062723c751e8b465ee728b)  -> (artifact id: '7847ccc489652cb6dced9dccad096fa6') in 0.050769 seconds 
========================================================================
Received Import Request.
  Time since last request: 0.000068 seconds.
  path: Assets/Plugins/Easy performant outline/Demo/Models for Demo scene/Free 2D Demo Character sprite sheet/Sprite sheet/_0040_Sit-down01-hero01_001.png.png
  artifactKey: Guid(f7f61cdf286167d4881a9a11aeb11959) Importer(815301076,1909f56bfc062723c751e8b465ee728b)
Start importing Assets/Plugins/Easy performant outline/Demo/Models for Demo scene/Free 2D Demo Character sprite sheet/Sprite sheet/_0040_Sit-down01-hero01_001.png.png using Guid(f7f61cdf286167d4881a9a11aeb11959) Importer(815301076,1909f56bfc062723c751e8b465ee728b)  -> (artifact id: '5361afc407c3e0e8da142446a78c7310') in 0.053009 seconds 
========================================================================
Received Import Request.
  Time since last request: 0.000043 seconds.
  path: Assets/Plugins/Easy performant outline/Demo/Models for Demo scene/Free 2D Demo Character sprite sheet/Sprite sheet/_0045_Sit-down01-hero01_006.png.png
  artifactKey: Guid(df8ceb8cee776b240906fa15aaee5806) Importer(815301076,1909f56bfc062723c751e8b465ee728b)
Start importing Assets/Plugins/Easy performant outline/Demo/Models for Demo scene/Free 2D Demo Character sprite sheet/Sprite sheet/_0045_Sit-down01-hero01_006.png.png using Guid(df8ceb8cee776b240906fa15aaee5806) Importer(815301076,1909f56bfc062723c751e8b465ee728b)  -> (artifact id: 'e1c1e579cdc6daf0534e3fafb739aa5f') in 0.044705 seconds 
========================================================================
Received Import Request.
  Time since last request: 0.000037 seconds.
  path: Assets/Plugins/Easy performant outline/Demo/Models for Demo scene/Cartoon Buildings/Materals/Material_alpha.mat
  artifactKey: Guid(91ea5e78feead6144a0f9afea7123268) Importer(815301076,1909f56bfc062723c751e8b465ee728b)
Start importing Assets/Plugins/Easy performant outline/Demo/Models for Demo scene/Cartoon Buildings/Materals/Material_alpha.mat using Guid(91ea5e78feead6144a0f9afea7123268) Importer(815301076,1909f56bfc062723c751e8b465ee728b)  -> (artifact id: '01d08dd648534c4a3b033d036359c8f1') in 0.091755 seconds 
========================================================================
Received Import Request.
  Time since last request: 0.000045 seconds.
  path: Assets/Plugins/Easy performant outline/Demo/Models for Demo scene/Free 2D Demo Character sprite sheet/Sprite sheet/_0050_Sit-down01-hero01_011.png.png
  artifactKey: Guid(2039624fa77f67147adb63586bf78d7d) Importer(815301076,1909f56bfc062723c751e8b465ee728b)
Start importing Assets/Plugins/Easy performant outline/Demo/Models for Demo scene/Free 2D Demo Character sprite sheet/Sprite sheet/_0050_Sit-down01-hero01_011.png.png using Guid(2039624fa77f67147adb63586bf78d7d) Importer(815301076,1909f56bfc062723c751e8b465ee728b)  -> (artifact id: '17aa89eaa07b1972255046f3c88c67bc') in 0.039686 seconds 
========================================================================
Received Import Request.
  Time since last request: 0.000119 seconds.
  path: Assets/Plugins/Easy performant outline/Demo/Models for Demo scene/Free 2D Demo Character sprite sheet/Sprite sheet/_0080_Walk-hero01_005.png.png
  artifactKey: Guid(aae21f2829497a544a1abf7a5d1d3611) Importer(815301076,1909f56bfc062723c751e8b465ee728b)
Start importing Assets/Plugins/Easy performant outline/Demo/Models for Demo scene/Free 2D Demo Character sprite sheet/Sprite sheet/_0080_Walk-hero01_005.png.png using Guid(aae21f2829497a544a1abf7a5d1d3611) Importer(815301076,1909f56bfc062723c751e8b465ee728b)  -> (artifact id: '1ca6b2f2c84825fd8b5a66829cc9dffe') in 0.038154 seconds 
========================================================================
Received Import Request.
  Time since last request: 0.000084 seconds.
  path: Assets/TextMesh Pro/Examples & Extras/Materials/Crate - Surface Shader Scene.mat
  artifactKey: Guid(e6b9b44320f4448d9d5e0ee634259966) Importer(815301076,1909f56bfc062723c751e8b465ee728b)
Start importing Assets/TextMesh Pro/Examples & Extras/Materials/Crate - Surface Shader Scene.mat using Guid(e6b9b44320f4448d9d5e0ee634259966) Importer(815301076,1909f56bfc062723c751e8b465ee728b)  -> (artifact id: 'cda74662ce7fcd00f0a1f00ad20b1304') in 0.096189 seconds 
========================================================================
Received Import Request.
  Time since last request: 0.000042 seconds.
  path: Assets/Plugins/Easy performant outline/Demo/Models for Demo scene/Free 2D Demo Character sprite sheet/Sprite sheet/_0037_Sit-down00-hero01_001.png.png
  artifactKey: Guid(0db3c1c1b6548b348bc41528f221dc2d) Importer(815301076,1909f56bfc062723c751e8b465ee728b)
Start importing Assets/Plugins/Easy performant outline/Demo/Models for Demo scene/Free 2D Demo Character sprite sheet/Sprite sheet/_0037_Sit-down00-hero01_001.png.png using Guid(0db3c1c1b6548b348bc41528f221dc2d) Importer(815301076,1909f56bfc062723c751e8b465ee728b)  -> (artifact id: '3cfdc0e701b1d450edbb977fd02ffa2c') in 0.038867 seconds 
========================================================================
Received Import Request.
  Time since last request: 0.000043 seconds.
  path: Assets/Plugins/Easy performant outline/Demo/Models for Demo scene/Free 2D Demo Character sprite sheet/Sprite sheet/_0078_Walk-hero01_003.png.png
  artifactKey: Guid(a633d9117f0da0a46afd495caa56480b) Importer(815301076,1909f56bfc062723c751e8b465ee728b)
Start importing Assets/Plugins/Easy performant outline/Demo/Models for Demo scene/Free 2D Demo Character sprite sheet/Sprite sheet/_0078_Walk-hero01_003.png.png using Guid(a633d9117f0da0a46afd495caa56480b) Importer(815301076,1909f56bfc062723c751e8b465ee728b)  -> (artifact id: 'f9848ffa69d3539d2044d1834d248e6f') in 0.042718 seconds 
========================================================================
Received Import Request.
  Time since last request: 0.000042 seconds.
  path: Assets/TextMesh Pro/Examples & Extras/Resources/Fonts & Materials/Bangers SDF Glow.mat
  artifactKey: Guid(d75b8f41e959450c84ac6e967084d3e1) Importer(815301076,1909f56bfc062723c751e8b465ee728b)
Start importing Assets/TextMesh Pro/Examples & Extras/Resources/Fonts & Materials/Bangers SDF Glow.mat using Guid(d75b8f41e959450c84ac6e967084d3e1) Importer(815301076,1909f56bfc062723c751e8b465ee728b)  -> (artifact id: '50a82b46a9545ee5149db971615905ce') in 0.126257 seconds 
========================================================================
Received Import Request.
  Time since last request: 0.000052 seconds.
  path: Assets/Plugins/Demigiant/DOTween/Editor/Imgs/DOTweenIcon.png
  artifactKey: Guid(8da095e39e9b4df488dfd436f81116d6) Importer(815301076,1909f56bfc062723c751e8b465ee728b)
Start importing Assets/Plugins/Demigiant/DOTween/Editor/Imgs/DOTweenIcon.png using Guid(8da095e39e9b4df488dfd436f81116d6) Importer(815301076,1909f56bfc062723c751e8b465ee728b)  -> (artifact id: '50591dff582d0e329d37275e7712427c') in 0.031314 seconds 
========================================================================
Received Import Request.
  Time since last request: 0.000030 seconds.
  path: Assets/Plugins/Easy performant outline/Demo/Models for Demo scene/Free 2D Demo Character sprite sheet/Sprite sheet/_0038_Sit-down00-hero01_002.png.png
  artifactKey: Guid(69168719f7f63bb42882710b843c2bed) Importer(815301076,1909f56bfc062723c751e8b465ee728b)
Start importing Assets/Plugins/Easy performant outline/Demo/Models for Demo scene/Free 2D Demo Character sprite sheet/Sprite sheet/_0038_Sit-down00-hero01_002.png.png using Guid(69168719f7f63bb42882710b843c2bed) Importer(815301076,1909f56bfc062723c751e8b465ee728b)  -> (artifact id: '1372e690a09d09ca45da0d77fd00fa53') in 0.043460 seconds 
========================================================================
Received Import Request.
  Time since last request: 0.000039 seconds.
  path: Assets/Plugins/Easy performant outline/Demo/Models for Demo scene/Free 2D Demo Character sprite sheet/Sprite sheet/_0046_Sit-down01-hero01_007.png.png
  artifactKey: Guid(980767095bc4d5247bb32788f6df59a4) Importer(815301076,1909f56bfc062723c751e8b465ee728b)
Start importing Assets/Plugins/Easy performant outline/Demo/Models for Demo scene/Free 2D Demo Character sprite sheet/Sprite sheet/_0046_Sit-down01-hero01_007.png.png using Guid(980767095bc4d5247bb32788f6df59a4) Importer(815301076,1909f56bfc062723c751e8b465ee728b)  -> (artifact id: '59e9450be5396f10fde19774a52b00a2') in 0.043379 seconds 
========================================================================
Received Import Request.
  Time since last request: 0.000047 seconds.
  path: Assets/Plugins/Easy performant outline/Demo/Models for Demo scene/Free 2D Demo Character sprite sheet/Sprite sheet/_0048_Sit-down01-hero01_009.png.png
  artifactKey: Guid(9d402b03d9c400040b0c0f3a1b65bc30) Importer(815301076,1909f56bfc062723c751e8b465ee728b)
Start importing Assets/Plugins/Easy performant outline/Demo/Models for Demo scene/Free 2D Demo Character sprite sheet/Sprite sheet/_0048_Sit-down01-hero01_009.png.png using Guid(9d402b03d9c400040b0c0f3a1b65bc30) Importer(815301076,1909f56bfc062723c751e8b465ee728b)  -> (artifact id: 'e8db6466b19cd492efc1c662bb71754c') in 0.041034 seconds 
Editor requested this worker to shutdown with reason: Scaling down because of idle timeout
AssetImportWorker is now disconnected from the server
Process exiting
Exiting without the bug reporter. Application will terminate with return code 0